TN:
SF:src/components/ui/alert.tsx
FN:24,(anonymous_0)
FN:37,(anonymous_1)
FN:49,(anonymous_2)
FNF:3
FNH:3
FNDA:27,(anonymous_0)
FNDA:7,(anonymous_1)
FNDA:27,(anonymous_2)
DA:5,5
DA:21,5
DA:25,27
DA:32,5
DA:34,5
DA:38,7
DA:44,5
DA:46,5
DA:50,27
DA:56,5
LF:10
LH:10
BRF:0
BRH:0
end_of_record
TN:
SF:src/components/ui/badge.tsx
FN:40,Badge
FNF:1
FNH:1
FNDA:32,Badge
DA:7,13
DA:47,32
DA:49,32
LF:3
LH:3
BRDA:43,0,0,32
BRDA:47,1,0,0
BRDA:47,1,1,32
BRF:3
BRH:2
end_of_record
TN:
SF:src/components/ui/button.tsx
FN:39,Button
FNF:1
FNH:1
FNDA:1442,Button
DA:7,28
DA:49,1442
DA:51,1442
LF:3
LH:3
BRDA:41,0,0,1442
BRDA:42,1,0,1442
BRDA:43,2,0,1442
BRDA:49,3,0,82
BRDA:49,3,1,1360
BRF:5
BRH:5
end_of_record
TN:
SF:src/components/ui/calendar.tsx
FN:18,Calendar
FN:44,(anonymous_1)
FN:140,(anonymous_2)
FN:150,(anonymous_3)
FN:176,(anonymous_4)
FN:192,CalendarDayButton
FN:201,(anonymous_6)
FNF:7
FNH:0
FNDA:0,Calendar
FNDA:0,(anonymous_1)
FNDA:0,(anonymous_2)
FNDA:0,(anonymous_3)
FNDA:0,(anonymous_4)
FNDA:0,CalendarDayButton
FNDA:0,(anonymous_6)
DA:30,0
DA:32,0
DA:45,0
DA:141,0
DA:151,0
DA:152,0
DA:161,0
DA:162,0
DA:171,0
DA:177,0
DA:198,0
DA:200,0
DA:201,0
DA:202,0
DA:205,0
LF:15
LH:0
BRDA:21,0,0,0
BRDA:22,1,0,0
BRDA:23,2,0,0
BRDA:89,3,0,0
BRDA:89,3,1,0
BRDA:112,4,0,0
BRDA:112,4,1,0
BRDA:151,5,0,0
BRDA:151,5,1,0
BRDA:161,6,0,0
BRDA:161,6,1,0
BRDA:202,7,0,0
BRDA:202,7,1,0
BRDA:213,8,0,0
BRDA:213,8,1,0
BRDA:213,8,2,0
BRDA:213,8,3,0
BRF:17
BRH:0
end_of_record
TN:
SF:src/components/ui/card.tsx
FN:5,Card
FN:18,CardHeader
FN:31,CardTitle
FN:41,CardDescription
FN:51,CardAction
FN:64,CardContent
FN:74,CardFooter
FNF:7
FNH:4
FNDA:305,Card
FNDA:201,CardHeader
FNDA:201,CardTitle
FNDA:0,CardDescription
FNDA:0,CardAction
FNDA:305,CardContent
FNDA:0,CardFooter
DA:6,305
DA:19,201
DA:32,201
DA:42,0
DA:52,0
DA:65,305
DA:75,0
LF:7
LH:4
BRF:0
BRH:0
end_of_record
TN:
SF:src/components/ui/checkbox.tsx
FN:12,(anonymous_0)
FNF:1
FNH:1
FNDA:248,(anonymous_0)
DA:9,10
DA:13,248
DA:28,10
LF:3
LH:3
BRF:0
BRH:0
end_of_record
TN:
SF:src/components/ui/dialog.tsx
FN:9,Dialog
FN:15,DialogTrigger
FN:21,DialogPortal
FN:27,DialogClose
FN:33,DialogOverlay
FN:50,DialogContent
FN:85,DialogHeader
FN:95,DialogFooter
FN:108,DialogTitle
FN:121,DialogDescription
FNF:10
FNH:8
FNDA:141,Dialog
FNDA:0,DialogTrigger
FNDA:141,DialogPortal
FNDA:0,DialogClose
FNDA:106,DialogOverlay
FNDA:141,DialogContent
FNDA:63,DialogHeader
FNDA:53,DialogFooter
FNDA:63,DialogTitle
FNDA:53,DialogDescription
DA:12,141
DA:18,0
DA:24,141
DA:30,0
DA:37,106
DA:58,141
DA:86,63
DA:96,53
DA:112,63
DA:125,53
LF:10
LH:8
BRDA:53,0,0,141
BRDA:70,1,0,141
BRDA:70,1,1,141
BRF:3
BRH:3
end_of_record
TN:
SF:src/components/ui/dropdown-menu.tsx
FN:7,DropdownMenu
FN:13,DropdownMenuPortal
FN:21,DropdownMenuTrigger
FN:32,DropdownMenuContent
FN:53,DropdownMenuGroup
FN:61,DropdownMenuItem
FN:84,DropdownMenuCheckboxItem
FN:110,DropdownMenuRadioGroup
FN:121,DropdownMenuRadioItem
FN:145,DropdownMenuLabel
FN:165,DropdownMenuSeparator
FN:178,DropdownMenuShortcut
FN:194,DropdownMenuSub
FN:200,DropdownMenuSubTrigger
FN:224,DropdownMenuSubContent
FNF:15
FNH:6
FNDA:61,DropdownMenu
FNDA:0,DropdownMenuPortal
FNDA:61,DropdownMenuTrigger
FNDA:61,DropdownMenuContent
FNDA:0,DropdownMenuGroup
FNDA:16,DropdownMenuItem
FNDA:0,DropdownMenuCheckboxItem
FNDA:0,DropdownMenuRadioGroup
FNDA:0,DropdownMenuRadioItem
FNDA:6,DropdownMenuLabel
FNDA:16,DropdownMenuSeparator
FNDA:0,DropdownMenuShortcut
FNDA:0,DropdownMenuSub
FNDA:0,DropdownMenuSubTrigger
FNDA:0,DropdownMenuSubContent
DA:10,61
DA:16,0
DA:24,61
DA:37,61
DA:56,0
DA:70,16
DA:90,0
DA:113,0
DA:126,0
DA:152,6
DA:169,16
DA:182,0
DA:197,0
DA:208,0
DA:228,0
LF:15
LH:6
BRDA:34,0,0,61
BRDA:64,1,0,16
BRF:2
BRH:2
end_of_record
TN:
SF:src/components/ui/form.tsx
FN:30,(anonymous_0)
FN:43,(anonymous_1)
FN:74,FormItem
FN:88,FormLabel
FN:105,FormControl
FN:123,FormDescription
FN:136,FormMessage
FNF:7
FNH:7
FNDA:751,(anonymous_0)
FNDA:2855,(anonymous_1)
FNDA:886,FormItem
FNDA:939,FormLabel
FNDA:1012,FormControl
FNDA:56,FormDescription
FNDA:848,FormMessage
DA:17,5
DA:26,5
DA:30,5
DA:36,751
DA:43,5
DA:44,2855
DA:45,2855
DA:46,2855
DA:47,2855
DA:48,2855
DA:50,2855
DA:51,0
DA:54,2855
DA:56,2855
DA:70,5
DA:75,886
DA:77,886
DA:92,939
DA:94,939
DA:106,1012
DA:108,1012
DA:124,56
DA:126,56
DA:137,848
DA:138,848
DA:140,848
DA:141,835
DA:144,13
LF:28
LH:27
BRDA:50,0,0,0
BRDA:50,0,1,2855
BRDA:113,1,0,999
BRDA:113,1,1,13
BRDA:138,2,0,13
BRDA:138,2,1,835
BRDA:138,3,0,13
BRDA:138,3,1,0
BRDA:140,4,0,835
BRDA:140,4,1,13
BRF:10
BRH:8
end_of_record
TN:
SF:src/components/ui/input.tsx
FN:5,Input
FNF:1
FNH:1
FNDA:1096,Input
DA:6,1096
LF:1
LH:1
BRF:0
BRH:0
end_of_record
TN:
SF:src/components/ui/label.tsx
FN:6,Label
FNF:1
FNH:1
FNDA:1740,Label
DA:10,1740
LF:1
LH:1
BRF:0
BRH:0
end_of_record
TN:
SF:src/components/ui/popover.tsx
FN:6,Popover
FN:12,PopoverTrigger
FN:18,PopoverContent
FN:41,PopoverAnchor
FNF:4
FNH:3
FNDA:175,Popover
FNDA:173,PopoverTrigger
FNDA:173,PopoverContent
FNDA:0,PopoverAnchor
DA:9,175
DA:15,173
DA:24,173
DA:44,0
LF:4
LH:3
BRDA:20,0,0,173
BRDA:21,1,0,173
BRF:2
BRH:2
end_of_record
TN:
SF:src/components/ui/scroll-area.tsx
FN:11,(anonymous_0)
FN:29,(anonymous_1)
FNF:2
FNH:2
FNDA:14,(anonymous_0)
FNDA:14,(anonymous_1)
DA:8,2
DA:12,14
DA:24,2
DA:26,2
DA:30,14
DA:46,2
LF:6
LH:6
BRDA:29,0,0,14
BRDA:35,1,0,14
BRDA:35,1,1,14
BRDA:37,2,0,14
BRDA:37,2,1,0
BRF:5
BRH:4
end_of_record
TN:
SF:src/components/ui/select.tsx
FN:9,Select
FN:15,SelectGroup
FN:21,SelectValue
FN:27,SelectTrigger
FN:53,SelectContent
FN:90,SelectLabel
FN:103,SelectItem
FN:130,SelectSeparator
FN:143,SelectScrollUpButton
FN:161,SelectScrollDownButton
FNF:10
FNH:7
FNDA:269,Select
FNDA:0,SelectGroup
FNDA:269,SelectValue
FNDA:294,SelectTrigger
FNDA:269,SelectContent
FNDA:0,SelectLabel
FNDA:1002,SelectItem
FNDA:0,SelectSeparator
FNDA:206,SelectScrollUpButton
FNDA:206,SelectScrollDownButton
DA:12,269
DA:18,0
DA:24,269
DA:35,294
DA:60,269
DA:94,0
DA:108,1002
DA:134,0
DA:147,206
DA:165,206
LF:10
LH:7
BRDA:29,0,0,294
BRDA:56,1,0,269
BRDA:57,2,0,269
BRDA:66,3,0,269
BRDA:66,3,1,0
BRDA:78,4,0,269
BRDA:78,4,1,0
BRF:7
BRH:5
end_of_record
TN:
SF:src/components/ui/separator.tsx
FN:8,Separator
FNF:1
FNH:1
FNDA:170,Separator
DA:14,170
LF:1
LH:1
BRDA:10,0,0,170
BRDA:11,1,0,170
BRF:2
BRH:2
end_of_record
TN:
SF:src/components/ui/skeleton.tsx
FN:3,Skeleton
FNF:1
FNH:1
FNDA:54,Skeleton
DA:4,54
LF:1
LH:1
BRF:0
BRH:0
end_of_record
TN:
SF:src/components/ui/switch.tsx
FN:11,(anonymous_0)
FNF:1
FNH:1
FNDA:14,(anonymous_0)
DA:8,2
DA:12,14
DA:27,2
LF:3
LH:3
BRF:0
BRH:0
end_of_record
TN:
SF:src/components/ui/table.tsx
FN:5,Table
FN:20,TableHeader
FN:30,TableBody
FN:40,TableFooter
FN:53,TableRow
FN:66,TableHead
FN:79,TableCell
FN:92,TableCaption
FNF:8
FNH:6
FNDA:30,Table
FNDA:30,TableHeader
FNDA:30,TableBody
FNDA:0,TableFooter
FNDA:96,TableRow
FNDA:192,TableHead
FNDA:391,TableCell
FNDA:0,TableCaption
DA:6,30
DA:21,30
DA:31,30
DA:41,0
DA:54,96
DA:67,192
DA:80,391
DA:96,0
LF:8
LH:6
BRF:0
BRH:0
end_of_record
TN:
SF:src/components/ui/tabs.tsx
FN:6,Tabs
FN:19,TabsList
FN:35,TabsTrigger
FN:55,TabsContent
FNF:4
FNH:3
FNDA:24,Tabs
FNDA:24,TabsList
FNDA:48,TabsTrigger
FNDA:0,TabsContent
DA:10,24
DA:23,24
DA:39,48
DA:59,0
LF:4
LH:3
BRF:0
BRH:0
end_of_record
TN:
SF:src/components/ui/textarea.tsx
FN:8,(anonymous_0)
FNF:1
FNH:1
FNDA:182,(anonymous_0)
DA:5,5
DA:9,182
DA:20,5
LF:3
LH:3
BRF:0
BRH:0
end_of_record
TN:
SF:src/core/api/client.ts
FN:17,(anonymous_0)
FN:24,(anonymous_1)
FN:31,(anonymous_2)
FN:32,(anonymous_3)
FN:62,(anonymous_4)
FNF:5
FNH:4
FNDA:139,(anonymous_0)
FNDA:0,(anonymous_1)
FNDA:3,(anonymous_2)
FNDA:60,(anonymous_3)
FNDA:7,(anonymous_4)
DA:7,17
DA:16,17
DA:18,139
DA:19,139
DA:20,2
DA:22,139
DA:25,0
DA:30,17
DA:31,3
DA:34,60
DA:35,3
DA:37,3
DA:39,1
DA:43,3
DA:45,1
DA:48,3
DA:50,1
DA:52,57
DA:54,56
DA:57,60
DA:62,17
DA:63,7
DA:64,3
DA:65,3
DA:66,1
DA:68,2
DA:69,2
DA:72,4
DA:73,1
DA:75,3
LF:30
LH:29
BRDA:19,0,0,2
BRDA:19,0,1,137
BRDA:19,1,0,139
BRDA:19,1,1,2
BRDA:34,2,0,3
BRDA:34,2,1,57
BRDA:37,3,0,1
BRDA:37,3,1,2
BRDA:43,4,0,1
BRDA:43,4,1,2
BRDA:48,5,0,1
BRDA:48,5,1,2
BRDA:52,6,0,56
BRDA:52,6,1,1
BRDA:63,7,0,3
BRDA:63,7,1,4
BRDA:65,8,0,1
BRDA:65,8,1,2
BRDA:68,9,0,2
BRDA:68,9,1,0
BRDA:72,10,0,1
BRDA:72,10,1,3
BRF:22
BRH:21
end_of_record
TN:
SF:src/features/ai/api/aiApi.ts
FN:34,(anonymous_0)
FN:43,(anonymous_1)
FN:64,(anonymous_2)
FN:77,(anonymous_3)
FN:90,(anonymous_4)
FN:103,(anonymous_5)
FN:116,(anonymous_6)
FN:124,(anonymous_7)
FN:138,(anonymous_8)
FN:148,(anonymous_9)
FN:153,(anonymous_10)
FN:166,(anonymous_11)
FN:176,(anonymous_12)
FNF:13
FNH:12
FNDA:1,(anonymous_0)
FNDA:0,(anonymous_1)
FNDA:1,(anonymous_2)
FNDA:1,(anonymous_3)
FNDA:1,(anonymous_4)
FNDA:1,(anonymous_5)
FNDA:1,(anonymous_6)
FNDA:2,(anonymous_7)
FNDA:1,(anonymous_8)
FNDA:1,(anonymous_9)
FNDA:1,(anonymous_10)
FNDA:1,(anonymous_11)
FNDA:1,(anonymous_12)
DA:34,2
DA:35,1
DA:36,1
DA:43,2
DA:44,0
DA:45,0
DA:46,0
DA:47,0
DA:50,0
DA:51,0
DA:52,0
DA:53,0
DA:58,0
DA:64,2
DA:67,1
DA:71,1
DA:77,2
DA:80,1
DA:84,1
DA:90,2
DA:93,1
DA:97,1
DA:103,2
DA:106,1
DA:110,1
DA:116,2
DA:117,1
DA:118,1
DA:124,2
DA:131,2
DA:132,2
DA:138,2
DA:142,1
DA:148,2
DA:149,1
DA:150,1
DA:153,2
DA:159,1
DA:163,1
DA:166,2
DA:169,1
DA:173,1
DA:176,2
DA:177,1
DA:183,2
LF:45
LH:36
BRDA:46,0,0,0
BRDA:46,0,1,0
BRDA:52,1,0,0
BRDA:52,1,1,0
BRF:4
BRH:0
end_of_record
TN:
SF:src/features/ai/components/AICommunicationDrafts.tsx
FN:30,AICommunicationDrafts
FN:46,(anonymous_1)
FN:85,(anonymous_2)
FN:112,(anonymous_3)
FN:162,(anonymous_4)
FN:170,(anonymous_5)
FN:180,(anonymous_6)
FN:189,(anonymous_7)
FNF:8
FNH:6
FNDA:12,AICommunicationDrafts
FNDA:0,(anonymous_1)
FNDA:9,(anonymous_2)
FNDA:9,(anonymous_3)
FNDA:1,(anonymous_4)
FNDA:1,(anonymous_5)
FNDA:1,(anonymous_6)
FNDA:0,(anonymous_7)
DA:41,12
DA:42,1
DA:45,11
DA:46,1
DA:50,10
DA:53,12
DA:54,1
DA:85,9
DA:86,9
DA:89,9
DA:113,9
DA:162,1
DA:170,1
DA:180,1
DA:189,0
LF:15
LH:14
BRDA:32,0,0,12
BRDA:33,1,0,12
BRDA:34,2,0,12
BRDA:41,3,0,1
BRDA:41,3,1,11
BRDA:45,4,0,1
BRDA:45,4,1,10
BRDA:50,5,0,0
BRDA:50,5,1,10
BRDA:50,6,0,9
BRDA:50,6,1,1
BRDA:53,7,0,1
BRDA:53,7,1,11
BRDA:138,8,0,9
BRDA:138,8,1,9
BRDA:147,9,0,9
BRDA:147,9,1,1
BRF:17
BRH:16
end_of_record
TN:
SF:src/features/ai/components/AIErrorState.tsx
FN:10,AIErrorState
FNF:1
FNH:1
FNDA:9,AIErrorState
DA:16,9
DA:18,9
LF:2
LH:2
BRDA:13,0,0,9
BRDA:16,1,0,7
BRDA:16,1,1,2
BRDA:31,2,0,9
BRDA:31,2,1,9
BRDA:41,3,0,9
BRDA:41,3,1,2
BRDA:41,3,2,2
BRF:8
BRH:8
end_of_record
TN:
SF:src/features/ai/components/AIEstimateGenerator.tsx
FN:19,AIEstimateGenerator
FN:95,(anonymous_1)
FNF:2
FNH:2
FNDA:11,AIEstimateGenerator
FNDA:16,(anonymous_1)
DA:28,11
DA:29,1
DA:41,10
DA:42,1
DA:54,9
DA:55,1
DA:58,8
DA:96,16
LF:8
LH:8
BRDA:28,0,0,1
BRDA:28,0,1,10
BRDA:41,1,0,1
BRDA:41,1,1,9
BRDA:54,2,0,1
BRDA:54,2,1,8
BRDA:78,3,0,8
BRDA:78,3,1,0
BRDA:90,4,0,11
BRDA:90,4,1,8
BRDA:90,4,2,8
BRDA:157,5,0,11
BRDA:157,5,1,8
BRDA:171,6,0,11
BRDA:171,6,1,0
BRF:15
BRH:13
end_of_record
TN:
SF:src/features/ai/components/AILoadingState.tsx
FN:5,AILoadingState
FN:8,(anonymous_1)
FN:9,(anonymous_2)
FN:10,(anonymous_3)
FN:12,(anonymous_4)
FNF:5
FNH:3
FNDA:4,AILoadingState
FNDA:4,(anonymous_1)
FNDA:0,(anonymous_2)
FNDA:0,(anonymous_3)
FNDA:4,(anonymous_4)
DA:3,2
DA:6,4
DA:8,4
DA:9,4
DA:10,0
DA:12,4
DA:15,4
LF:7
LH:6
BRF:0
BRH:0
end_of_record
TN:
SF:src/features/ai/components/AIQueryChat.tsx
FN:22,AIQueryChat
FN:28,(anonymous_1)
FN:32,(anonymous_2)
FN:40,(anonymous_3)
FN:86,(anonymous_4)
FN:91,(anonymous_5)
FN:103,(anonymous_6)
FN:146,(anonymous_7)
FNF:8
FNH:8
FNDA:35,AIQueryChat
FNDA:27,(anonymous_1)
FNDA:6,(anonymous_2)
FNDA:1,(anonymous_3)
FNDA:100,(anonymous_4)
FNDA:1,(anonymous_5)
FNDA:13,(anonymous_6)
FNDA:6,(anonymous_7)
DA:15,2
DA:23,35
DA:24,35
DA:25,35
DA:28,35
DA:29,27
DA:32,35
DA:33,6
DA:34,6
DA:36,6
DA:37,5
DA:40,35
DA:41,1
DA:44,35
DA:87,100
DA:91,1
DA:104,13
DA:146,6
LF:18
LH:18
BRDA:34,0,0,0
BRDA:34,0,1,6
BRDA:34,1,0,6
BRDA:34,1,1,6
BRDA:75,2,0,35
BRDA:75,2,1,1
BRDA:82,3,0,35
BRDA:82,3,1,25
BRDA:106,4,0,10
BRDA:106,4,1,3
BRDA:107,5,0,10
BRDA:107,5,1,3
BRDA:109,6,0,13
BRDA:109,6,1,3
BRDA:116,7,0,10
BRDA:116,7,1,3
BRDA:122,8,0,10
BRDA:122,8,1,3
BRDA:128,9,0,35
BRDA:128,9,1,6
BRDA:154,10,0,35
BRDA:154,10,1,13
BRDA:158,11,0,6
BRDA:158,11,1,29
BRF:24
BRH:23
end_of_record
TN:
SF:src/features/ai/components/AIStreamingText.tsx
FN:9,AIStreamingText
FN:12,(anonymous_1)
FN:19,(anonymous_2)
FN:28,(anonymous_3)
FNF:4
FNH:2
FNDA:11,AIStreamingText
FNDA:6,(anonymous_1)
FNDA:0,(anonymous_2)
FNDA:0,(anonymous_3)
DA:10,11
DA:12,11
DA:13,6
DA:14,6
DA:15,6
DA:18,0
DA:19,0
DA:20,0
DA:21,0
DA:22,0
DA:24,0
DA:28,0
DA:31,11
LF:13
LH:6
BRDA:9,0,0,11
BRDA:13,1,0,6
BRDA:13,1,1,0
BRDA:20,2,0,0
BRDA:20,2,1,0
BRDA:34,3,0,11
BRDA:34,3,1,0
BRDA:34,3,2,0
BRF:8
BRH:3
end_of_record
TN:
SF:src/features/ai/components/MorningBriefing.tsx
FN:11,getGreeting
FN:20,MorningBriefing
FNF:2
FNH:2
FNDA:15,getGreeting
FNDA:15,MorningBriefing
DA:12,15
DA:13,15
DA:14,15
DA:15,15
DA:16,0
DA:17,0
DA:21,15
DA:23,15
DA:24,15
DA:27,15
DA:28,2
DA:31,13
LF:12
LH:10
BRDA:13,0,0,0
BRDA:13,0,1,15
BRDA:14,1,0,0
BRDA:14,1,1,15
BRDA:15,2,0,15
BRDA:15,2,1,0
BRDA:16,3,0,0
BRDA:16,3,1,0
BRDA:24,4,0,15
BRDA:24,4,1,1
BRDA:27,5,0,2
BRDA:27,5,1,13
BRDA:46,6,0,12
BRDA:46,6,1,1
BRDA:51,7,0,12
BRDA:51,7,1,1
BRDA:51,8,0,1
BRDA:51,8,1,12
BRF:18
BRH:13
end_of_record
TN:
SF:src/features/ai/hooks/useAICategorize.ts
FN:21,useAICategorize
FN:27,(anonymous_1)
FN:44,(anonymous_2)
FN:59,(anonymous_3)
FNF:4
FNH:4
FNDA:14,useAICategorize
FNDA:5,(anonymous_1)
FNDA:1,(anonymous_2)
FNDA:1,(anonymous_3)
DA:22,14
DA:23,14
DA:24,14
DA:25,14
DA:27,14
DA:28,5
DA:29,5
DA:31,5
DA:32,5
DA:33,4
DA:34,4
DA:36,1
DA:37,1
DA:38,1
DA:40,5
DA:44,14
DA:45,1
DA:46,1
DA:48,1
DA:50,1
DA:52,0
DA:53,0
DA:55,1
DA:59,14
DA:60,1
DA:61,1
DA:62,1
DA:65,14
LF:28
LH:26
BRDA:36,0,0,1
BRDA:36,0,1,0
BRDA:52,1,0,0
BRDA:52,1,1,0
BRF:4
BRH:1
end_of_record
TN:
SF:src/features/ai/hooks/useAIChat.ts
FN:29,useAIChat
FN:35,(anonymous_1)
FN:48,(anonymous_2)
FN:74,(anonymous_3)
FN:87,(anonymous_4)
FNF:5
FNH:5
FNDA:35,useAIChat
FNDA:6,(anonymous_1)
FNDA:6,(anonymous_2)
FNDA:3,(anonymous_3)
FNDA:1,(anonymous_4)
DA:27,2
DA:30,35
DA:31,35
DA:32,35
DA:33,35
DA:35,35
DA:36,6
DA:38,6
DA:39,6
DA:42,6
DA:48,6
DA:49,6
DA:51,6
DA:54,6
DA:55,6
DA:60,6
DA:63,4
DA:64,3
DA:68,3
DA:74,3
DA:75,3
DA:77,3
DA:80,2
DA:81,2
DA:83,5
DA:87,35
DA:88,1
DA:89,1
DA:90,1
DA:93,35
LF:30
LH:30
BRDA:36,0,0,0
BRDA:36,0,1,6
BRDA:57,1,0,6
BRDA:57,1,1,6
BRDA:63,2,0,3
BRDA:63,2,1,1
BRDA:80,3,0,2
BRDA:80,3,1,0
BRF:8
BRH:6
end_of_record
TN:
SF:src/features/auth/components/AuthProvider.tsx
FN:35,(anonymous_0)
FN:36,(anonymous_1)
FN:37,(anonymous_2)
FN:38,(anonymous_3)
FN:46,getCsrfTokenFromCookie
FN:54,setupCsrfInterceptor
FN:55,(anonymous_6)
FN:68,AuthProvider
FN:76,(anonymous_8)
FN:85,(anonymous_9)
FN:87,(anonymous_10)
FN:95,(anonymous_11)
FN:104,(anonymous_12)
FN:119,(anonymous_13)
FN:120,(anonymous_14)
FN:128,(anonymous_15)
FN:129,(anonymous_16)
FN:153,(anonymous_17)
FN:163,(anonymous_18)
FN:178,(anonymous_19)
FN:185,(anonymous_20)
FN:206,useAuth
FNF:22
FNH:16
FNDA:0,(anonymous_0)
FNDA:0,(anonymous_1)
FNDA:0,(anonymous_2)
FNDA:0,(anonymous_3)
FNDA:1,getCsrfTokenFromCookie
FNDA:9,setupCsrfInterceptor
FNDA:1,(anonymous_6)
FNDA:21,AuthProvider
FNDA:15,(anonymous_8)
FNDA:9,(anonymous_9)
FNDA:9,(anonymous_10)
FNDA:5,(anonymous_11)
FNDA:0,(anonymous_12)
FNDA:9,(anonymous_13)
FNDA:9,(anonymous_14)
FNDA:9,(anonymous_15)
FNDA:9,(anonymous_16)
FNDA:2,(anonymous_17)
FNDA:1,(anonymous_18)
FNDA:1,(anonymous_19)
FNDA:0,(anonymous_20)
FNDA:23,useAuth
DA:28,11
DA:31,11
DA:41,11
DA:47,1
DA:48,1
DA:55,9
DA:56,1
DA:57,1
DA:58,1
DA:60,1
DA:69,21
DA:70,21
DA:71,21
DA:72,21
DA:73,21
DA:76,21
DA:77,15
DA:78,5
DA:80,10
DA:85,21
DA:86,9
DA:87,9
DA:88,9
DA:89,9
DA:95,21
DA:97,5
DA:98,1
DA:102,5
DA:103,5
DA:104,5
DA:105,0
DA:106,0
DA:107,0
DA:108,0
DA:111,0
DA:112,0
DA:119,21
DA:120,9
DA:121,9
DA:122,3
DA:128,21
DA:129,9
DA:130,9
DA:132,9
DA:133,3
DA:134,3
DA:137,3
DA:138,3
DA:141,6
DA:142,6
DA:144,9
DA:148,9
DA:152,21
DA:154,2
DA:155,1
DA:156,1
DA:157,1
DA:163,21
DA:164,1
DA:165,1
DA:168,1
DA:169,1
DA:170,1
DA:171,1
DA:172,1
DA:178,21
DA:179,1
DA:180,1
DA:181,1
DA:185,21
DA:186,0
DA:189,21
DA:199,21
DA:207,23
DA:208,23
DA:209,2
DA:211,21
LF:77
LH:70
BRDA:48,0,0,1
BRDA:48,0,1,0
BRDA:57,1,0,1
BRDA:57,1,1,0
BRDA:57,2,0,1
BRDA:57,2,1,1
BRDA:77,3,0,5
BRDA:77,3,1,10
BRDA:88,4,0,9
BRDA:88,4,1,0
BRDA:97,5,0,1
BRDA:97,5,1,4
BRDA:103,6,0,5
BRDA:103,6,1,0
BRDA:121,7,0,3
BRDA:121,7,1,6
BRDA:170,8,0,1
BRDA:170,8,1,0
BRDA:208,9,0,2
BRDA:208,9,1,21
BRF:20
BRH:15
end_of_record
TN:
SF:src/features/auth/components/LoginPage.tsx
FN:25,LoginPage
FN:40,(anonymous_1)
FN:113,(anonymous_2)
FN:133,(anonymous_3)
FN:142,(anonymous_4)
FN:161,(anonymous_5)
FNF:6
FNH:6
FNDA:207,LoginPage
FNDA:9,(anonymous_1)
FNDA:75,(anonymous_2)
FNDA:96,(anonymous_3)
FNDA:2,(anonymous_4)
FNDA:1,(anonymous_5)
DA:26,207
DA:27,207
DA:28,207
DA:30,207
DA:31,207
DA:32,207
DA:33,207
DA:34,207
DA:35,207
DA:38,207
DA:40,207
DA:41,9
DA:42,9
DA:43,9
DA:45,9
DA:46,9
DA:47,6
DA:51,2
DA:53,8
DA:57,207
DA:113,75
DA:133,96
DA:142,2
DA:161,1
LF:24
LH:24
BRDA:38,0,0,207
BRDA:38,0,1,185
BRDA:87,1,0,207
BRDA:87,1,1,23
BRDA:131,2,0,1
BRDA:131,2,1,206
BRDA:147,3,0,1
BRDA:147,3,1,206
BRDA:177,4,0,9
BRDA:177,4,1,198
BRF:10
BRH:10
end_of_record
TN:
SF:src/features/auth/components/ProtectedRoute.tsx
FN:28,AccessDenied
FN:61,ProtectedRoute
FNF:2
FNH:2
FNDA:1,AccessDenied
FNDA:6,ProtectedRoute
DA:29,1
DA:62,6
DA:63,6
DA:66,6
DA:67,1
DA:71,5
DA:73,1
DA:77,4
DA:78,2
DA:79,1
DA:84,3
LF:11
LH:11
BRDA:66,0,0,1
BRDA:66,0,1,5
BRDA:71,1,0,1
BRDA:71,1,1,4
BRDA:71,2,0,5
BRDA:71,2,1,4
BRDA:77,3,0,2
BRDA:77,3,1,2
BRDA:77,4,0,4
BRDA:77,4,1,2
BRDA:78,5,0,1
BRDA:78,5,1,1
BRF:12
BRH:12
end_of_record
TN:
SF:src/features/auth/components/UserMenu.tsx
FN:19,UserMenu
FN:27,(anonymous_1)
FN:32,(anonymous_2)
FN:39,(anonymous_3)
FNF:4
FNH:4
FNDA:9,UserMenu
FNDA:1,(anonymous_1)
FNDA:1,(anonymous_2)
FNDA:16,(anonymous_3)
DA:20,9
DA:21,9
DA:23,9
DA:24,1
DA:27,8
DA:28,1
DA:29,1
DA:32,8
DA:33,1
DA:37,8
DA:39,16
DA:44,8
LF:12
LH:12
BRDA:23,0,0,1
BRDA:23,0,1,8
BRDA:70,1,0,8
BRDA:70,1,1,1
BRF:4
BRH:4
end_of_record
TN:
SF:src/features/customers/api/customerApi.ts
FN:9,(anonymous_0)
FN:17,(anonymous_1)
FN:23,(anonymous_2)
FN:29,(anonymous_3)
FN:35,(anonymous_4)
FN:40,(anonymous_5)
FN:48,(anonymous_6)
FNF:7
FNH:7
FNDA:3,(anonymous_0)
FNDA:4,(anonymous_1)
FNDA:3,(anonymous_2)
FNDA:3,(anonymous_3)
FNDA:2,(anonymous_4)
FNDA:2,(anonymous_5)
FNDA:3,(anonymous_6)
DA:5,12
DA:7,12
DA:10,3
DA:13,2
DA:18,4
DA:19,1
DA:24,3
DA:25,2
DA:30,3
DA:31,2
DA:36,2
DA:41,2
DA:44,1
DA:56,3
DA:57,2
LF:15
LH:15
BRF:0
BRH:0
end_of_record
TN:
SF:src/features/customers/components/CustomerForm.tsx
FN:68,CustomerForm
FN:107,(anonymous_1)
FN:115,(anonymous_2)
FN:116,(anonymous_3)
FN:119,(anonymous_4)
FN:126,(anonymous_5)
FN:167,(anonymous_6)
FN:180,(anonymous_7)
FN:196,(anonymous_8)
FN:215,(anonymous_9)
FN:236,(anonymous_10)
FN:249,(anonymous_11)
FN:276,(anonymous_12)
FN:294,(anonymous_13)
FN:312,(anonymous_14)
FN:337,(anonymous_15)
FN:347,(anonymous_16)
FN:362,(anonymous_17)
FN:399,(anonymous_18)
FN:422,(anonymous_19)
FNF:20
FNH:13
FNDA:20,CustomerForm
FNDA:0,(anonymous_1)
FNDA:0,(anonymous_2)
FNDA:0,(anonymous_3)
FNDA:0,(anonymous_4)
FNDA:2,(anonymous_5)
FNDA:41,(anonymous_6)
FNDA:32,(anonymous_7)
FNDA:46,(anonymous_8)
FNDA:34,(anonymous_9)
FNDA:20,(anonymous_10)
FNDA:160,(anonymous_11)
FNDA:20,(anonymous_12)
FNDA:20,(anonymous_13)
FNDA:20,(anonymous_14)
FNDA:0,(anonymous_15)
FNDA:0,(anonymous_16)
FNDA:0,(anonymous_17)
FNDA:20,(anonymous_18)
FNDA:20,(anonymous_19)
DA:31,1
DA:57,1
DA:69,20
DA:70,20
DA:71,20
DA:72,20
DA:74,20
DA:105,20
DA:107,20
DA:108,0
DA:109,0
DA:110,0
DA:111,0
DA:115,20
DA:116,0
DA:119,20
DA:120,0
DA:121,0
DA:122,0
DA:126,20
DA:127,2
DA:131,2
DA:132,2
DA:137,2
DA:138,1
DA:142,1
DA:144,1
DA:145,1
DA:147,2
DA:149,0
DA:153,20
DA:155,20
DA:168,41
DA:181,32
DA:197,46
DA:216,34
DA:237,20
DA:250,160
DA:277,20
DA:295,20
DA:313,20
DA:338,0
DA:347,0
DA:362,0
DA:400,20
DA:423,20
LF:46
LH:34
BRDA:76,0,0,6
BRDA:76,0,1,14
BRDA:81,1,0,6
BRDA:81,1,1,0
BRDA:88,2,0,6
BRDA:88,2,1,6
BRDA:109,3,0,0
BRDA:109,3,1,0
BRDA:109,4,0,0
BRDA:109,4,1,0
BRDA:120,5,0,0
BRDA:120,5,1,0
BRDA:134,6,0,2
BRDA:134,6,1,1
BRDA:137,7,0,1
BRDA:137,7,1,1
BRDA:137,8,0,2
BRDA:137,8,1,1
BRDA:149,9,0,0
BRDA:149,9,1,0
BRDA:153,10,0,20
BRDA:153,10,1,20
BRDA:241,11,0,20
BRDA:241,11,1,14
BRDA:335,12,0,20
BRDA:335,12,1,0
BRDA:449,13,0,20
BRDA:449,13,1,2
BRDA:466,14,0,0
BRDA:466,14,1,20
BRDA:466,15,0,6
BRDA:466,15,1,14
BRF:32
BRH:21
end_of_record
TN:
SF:src/features/customers/components/CustomerList.tsx
FN:38,CustomerList
FN:51,(anonymous_1)
FN:54,(anonymous_2)
FN:61,(anonymous_3)
FN:76,(anonymous_4)
FN:81,(anonymous_5)
FN:105,(anonymous_6)
FN:110,(anonymous_7)
FN:118,(anonymous_8)
FN:123,(anonymous_9)
FN:127,(anonymous_10)
FN:137,(anonymous_11)
FN:142,(anonymous_12)
FN:160,(anonymous_13)
FN:164,(anonymous_14)
FN:193,(anonymous_15)
FN:209,(anonymous_16)
FN:229,(anonymous_17)
FN:231,(anonymous_18)
FN:243,(anonymous_19)
FN:249,(anonymous_20)
FN:281,(anonymous_21)
FN:281,(anonymous_22)
FN:290,(anonymous_23)
FN:290,(anonymous_24)
FNF:25
FNH:16
FNDA:5,CustomerList
FNDA:3,(anonymous_1)
FNDA:0,(anonymous_2)
FNDA:4,(anonymous_3)
FNDA:3,(anonymous_4)
FNDA:4,(anonymous_5)
FNDA:3,(anonymous_6)
FNDA:4,(anonymous_7)
FNDA:3,(anonymous_8)
FNDA:4,(anonymous_9)
FNDA:6,(anonymous_10)
FNDA:3,(anonymous_11)
FNDA:4,(anonymous_12)
FNDA:0,(anonymous_13)
FNDA:0,(anonymous_14)
FNDA:0,(anonymous_15)
FNDA:0,(anonymous_16)
FNDA:3,(anonymous_17)
FNDA:15,(anonymous_18)
FNDA:4,(anonymous_19)
FNDA:20,(anonymous_20)
FNDA:0,(anonymous_21)
FNDA:0,(anonymous_22)
FNDA:0,(anonymous_23)
FNDA:0,(anonymous_24)
DA:39,5
DA:40,5
DA:41,5
DA:46,5
DA:48,5
DA:52,3
DA:54,0
DA:62,4
DA:63,4
DA:77,3
DA:82,4
DA:106,3
DA:111,4
DA:119,3
DA:124,4
DA:125,4
DA:128,6
DA:138,3
DA:143,4
DA:144,4
DA:160,0
DA:164,0
DA:177,5
DA:188,5
DA:189,1
DA:192,4
DA:193,1
DA:196,3
DA:209,0
DA:230,3
DA:232,15
DA:244,4
DA:250,20
DA:281,0
DA:290,0
LF:35
LH:29
BRDA:92,0,0,4
BRDA:92,0,1,2
BRDA:112,1,0,4
BRDA:112,1,1,0
BRDA:130,2,0,4
BRDA:130,2,1,0
BRDA:159,3,0,4
BRDA:159,3,1,0
BRDA:162,4,0,4
BRDA:162,4,1,0
BRDA:178,5,0,5
BRDA:178,5,1,2
BRDA:188,6,0,1
BRDA:188,6,1,4
BRDA:192,7,0,1
BRDA:192,7,1,3
BRDA:233,8,0,0
BRDA:233,8,1,15
BRDA:242,9,0,2
BRDA:242,9,1,1
BRDA:267,10,0,5
BRDA:267,10,1,3
BRF:22
BRH:17
end_of_record
TN:
SF:src/features/customers/components/CustomerSearch.tsx
FN:11,CustomerSearch
FN:20,(anonymous_1)
FN:24,(anonymous_2)
FN:29,(anonymous_3)
FN:34,(anonymous_4)
FNF:5
FNH:5
FNDA:12,CustomerSearch
FNDA:9,(anonymous_1)
FNDA:1,(anonymous_2)
FNDA:2,(anonymous_3)
FNDA:1,(anonymous_4)
DA:16,12
DA:17,12
DA:20,12
DA:21,9
DA:24,12
DA:25,1
DA:26,1
DA:29,12
DA:30,2
DA:31,2
DA:34,12
DA:35,1
DA:36,1
DA:40,12
LF:14
LH:14
BRDA:13,0,0,12
BRDA:14,1,0,12
BRDA:35,2,0,1
BRDA:35,2,1,0
BRDA:55,3,0,12
BRDA:55,3,1,6
BRF:6
BRH:5
end_of_record
TN:
SF:src/features/customers/hooks/useCustomerMutations.ts
FN:7,useCreateCustomer
FN:11,(anonymous_1)
FN:12,(anonymous_2)
FN:20,useUpdateCustomer
FN:24,(anonymous_4)
FN:26,(anonymous_5)
FN:36,useDeleteCustomer
FN:40,(anonymous_7)
FN:41,(anonymous_8)
FN:51,useUpdateCustomerFlags
FN:55,(anonymous_10)
FN:66,(anonymous_11)
FNF:12
FNH:12
FNDA:7,useCreateCustomer
FNDA:3,(anonymous_1)
FNDA:2,(anonymous_2)
FNDA:4,useUpdateCustomer
FNDA:2,(anonymous_4)
FNDA:1,(anonymous_5)
FNDA:4,useDeleteCustomer
FNDA:2,(anonymous_7)
FNDA:1,(anonymous_8)
FNDA:6,useUpdateCustomerFlags
FNDA:3,(anonymous_10)
FNDA:2,(anonymous_11)
DA:8,7
DA:10,7
DA:11,3
DA:14,2
DA:21,4
DA:23,4
DA:25,2
DA:28,1
DA:30,1
DA:37,4
DA:39,4
DA:40,2
DA:43,1
DA:45,1
DA:52,6
DA:54,6
DA:65,3
DA:68,2
DA:70,2
LF:19
LH:19
BRF:0
BRH:0
end_of_record
TN:
SF:src/features/customers/hooks/useCustomers.ts
FN:8,(anonymous_0)
FN:9,(anonymous_1)
FN:10,(anonymous_2)
FN:11,(anonymous_3)
FN:12,(anonymous_4)
FN:16,useCustomers
FN:19,(anonymous_6)
FN:24,useCustomer
FN:27,(anonymous_8)
FN:33,useCustomerSearch
FN:36,(anonymous_10)
FNF:11
FNH:11
FNDA:16,(anonymous_0)
FNDA:9,(anonymous_1)
FNDA:11,(anonymous_2)
FNDA:10,(anonymous_3)
FNDA:7,(anonymous_4)
FNDA:7,useCustomers
FNDA:4,(anonymous_6)
FNDA:5,useCustomer
FNDA:2,(anonymous_8)
FNDA:6,useCustomerSearch
FNDA:2,(anonymous_10)
DA:6,3
DA:8,16
DA:9,9
DA:10,11
DA:11,10
DA:12,7
DA:17,7
DA:19,4
DA:25,5
DA:27,2
DA:34,6
DA:36,2
LF:12
LH:12
BRF:0
BRH:0
end_of_record
TN:
SF:src/features/dashboard/api/dashboardApi.ts
FN:22,(anonymous_0)
FN:32,(anonymous_1)
FN:46,(anonymous_2)
FN:57,(anonymous_3)
FN:67,(anonymous_4)
FN:77,(anonymous_5)
FNF:6
FNH:2
FNDA:23,(anonymous_0)
FNDA:0,(anonymous_1)
FNDA:0,(anonymous_2)
FNDA:0,(anonymous_3)
FNDA:23,(anonymous_4)
FNDA:0,(anonymous_5)
DA:16,7
DA:18,7
DA:23,23
DA:26,0
DA:36,0
DA:40,0
DA:47,0
DA:51,0
DA:58,0
DA:61,0
DA:68,23
DA:71,0
DA:78,0
DA:81,0
LF:14
LH:4
BRDA:49,0,0,0
BRDA:49,0,1,0
BRF:2
BRH:0
end_of_record
TN:
SF:src/features/dashboard/components/DashboardPage.tsx
FN:33,DashboardPage
FN:146,(anonymous_1)
FN:170,(anonymous_2)
FNF:3
FNH:2
FNDA:8,DashboardPage
FNDA:7,(anonymous_1)
FNDA:0,(anonymous_2)
DA:34,8
DA:35,8
DA:36,8
DA:37,8
DA:39,8
DA:41,8
DA:147,7
DA:149,7
DA:155,7
DA:161,7
DA:166,7
DA:170,0
LF:12
LH:11
BRDA:39,0,0,8
BRDA:39,0,1,7
BRDA:39,0,2,7
BRDA:64,1,0,1
BRDA:64,1,1,7
BRDA:71,2,0,7
BRDA:71,2,1,7
BRDA:71,3,0,7
BRDA:71,3,1,0
BRDA:82,4,0,7
BRDA:82,4,1,0
BRDA:111,5,0,7
BRDA:111,5,1,0
BRDA:112,6,0,7
BRDA:112,6,1,0
BRDA:119,7,0,7
BRDA:119,7,1,0
BRDA:120,8,0,7
BRDA:120,8,1,0
BRDA:128,9,0,7
BRDA:128,9,1,0
BRDA:128,10,0,7
BRDA:128,10,1,0
BRDA:130,11,0,7
BRDA:130,11,1,0
BRDA:137,12,0,7
BRDA:137,12,1,0
BRDA:138,13,0,7
BRDA:138,13,1,0
BRDA:147,14,0,7
BRDA:147,14,1,7
BRDA:149,15,0,7
BRDA:149,15,1,0
BRDA:151,16,0,0
BRDA:151,16,1,0
BRDA:155,17,0,7
BRDA:155,17,1,0
BRDA:157,18,0,0
BRDA:157,18,1,0
BRDA:161,19,0,7
BRDA:161,19,1,0
BRDA:163,20,0,0
BRDA:163,20,1,0
BRDA:179,21,0,7
BRDA:179,21,1,7
BRDA:215,22,0,7
BRDA:215,22,1,5
BRDA:224,23,0,7
BRDA:224,23,1,5
BRDA:233,24,0,7
BRDA:233,24,1,0
BRDA:255,25,0,7
BRDA:255,25,1,0
BRDA:261,26,0,7
BRDA:261,26,1,0
BRDA:267,27,0,7
BRDA:267,27,1,5
BRDA:273,28,0,7
BRDA:273,28,1,0
BRDA:279,29,0,7
BRDA:279,29,1,5
BRF:61
BRH:37
end_of_record
TN:
SF:src/features/dashboard/components/MetricsCard.tsx
FN:33,MetricsCard2
FNF:1
FNH:1
FNDA:35,MetricsCard2
DA:26,2
DA:33,2
DA:42,35
DA:44,35
LF:4
LH:4
BRDA:38,0,0,35
BRDA:45,1,0,35
BRDA:45,1,1,1
BRDA:47,2,0,35
BRDA:47,2,1,29
BRDA:62,3,0,35
BRDA:62,3,1,29
BRDA:65,4,0,35
BRDA:65,4,1,2
BRDA:69,5,0,1
BRDA:69,5,1,1
BRDA:72,6,0,1
BRDA:72,6,1,1
BRF:13
BRH:13
end_of_record
TN:
SF:src/features/dashboard/components/RecentActivity.tsx
FN:16,RecentActivity
FN:37,(anonymous_1)
FN:46,(anonymous_2)
FN:55,(anonymous_3)
FN:66,(anonymous_4)
FN:71,(anonymous_5)
FN:93,(anonymous_6)
FN:117,(anonymous_7)
FN:140,(anonymous_8)
FNF:9
FNH:8
FNDA:14,RecentActivity
FNDA:3,(anonymous_1)
FNDA:2,(anonymous_2)
FNDA:0,(anonymous_3)
FNDA:1,(anonymous_4)
FNDA:5,(anonymous_5)
FNDA:5,(anonymous_6)
FNDA:40,(anonymous_7)
FNDA:5,(anonymous_8)
DA:17,14
DA:21,14
DA:26,14
DA:33,14
DA:36,14
DA:37,3
DA:46,2
DA:55,0
DA:67,1
DA:71,14
DA:72,5
DA:90,5
DA:93,14
DA:94,5
DA:95,5
DA:102,14
DA:118,40
DA:141,5
LF:18
LH:17
BRDA:33,0,0,14
BRDA:33,0,1,13
BRDA:33,0,2,13
BRDA:37,1,0,14
BRDA:37,1,1,1
BRDA:41,2,0,3
BRDA:41,2,1,0
BRDA:46,3,0,14
BRDA:46,3,1,1
BRDA:55,4,0,14
BRDA:55,4,1,8
BRDA:59,5,0,0
BRDA:59,5,1,0
BRDA:90,6,0,5
BRDA:90,6,1,0
BRDA:94,7,0,0
BRDA:94,7,1,5
BRDA:95,8,0,3
BRDA:95,8,1,2
BRDA:115,9,0,8
BRDA:115,9,1,6
BRDA:133,10,0,2
BRDA:133,10,1,4
BRF:23
BRH:18
end_of_record
TN:
SF:src/features/dashboard/components/TechnicianAvailability.tsx
FN:11,TechnicianAvailability
FN:19,(anonymous_1)
FN:22,(anonymous_2)
FN:47,(anonymous_3)
FN:64,(anonymous_4)
FNF:5
FNH:2
FNDA:7,TechnicianAvailability
FNDA:0,(anonymous_1)
FNDA:0,(anonymous_2)
FNDA:21,(anonymous_3)
FNDA:0,(anonymous_4)
DA:12,7
DA:19,7
DA:20,0
DA:22,0
DA:28,7
DA:48,21
DA:65,0
LF:7
LH:4
BRDA:45,0,0,7
BRDA:45,0,1,0
BRDA:57,1,0,0
BRDA:57,1,1,0
BRDA:58,2,0,0
BRDA:58,2,1,0
BRDA:64,3,0,0
BRDA:64,3,1,0
BRDA:68,4,0,0
BRDA:68,4,1,0
BRDA:68,5,0,0
BRDA:68,5,1,0
BRDA:82,6,0,0
BRDA:82,6,1,0
BRDA:88,7,0,0
BRDA:88,7,1,0
BRDA:93,8,0,0
BRDA:93,8,1,0
BRF:18
BRH:1
end_of_record
TN:
SF:src/features/dashboard/hooks/useDashboard.ts
FN:13,(anonymous_0)
FN:14,(anonymous_1)
FN:16,(anonymous_2)
FN:18,(anonymous_3)
FN:19,(anonymous_4)
FN:20,(anonymous_5)
FN:26,useDashboardMetrics
FN:38,useRequestVolume
FN:44,(anonymous_8)
FN:52,useScheduleOverview
FN:55,(anonymous_10)
FN:64,usePaymentStatus
FN:75,useJobsByStatus
FN:87,useTodaySchedule
FNF:14
FNH:4
FNDA:31,(anonymous_0)
FNDA:0,(anonymous_1)
FNDA:0,(anonymous_2)
FNDA:0,(anonymous_3)
FNDA:31,(anonymous_4)
FNDA:0,(anonymous_5)
FNDA:31,useDashboardMetrics
FNDA:0,useRequestVolume
FNDA:0,(anonymous_8)
FNDA:0,useScheduleOverview
FNDA:0,(anonymous_10)
FNDA:0,usePaymentStatus
FNDA:31,useJobsByStatus
FNDA:0,useTodaySchedule
DA:11,7
DA:13,31
DA:15,0
DA:17,0
DA:18,0
DA:19,31
DA:20,0
DA:27,31
DA:42,0
DA:44,0
DA:53,0
DA:55,0
DA:65,0
DA:76,31
DA:88,0
LF:15
LH:5
BRF:0
BRH:0
end_of_record
TN:
SF:src/features/invoices/api/invoiceApi.ts
FN:16,(anonymous_0)
FN:24,(anonymous_1)
FN:30,(anonymous_2)
FN:36,(anonymous_3)
FN:42,(anonymous_4)
FN:47,(anonymous_5)
FN:53,(anonymous_6)
FN:59,(anonymous_7)
FN:65,(anonymous_8)
FN:71,(anonymous_9)
FN:79,(anonymous_10)
FN:88,(anonymous_11)
FN:100,(anonymous_12)
FNF:13
FNH:13
FNDA:2,(anonymous_0)
FNDA:1,(anonymous_1)
FNDA:1,(anonymous_2)
FNDA:1,(anonymous_3)
FNDA:1,(anonymous_4)
FNDA:1,(anonymous_5)
FNDA:1,(anonymous_6)
FNDA:1,(anonymous_7)
FNDA:1,(anonymous_8)
FNDA:1,(anonymous_9)
FNDA:8,(anonymous_10)
FNDA:8,(anonymous_11)
FNDA:1,(anonymous_12)
DA:12,2
DA:14,2
DA:17,2
DA:20,2
DA:25,1
DA:26,1
DA:31,1
DA:32,1
DA:37,1
DA:38,1
DA:43,1
DA:48,1
DA:49,1
DA:54,1
DA:55,1
DA:60,1
DA:61,1
DA:66,1
DA:67,1
DA:72,1
DA:75,1
DA:80,8
DA:84,1
DA:92,8
DA:96,1
DA:101,1
DA:104,1
LF:27
LH:27
BRF:0
BRH:0
end_of_record
TN:
SF:src/features/invoices/components/CreateInvoiceDialog.tsx
FN:31,formatCurrency
FN:39,formatDate
FN:48,CreateInvoiceDialog
FN:57,(anonymous_3)
FN:64,(anonymous_4)
FN:72,(anonymous_5)
FN:80,(anonymous_6)
FN:88,(anonymous_7)
FN:93,(anonymous_8)
FN:100,(anonymous_9)
FN:110,(anonymous_10)
FN:114,(anonymous_11)
FN:115,(anonymous_12)
FN:126,(anonymous_13)
FN:130,(anonymous_14)
FN:138,(anonymous_15)
FN:149,(anonymous_16)
FN:155,(anonymous_17)
FN:158,(anonymous_18)
FN:194,(anonymous_19)
FN:223,(anonymous_20)
FN:227,(anonymous_21)
FN:232,(anonymous_22)
FN:235,(anonymous_23)
FN:286,(anonymous_24)
FNF:25
FNH:0
FNDA:0,formatCurrency
FNDA:0,formatDate
FNDA:0,CreateInvoiceDialog
FNDA:0,(anonymous_3)
FNDA:0,(anonymous_4)
FNDA:0,(anonymous_5)
FNDA:0,(anonymous_6)
FNDA:0,(anonymous_7)
FNDA:0,(anonymous_8)
FNDA:0,(anonymous_9)
FNDA:0,(anonymous_10)
FNDA:0,(anonymous_11)
FNDA:0,(anonymous_12)
FNDA:0,(anonymous_13)
FNDA:0,(anonymous_14)
FNDA:0,(anonymous_15)
FNDA:0,(anonymous_16)
FNDA:0,(anonymous_17)
FNDA:0,(anonymous_18)
FNDA:0,(anonymous_19)
FNDA:0,(anonymous_20)
FNDA:0,(anonymous_21)
FNDA:0,(anonymous_22)
FNDA:0,(anonymous_23)
FNDA:0,(anonymous_24)
DA:32,0
DA:33,0
DA:40,0
DA:41,0
DA:49,0
DA:50,0
DA:51,0
DA:52,0
DA:55,0
DA:57,0
DA:62,0
DA:64,0
DA:70,0
DA:72,0
DA:80,0
DA:81,0
DA:87,0
DA:88,0
DA:92,0
DA:93,0
DA:97,0
DA:98,0
DA:99,0
DA:101,0
DA:107,0
DA:110,0
DA:111,0
DA:114,0
DA:115,0
DA:116,0
DA:117,0
DA:118,0
DA:120,0
DA:122,0
DA:126,0
DA:127,0
DA:130,0
DA:131,0
DA:132,0
DA:133,0
DA:134,0
DA:135,0
DA:138,0
DA:139,0
DA:140,0
DA:141,0
DA:142,0
DA:143,0
DA:149,0
DA:150,0
DA:151,0
DA:155,0
DA:156,0
DA:157,0
DA:158,0
DA:159,0
DA:160,0
DA:165,0
DA:194,0
DA:224,0
DA:227,0
DA:233,0
DA:235,0
DA:286,0
LF:64
LH:0
BRDA:32,0,0,0
BRDA:32,0,1,0
BRDA:40,1,0,0
BRDA:40,1,1,0
BRDA:82,2,0,0
BRDA:82,2,1,0
BRDA:83,3,0,0
BRDA:83,3,1,0
BRDA:88,4,0,0
BRDA:88,4,1,0
BRDA:97,5,0,0
BRDA:97,5,1,0
BRDA:101,6,0,0
BRDA:101,6,1,0
BRDA:101,6,2,0
BRDA:117,7,0,0
BRDA:117,7,1,0
BRDA:140,8,0,0
BRDA:140,8,1,0
BRDA:150,9,0,0
BRDA:150,9,1,0
BRDA:150,9,2,0
BRDA:151,10,0,0
BRDA:151,10,1,0
BRDA:156,11,0,0
BRDA:156,11,1,0
BRDA:159,12,0,0
BRDA:159,12,1,0
BRDA:177,13,0,0
BRDA:177,13,1,0
BRDA:203,14,0,0
BRDA:203,14,1,0
BRDA:207,15,0,0
BRDA:207,15,1,0
BRDA:213,16,0,0
BRDA:213,16,1,0
BRDA:242,17,0,0
BRDA:242,17,1,0
BRDA:251,18,0,0
BRDA:251,18,1,0
BRDA:253,19,0,0
BRDA:253,19,1,0
BRDA:257,20,0,0
BRDA:257,20,1,0
BRDA:257,20,2,0
BRDA:262,21,0,0
BRDA:262,21,1,0
BRDA:280,22,0,0
BRDA:280,22,1,0
BRDA:281,23,0,0
BRDA:281,23,1,0
BRDA:292,24,0,0
BRDA:292,24,1,0
BRDA:309,25,0,0
BRDA:309,25,1,0
BRDA:323,26,0,0
BRDA:323,26,1,0
BRDA:323,26,2,0
BRDA:328,27,0,0
BRDA:328,27,1,0
BRF:60
BRH:0
end_of_record
TN:
SF:src/features/invoices/components/GenerateInvoiceButton.tsx
FN:18,GenerateInvoiceButton
FN:32,(anonymous_1)
FNF:2
FNH:2
FNDA:22,GenerateInvoiceButton
FNDA:5,(anonymous_1)
DA:19,22
DA:20,22
DA:23,22
DA:24,1
DA:28,21
DA:29,5
DA:32,16
DA:33,5
DA:34,5
DA:35,5
DA:36,3
DA:39,3
DA:40,1
DA:42,2
DA:45,1
DA:49,4
DA:53,16
LF:17
LH:17
BRDA:23,0,0,1
BRDA:23,0,1,21
BRDA:28,1,0,5
BRDA:28,1,1,16
BRDA:39,2,0,1
BRDA:39,2,1,2
BRDA:46,3,0,1
BRDA:46,3,1,0
BRDA:60,4,0,5
BRDA:60,4,1,11
BRF:10
BRH:9
end_of_record
TN:
SF:src/features/invoices/components/InvoiceDetail.tsx
FN:33,InvoiceDetail
FN:48,(anonymous_1)
FN:57,(anonymous_2)
FN:66,(anonymous_3)
FN:75,(anonymous_4)
FN:92,(anonymous_5)
FN:99,(anonymous_6)
FN:107,(anonymous_7)
FN:127,(anonymous_8)
FN:324,(anonymous_9)
FNF:10
FNH:5
FNDA:33,InvoiceDetail
FNDA:1,(anonymous_1)
FNDA:0,(anonymous_2)
FNDA:0,(anonymous_3)
FNDA:0,(anonymous_4)
FNDA:0,(anonymous_5)
FNDA:203,(anonymous_6)
FNDA:42,(anonymous_7)
FNDA:0,(anonymous_8)
FNDA:34,(anonymous_9)
DA:38,33
DA:39,33
DA:40,33
DA:42,33
DA:43,33
DA:44,33
DA:45,33
DA:46,33
DA:48,33
DA:49,1
DA:50,1
DA:51,1
DA:53,0
DA:57,33
DA:58,0
DA:59,0
DA:60,0
DA:62,0
DA:66,33
DA:67,0
DA:68,0
DA:69,0
DA:71,0
DA:75,33
DA:76,0
DA:77,0
DA:78,0
DA:83,0
DA:87,33
DA:88,16
DA:91,17
DA:92,0
DA:95,17
DA:96,0
DA:99,17
DA:100,203
DA:101,188
DA:107,17
DA:108,42
DA:109,37
DA:112,17
DA:113,33
DA:114,33
DA:115,33
DA:116,33
DA:117,33
DA:119,33
DA:127,0
DA:325,34
LF:49
LH:33
BRDA:40,0,0,33
BRDA:40,0,1,33
BRDA:40,0,2,0
BRDA:49,1,0,0
BRDA:49,1,1,1
BRDA:58,2,0,0
BRDA:58,2,1,0
BRDA:67,3,0,0
BRDA:67,3,1,0
BRDA:76,4,0,0
BRDA:76,4,1,0
BRDA:87,5,0,16
BRDA:87,5,1,17
BRDA:91,6,0,0
BRDA:91,6,1,17
BRDA:95,7,0,0
BRDA:95,7,1,17
BRDA:100,8,0,15
BRDA:100,8,1,188
BRDA:108,9,0,5
BRDA:108,9,1,37
BRDA:112,10,0,17
BRDA:112,10,1,15
BRDA:116,11,0,33
BRDA:116,11,1,3
BRDA:116,11,2,2
BRDA:117,12,0,33
BRDA:117,12,1,3
BRDA:117,12,2,1
BRDA:149,13,0,33
BRDA:149,13,1,0
BRDA:149,13,2,0
BRDA:211,14,0,33
BRDA:211,14,1,16
BRDA:225,15,0,33
BRDA:225,15,1,17
BRDA:250,16,0,17
BRDA:250,16,1,0
BRDA:265,17,0,33
BRDA:265,17,1,17
BRDA:272,18,0,33
BRDA:272,18,1,17
BRDA:292,19,0,33
BRDA:292,19,1,17
BRDA:312,20,0,17
BRDA:312,20,1,0
BRDA:312,21,0,33
BRDA:312,21,1,17
BRDA:338,22,0,17
BRDA:338,22,1,0
BRDA:358,23,0,33
BRDA:358,23,1,1
BRDA:372,24,0,1
BRDA:372,24,1,0
BRDA:379,25,0,1
BRDA:379,25,1,1
BRDA:390,26,0,33
BRDA:390,26,1,3
BRDA:422,27,0,33
BRDA:422,27,1,1
BRDA:458,28,0,33
BRDA:458,28,1,11
BRDA:469,29,0,33
BRDA:469,29,1,4
BRDA:469,29,2,1
BRDA:480,30,0,33
BRDA:480,30,1,3
BRDA:492,31,0,33
BRDA:492,31,1,1
BRDA:503,32,0,33
BRDA:503,32,1,1
BRF:71
BRH:55
end_of_record
TN:
SF:src/features/invoices/components/InvoiceForm.tsx
FN:54,InvoiceForm
FN:88,(anonymous_1)
FN:92,(anonymous_2)
FN:101,(anonymous_3)
FN:103,(anonymous_4)
FN:107,(anonymous_5)
FN:155,(anonymous_6)
FN:176,(anonymous_7)
FN:187,(anonymous_8)
FN:205,(anonymous_9)
FN:216,(anonymous_10)
FN:240,(anonymous_11)
FN:266,(anonymous_12)
FN:311,(anonymous_13)
FN:322,(anonymous_14)
FN:342,(anonymous_15)
FN:349,(anonymous_16)
FN:369,(anonymous_17)
FN:377,(anonymous_18)
FN:397,(anonymous_19)
FN:419,(anonymous_20)
FN:434,(anonymous_21)
FN:442,(anonymous_22)
FN:470,(anonymous_23)
FNF:24
FNH:16
FNDA:37,InvoiceForm
FNDA:2,(anonymous_1)
FNDA:0,(anonymous_2)
FNDA:0,(anonymous_3)
FNDA:0,(anonymous_4)
FNDA:1,(anonymous_5)
FNDA:0,(anonymous_6)
FNDA:38,(anonymous_7)
FNDA:1,(anonymous_8)
FNDA:38,(anonymous_9)
FNDA:0,(anonymous_10)
FNDA:38,(anonymous_11)
FNDA:0,(anonymous_12)
FNDA:10,(anonymous_13)
FNDA:10,(anonymous_14)
FNDA:10,(anonymous_15)
FNDA:0,(anonymous_16)
FNDA:10,(anonymous_17)
FNDA:0,(anonymous_18)
FNDA:10,(anonymous_19)
FNDA:1,(anonymous_20)
FNDA:10,(anonymous_21)
FNDA:10,(anonymous_22)
FNDA:38,(anonymous_23)
DA:27,2
DA:34,2
DA:62,37
DA:63,37
DA:64,37
DA:67,37
DA:68,37
DA:69,37
DA:71,37
DA:83,37
DA:88,37
DA:89,2
DA:92,37
DA:93,0
DA:94,0
DA:95,0
DA:96,0
DA:97,0
DA:101,37
DA:102,0
DA:103,0
DA:104,0
DA:107,37
DA:108,1
DA:109,1
DA:110,0
DA:117,0
DA:119,1
DA:127,1
DA:129,1
DA:131,0
DA:135,37
DA:137,37
DA:156,0
DA:177,38
DA:188,1
DA:206,38
DA:217,0
DA:241,38
DA:267,0
DA:268,0
DA:312,10
DA:323,10
DA:343,10
DA:350,0
DA:353,0
DA:370,10
DA:378,0
DA:381,0
DA:398,10
DA:419,1
DA:434,10
DA:442,10
DA:471,38
LF:54
LH:35
BRDA:74,0,0,37
BRDA:74,0,1,33
BRDA:74,0,2,0
BRDA:75,1,0,37
BRDA:75,1,1,33
BRDA:75,1,2,30
BRDA:76,2,0,37
BRDA:76,2,1,37
BRDA:77,3,0,37
BRDA:77,3,1,33
BRDA:78,4,0,37
BRDA:78,4,1,33
BRDA:78,4,2,31
BRDA:79,5,0,37
BRDA:79,5,1,33
BRDA:93,6,0,0
BRDA:93,6,1,0
BRDA:95,7,0,0
BRDA:95,7,1,0
BRDA:102,8,0,0
BRDA:102,8,1,0
BRDA:103,9,0,0
BRDA:103,9,1,0
BRDA:109,10,0,0
BRDA:109,10,1,1
BRDA:109,11,0,1
BRDA:109,11,1,0
BRDA:135,12,0,37
BRDA:135,12,1,37
BRDA:151,13,0,37
BRDA:151,13,1,33
BRDA:151,13,2,0
BRDA:186,14,0,38
BRDA:186,14,1,30
BRDA:188,15,0,1
BRDA:188,15,1,0
BRDA:215,16,0,38
BRDA:215,16,1,38
BRDA:217,17,0,0
BRDA:217,17,1,0
BRDA:250,18,0,38
BRDA:250,18,1,0
BRDA:255,19,0,38
BRDA:255,19,1,0
BRDA:265,20,0,38
BRDA:265,20,1,0
BRDA:267,21,0,0
BRDA:267,21,1,0
BRDA:300,22,0,37
BRDA:300,22,1,10
BRDA:348,23,0,10
BRDA:348,23,1,0
BRDA:351,24,0,0
BRDA:351,24,1,0
BRDA:376,25,0,10
BRDA:376,25,1,4
BRDA:379,26,0,0
BRDA:379,26,1,0
BRDA:402,27,0,10
BRDA:402,27,1,0
BRDA:434,28,0,10
BRDA:434,28,1,0
BRDA:434,29,0,10
BRDA:434,29,1,4
BRDA:438,30,0,10
BRDA:438,30,1,10
BRDA:442,31,0,10
BRDA:442,31,1,0
BRDA:442,32,0,10
BRDA:442,32,1,4
BRDA:442,33,0,10
BRDA:442,33,1,10
BRDA:476,34,0,38
BRDA:476,34,1,34
BRDA:490,35,0,37
BRDA:490,35,1,2
BRDA:501,36,0,0
BRDA:501,36,1,37
BRDA:503,37,0,4
BRDA:503,37,1,33
BRF:80
BRH:51
end_of_record
TN:
SF:src/features/invoices/components/InvoiceList.tsx
FN:59,formatCurrency
FN:66,formatDate
FN:74,isOverdue
FN:79,InvoiceList
FN:100,(anonymous_4)
FN:103,(anonymous_5)
FN:110,(anonymous_6)
FN:125,(anonymous_7)
FN:130,(anonymous_8)
FN:138,(anonymous_9)
FN:141,(anonymous_10)
FN:148,(anonymous_11)
FN:156,(anonymous_12)
FN:161,(anonymous_13)
FN:170,(anonymous_14)
FN:173,(anonymous_15)
FN:180,(anonymous_16)
FN:192,(anonymous_17)
FN:197,(anonymous_18)
FN:215,(anonymous_19)
FN:220,(anonymous_20)
FN:224,(anonymous_21)
FN:253,(anonymous_22)
FN:268,(anonymous_23)
FN:277,(anonymous_24)
FN:279,(anonymous_25)
FN:289,(anonymous_26)
FN:302,(anonymous_27)
FN:304,(anonymous_28)
FN:313,(anonymous_29)
FN:315,(anonymous_30)
FN:336,(anonymous_31)
FN:338,(anonymous_32)
FN:350,(anonymous_33)
FN:356,(anonymous_34)
FN:389,(anonymous_35)
FN:389,(anonymous_36)
FN:399,(anonymous_37)
FN:399,(anonymous_38)
FNF:39
FNH:23
FNDA:33,formatCurrency
FNDA:33,formatDate
FNDA:33,isOverdue
FNDA:27,InvoiceList
FNDA:12,(anonymous_4)
FNDA:0,(anonymous_5)
FNDA:33,(anonymous_6)
FNDA:12,(anonymous_7)
FNDA:33,(anonymous_8)
FNDA:12,(anonymous_9)
FNDA:0,(anonymous_10)
FNDA:33,(anonymous_11)
FNDA:12,(anonymous_12)
FNDA:33,(anonymous_13)
FNDA:12,(anonymous_14)
FNDA:0,(anonymous_15)
FNDA:33,(anonymous_16)
FNDA:12,(anonymous_17)
FNDA:33,(anonymous_18)
FNDA:0,(anonymous_19)
FNDA:0,(anonymous_20)
FNDA:0,(anonymous_21)
FNDA:0,(anonymous_22)
FNDA:0,(anonymous_23)
FNDA:0,(anonymous_24)
FNDA:0,(anonymous_25)
FNDA:120,(anonymous_26)
FNDA:0,(anonymous_27)
FNDA:0,(anonymous_28)
FNDA:0,(anonymous_29)
FNDA:0,(anonymous_30)
FNDA:12,(anonymous_31)
FNDA:72,(anonymous_32)
FNDA:33,(anonymous_33)
FNDA:198,(anonymous_34)
FNDA:0,(anonymous_35)
FNDA:0,(anonymous_36)
FNDA:1,(anonymous_37)
FNDA:1,(anonymous_38)
DA:40,2
DA:60,33
DA:67,33
DA:75,33
DA:76,22
DA:80,27
DA:81,27
DA:85,27
DA:86,27
DA:87,27
DA:88,27
DA:90,27
DA:97,27
DA:101,12
DA:103,0
DA:111,33
DA:112,33
DA:126,12
DA:131,33
DA:139,12
DA:141,0
DA:149,33
DA:157,12
DA:162,33
DA:171,12
DA:173,0
DA:181,33
DA:182,33
DA:183,33
DA:193,12
DA:198,33
DA:199,33
DA:215,0
DA:220,0
DA:224,0
DA:237,27
DA:248,27
DA:249,14
DA:252,13
DA:253,1
DA:256,12
DA:268,0
DA:278,0
DA:279,0
DA:290,120
DA:303,0
DA:304,0
DA:314,0
DA:315,0
DA:337,12
DA:339,72
DA:351,33
DA:357,198
DA:389,0
DA:399,1
LF:55
LH:41
BRDA:75,0,0,11
BRDA:75,0,1,22
BRDA:75,1,0,33
BRDA:75,1,1,22
BRDA:92,2,0,0
BRDA:92,2,1,27
BRDA:93,3,0,27
BRDA:93,3,1,27
BRDA:94,4,0,27
BRDA:94,4,1,27
BRDA:184,5,0,22
BRDA:184,5,1,11
BRDA:214,6,0,33
BRDA:214,6,1,0
BRDA:219,7,0,33
BRDA:219,7,1,0
BRDA:219,7,2,0
BRDA:222,8,0,33
BRDA:222,8,1,0
BRDA:222,8,2,0
BRDA:238,9,0,27
BRDA:238,9,1,15
BRDA:248,10,0,14
BRDA:248,10,1,13
BRDA:252,11,0,1
BRDA:252,11,1,12
BRDA:340,12,0,0
BRDA:340,12,1,72
BRDA:349,13,0,11
BRDA:349,13,1,1
BRDA:375,14,0,27
BRDA:375,14,1,12
BRDA:375,14,2,3
BRF:33
BRH:26
end_of_record
TN:
SF:src/features/invoices/components/InvoiceStatusBadge.tsx
FN:11,InvoiceStatusBadge2
FNF:1
FNH:1
FNDA:80,InvoiceStatusBadge2
DA:11,5
DA:15,80
DA:17,80
LF:3
LH:3
BRF:0
BRH:0
end_of_record
TN:
SF:src/features/invoices/components/LienDeadlinesWidget.tsx
FN:10,calculateDaysRemaining
FN:20,formatCurrency
FN:27,formatDate
FN:40,DeadlineItem2
FN:96,LienDeadlinesWidget2
FN:156,(anonymous_5)
FN:187,(anonymous_6)
FNF:7
FNH:7
FNDA:13,calculateDaysRemaining
FNDA:13,formatCurrency
FNDA:13,formatDate
FNDA:13,DeadlineItem2
FNDA:19,LienDeadlinesWidget2
FNDA:8,(anonymous_5)
FNDA:5,(anonymous_6)
DA:11,13
DA:21,13
DA:28,13
DA:40,2
DA:45,13
DA:47,13
DA:48,13
DA:50,13
DA:56,13
DA:62,13
DA:96,2
DA:99,19
DA:101,19
DA:102,19
DA:104,19
DA:105,19
DA:106,19
DA:108,19
DA:157,8
DA:188,5
LF:20
LH:20
BRDA:48,0,0,13
BRDA:48,0,1,0
BRDA:50,1,0,13
BRDA:50,1,1,0
BRDA:52,2,0,0
BRDA:52,2,1,0
BRDA:56,3,0,13
BRDA:56,3,1,0
BRDA:58,4,0,0
BRDA:58,4,1,0
BRDA:87,5,0,8
BRDA:87,5,1,5
BRDA:89,6,0,8
BRDA:89,6,1,5
BRDA:104,7,0,19
BRDA:104,7,1,9
BRDA:105,8,0,19
BRDA:105,8,1,9
BRDA:106,9,0,19
BRDA:106,9,1,13
BRDA:109,10,0,19
BRDA:109,10,1,19
BRDA:117,11,0,19
BRDA:117,11,1,8
BRDA:127,12,0,19
BRDA:127,12,1,1
BRDA:136,13,0,19
BRDA:136,13,1,11
BRDA:136,13,2,10
BRDA:136,13,3,2
BRDA:145,14,0,19
BRDA:145,14,1,11
BRDA:145,14,2,10
BRDA:145,14,3,8
BRDA:147,15,0,8
BRDA:147,15,1,6
BRDA:164,16,0,6
BRDA:164,16,1,1
BRDA:178,17,0,8
BRDA:178,17,1,3
BRDA:195,18,0,3
BRDA:195,18,1,1
BRF:42
BRH:35
end_of_record
TN:
SF:src/features/invoices/components/OverdueInvoicesWidget.tsx
FN:14,formatCurrency
FN:21,getDaysOverdue
FN:32,OverdueItem2
FN:78,OverdueInvoicesWidget2
FN:85,(anonymous_4)
FN:130,(anonymous_5)
FNF:6
FNH:6
FNDA:8,formatCurrency
FNDA:4,getDaysOverdue
FNDA:4,OverdueItem2
FNDA:14,OverdueInvoicesWidget2
FNDA:4,(anonymous_4)
FNDA:4,(anonymous_5)
DA:15,8
DA:22,4
DA:23,4
DA:24,4
DA:25,4
DA:32,2
DA:33,4
DA:35,4
DA:78,2
DA:81,14
DA:83,14
DA:84,14
DA:85,14
DA:87,14
DA:131,4
LF:15
LH:15
BRDA:83,0,0,14
BRDA:83,0,1,9
BRDA:84,1,0,14
BRDA:84,1,1,9
BRDA:88,2,0,14
BRDA:88,2,1,14
BRDA:93,3,0,14
BRDA:93,3,1,4
BRDA:101,4,0,14
BRDA:101,4,1,8
BRDA:110,5,0,14
BRDA:110,5,1,1
BRDA:119,6,0,14
BRDA:119,6,1,6
BRDA:119,6,2,5
BRDA:119,6,3,1
BRDA:128,7,0,14
BRDA:128,7,1,6
BRDA:128,7,2,5
BRDA:128,7,3,4
BRDA:133,8,0,4
BRDA:133,8,1,1
BRF:22
BRH:22
end_of_record
TN:
SF:src/features/invoices/components/PaymentDialog.tsx
FN:53,PaymentDialog
FN:67,(anonymous_1)
FN:88,(anonymous_2)
FN:139,(anonymous_3)
FN:157,(anonymous_4)
FN:171,(anonymous_5)
FN:212,(anonymous_6)
FN:228,(anonymous_7)
FN:244,(anonymous_8)
FN:263,(anonymous_9)
FNF:10
FNH:6
FNDA:20,PaymentDialog
FNDA:2,(anonymous_1)
FNDA:1,(anonymous_2)
FNDA:2,(anonymous_3)
FNDA:0,(anonymous_4)
FNDA:100,(anonymous_5)
FNDA:0,(anonymous_6)
FNDA:0,(anonymous_7)
FNDA:0,(anonymous_8)
FNDA:1,(anonymous_9)
DA:45,2
DA:60,20
DA:61,20
DA:62,20
DA:63,20
DA:64,20
DA:65,20
DA:67,20
DA:68,2
DA:70,2
DA:71,2
DA:72,1
DA:73,1
DA:76,1
DA:77,1
DA:78,1
DA:81,0
DA:88,20
DA:89,1
DA:91,1
DA:92,1
DA:93,1
DA:94,1
DA:95,1
DA:96,1
DA:98,1
DA:101,20
DA:139,2
DA:157,0
DA:172,100
DA:212,0
DA:228,0
DA:244,0
DA:263,1
LF:34
LH:29
BRDA:58,0,0,20
BRDA:71,1,0,1
BRDA:71,1,1,1
BRDA:71,2,0,2
BRDA:71,2,1,2
BRDA:76,3,0,1
BRDA:76,3,1,0
BRDA:84,4,0,0
BRDA:84,4,1,0
BRDA:89,5,0,1
BRDA:89,5,1,0
BRDA:195,6,0,20
BRDA:195,6,1,0
BRDA:201,7,0,20
BRDA:201,7,1,0
BRDA:212,8,0,0
BRDA:212,8,1,0
BRDA:253,9,0,20
BRDA:253,9,1,2
BRDA:276,10,0,2
BRDA:276,10,1,18
BRF:21
BRH:13
end_of_record
TN:
SF:src/features/invoices/hooks/useInvoiceMutations.ts
FN:7,useCreateInvoice
FN:10,(anonymous_1)
FN:11,(anonymous_2)
FN:19,useUpdateInvoice
FN:22,(anonymous_4)
FN:24,(anonymous_5)
FN:32,useCancelInvoice
FN:35,(anonymous_7)
FN:36,(anonymous_8)
FN:43,useSendInvoice
FN:46,(anonymous_10)
FN:47,(anonymous_11)
FN:55,useRecordPayment
FN:58,(anonymous_13)
FN:60,(anonymous_14)
FN:69,useSendReminder
FN:72,(anonymous_16)
FN:73,(anonymous_17)
FN:80,useSendLienWarning
FN:83,(anonymous_19)
FN:84,(anonymous_20)
FN:93,useMarkLienFiled
FN:96,(anonymous_22)
FN:98,(anonymous_23)
FN:107,useGenerateInvoiceFromJob
FN:110,(anonymous_25)
FN:111,(anonymous_26)
FNF:27
FNH:10
FNDA:37,useCreateInvoice
FNDA:1,(anonymous_1)
FNDA:1,(anonymous_2)
FNDA:37,useUpdateInvoice
FNDA:0,(anonymous_4)
FNDA:0,(anonymous_5)
FNDA:0,useCancelInvoice
FNDA:0,(anonymous_7)
FNDA:0,(anonymous_8)
FNDA:33,useSendInvoice
FNDA:1,(anonymous_10)
FNDA:1,(anonymous_11)
FNDA:0,useRecordPayment
FNDA:0,(anonymous_13)
FNDA:0,(anonymous_14)
FNDA:33,useSendReminder
FNDA:0,(anonymous_16)
FNDA:0,(anonymous_17)
FNDA:33,useSendLienWarning
FNDA:0,(anonymous_19)
FNDA:0,(anonymous_20)
FNDA:33,useMarkLienFiled
FNDA:0,(anonymous_22)
FNDA:0,(anonymous_23)
FNDA:0,useGenerateInvoiceFromJob
FNDA:0,(anonymous_25)
FNDA:0,(anonymous_26)
DA:8,37
DA:9,37
DA:10,1
DA:13,1
DA:20,37
DA:21,37
DA:23,0
DA:25,0
DA:26,0
DA:33,0
DA:34,0
DA:35,0
DA:37,0
DA:44,33
DA:45,33
DA:46,1
DA:48,1
DA:49,1
DA:56,0
DA:57,0
DA:59,0
DA:61,0
DA:62,0
DA:63,0
DA:70,33
DA:71,33
DA:72,0
DA:74,0
DA:81,33
DA:82,33
DA:83,0
DA:85,0
DA:86,0
DA:87,0
DA:94,33
DA:95,33
DA:97,0
DA:99,0
DA:100,0
DA:101,0
DA:108,0
DA:109,0
DA:110,0
DA:112,0
LF:44
LH:17
BRF:0
BRH:0
end_of_record
TN:
SF:src/features/invoices/hooks/useInvoices.ts
FN:8,(anonymous_0)
FN:9,(anonymous_1)
FN:10,(anonymous_2)
FN:11,(anonymous_3)
FN:12,(anonymous_4)
FN:13,(anonymous_5)
FN:14,(anonymous_6)
FN:18,useInvoices
FN:21,(anonymous_8)
FN:26,useInvoice
FN:29,(anonymous_10)
FN:35,useOverdueInvoices
FN:38,(anonymous_12)
FN:43,useLienDeadlines
FN:46,(anonymous_14)
FN:51,useInvoicesByJob
FN:54,(anonymous_16)
FNF:17
FNH:17
FNDA:34,(anonymous_0)
FNDA:32,(anonymous_1)
FNDA:39,(anonymous_2)
FNDA:38,(anonymous_3)
FNDA:4,(anonymous_4)
FNDA:10,(anonymous_5)
FNDA:10,(anonymous_6)
FNDA:31,useInvoices
FNDA:16,(anonymous_8)
FNDA:36,useInvoice
FNDA:18,(anonymous_10)
FNDA:9,useOverdueInvoices
FNDA:8,(anonymous_12)
FNDA:9,useLienDeadlines
FNDA:8,(anonymous_14)
FNDA:3,useInvoicesByJob
FNDA:1,(anonymous_16)
DA:6,5
DA:8,34
DA:9,32
DA:10,39
DA:11,38
DA:12,4
DA:13,10
DA:14,10
DA:19,31
DA:21,16
DA:27,36
DA:29,18
DA:36,9
DA:38,8
DA:44,9
DA:46,8
DA:52,3
DA:55,1
DA:56,1
LF:19
LH:19
BRF:0
BRH:0
end_of_record
TN:
SF:src/features/jobs/api/jobApi.ts
FN:15,(anonymous_0)
FN:23,(anonymous_1)
FN:29,(anonymous_2)
FN:35,(anonymous_3)
FN:41,(anonymous_4)
FN:47,(anonymous_5)
FN:52,(anonymous_6)
FN:60,(anonymous_7)
FN:68,(anonymous_8)
FN:79,(anonymous_9)
FN:90,(anonymous_10)
FN:98,(anonymous_11)
FN:103,(anonymous_12)
FN:108,(anonymous_13)
FN:113,(anonymous_14)
FNF:15
FNH:15
FNDA:2,(anonymous_0)
FNDA:1,(anonymous_1)
FNDA:1,(anonymous_2)
FNDA:1,(anonymous_3)
FNDA:5,(anonymous_4)
FNDA:1,(anonymous_5)
FNDA:11,(anonymous_6)
FNDA:1,(anonymous_7)
FNDA:1,(anonymous_8)
FNDA:1,(anonymous_9)
FNDA:1,(anonymous_10)
FNDA:1,(anonymous_11)
FNDA:1,(anonymous_12)
FNDA:1,(anonymous_13)
FNDA:1,(anonymous_14)
DA:11,10
DA:13,10
DA:16,2
DA:19,2
DA:24,1
DA:25,1
DA:30,1
DA:31,1
DA:36,1
DA:37,1
DA:42,5
DA:43,5
DA:48,1
DA:53,11
DA:56,1
DA:61,1
DA:64,1
DA:72,1
DA:75,1
DA:83,1
DA:86,1
DA:91,1
DA:94,1
DA:99,1
DA:104,1
DA:109,1
DA:114,1
LF:27
LH:27
BRF:0
BRH:0
end_of_record
TN:
SF:src/features/jobs/components/JobForm.tsx
FN:53,JobForm
FN:75,(anonymous_1)
FN:131,(anonymous_2)
FN:164,(anonymous_3)
FN:192,(anonymous_4)
FN:221,(anonymous_5)
FN:225,(anonymous_6)
FN:248,(anonymous_7)
FN:256,(anonymous_8)
FN:278,(anonymous_9)
FN:286,(anonymous_10)
FN:302,(anonymous_11)
FN:313,(anonymous_12)
FN:339,(anonymous_13)
FN:368,(anonymous_14)
FNF:15
FNH:13
FNDA:26,JobForm
FNDA:4,(anonymous_1)
FNDA:6,(anonymous_2)
FNDA:33,(anonymous_3)
FNDA:72,(anonymous_4)
FNDA:30,(anonymous_5)
FNDA:0,(anonymous_6)
FNDA:30,(anonymous_7)
FNDA:0,(anonymous_8)
FNDA:33,(anonymous_9)
FNDA:2,(anonymous_10)
FNDA:34,(anonymous_11)
FNDA:3,(anonymous_12)
FNDA:30,(anonymous_13)
FNDA:31,(anonymous_14)
DA:30,1
DA:54,26
DA:55,26
DA:56,26
DA:58,26
DA:75,26
DA:76,4
DA:77,4
DA:78,1
DA:90,1
DA:92,3
DA:105,3
DA:107,4
DA:109,0
DA:113,26
DA:115,26
DA:132,6
DA:165,33
DA:193,72
DA:222,30
DA:225,0
DA:249,30
DA:256,0
DA:279,33
DA:287,2
DA:303,34
DA:314,3
DA:340,30
DA:369,31
LF:29
LH:26
BRDA:61,0,0,26
BRDA:61,0,1,21
BRDA:61,0,2,0
BRDA:62,1,0,26
BRDA:62,1,1,26
BRDA:63,2,0,26
BRDA:63,2,1,26
BRDA:64,3,0,26
BRDA:64,3,1,21
BRDA:65,4,0,26
BRDA:65,4,1,21
BRDA:66,5,0,26
BRDA:66,5,1,21
BRDA:67,6,0,26
BRDA:67,6,1,21
BRDA:68,7,0,26
BRDA:68,7,1,21
BRDA:69,8,0,26
BRDA:69,8,1,21
BRDA:70,9,0,26
BRDA:70,9,1,21
BRDA:71,10,0,26
BRDA:71,10,1,21
BRDA:77,11,0,1
BRDA:77,11,1,3
BRDA:77,12,0,4
BRDA:77,12,1,1
BRDA:113,13,0,26
BRDA:113,13,1,26
BRDA:123,14,0,26
BRDA:123,14,1,5
BRDA:143,15,0,6
BRDA:143,15,1,0
BRDA:198,16,0,72
BRDA:198,16,1,23
BRDA:255,17,0,30
BRDA:255,17,1,0
BRDA:256,18,0,0
BRDA:256,18,1,0
BRDA:285,19,0,33
BRDA:285,19,1,22
BRDA:287,20,0,2
BRDA:287,20,1,0
BRDA:312,21,0,34
BRDA:312,21,1,22
BRDA:314,22,0,3
BRDA:314,22,1,0
BRDA:344,23,0,30
BRDA:344,23,1,24
BRDA:387,24,0,26
BRDA:387,24,1,2
BRDA:403,25,0,0
BRDA:403,25,1,26
BRDA:403,26,0,5
BRDA:403,26,1,21
BRF:55
BRH:47
end_of_record
TN:
SF:src/features/jobs/components/JobList.tsx
FN:49,JobList
FN:63,(anonymous_1)
FN:66,(anonymous_2)
FN:73,(anonymous_3)
FN:88,(anonymous_4)
FN:93,(anonymous_5)
FN:101,(anonymous_6)
FN:106,(anonymous_7)
FN:122,(anonymous_8)
FN:127,(anonymous_9)
FN:146,(anonymous_10)
FN:151,(anonymous_11)
FN:164,(anonymous_12)
FN:167,(anonymous_13)
FN:174,(anonymous_14)
FN:185,(anonymous_15)
FN:190,(anonymous_16)
FN:208,(anonymous_17)
FN:212,(anonymous_18)
FN:217,(anonymous_19)
FN:222,(anonymous_20)
FN:229,(anonymous_21)
FN:237,(anonymous_22)
FN:266,(anonymous_23)
FN:282,(anonymous_24)
FN:291,(anonymous_25)
FN:292,(anonymous_26)
FN:317,(anonymous_27)
FN:318,(anonymous_28)
FN:339,(anonymous_29)
FN:341,(anonymous_30)
FN:353,(anonymous_31)
FN:359,(anonymous_32)
FN:390,(anonymous_33)
FN:390,(anonymous_34)
FN:399,(anonymous_35)
FN:399,(anonymous_36)
FNF:37
FNH:21
FNDA:21,JobList
FNDA:9,(anonymous_1)
FNDA:0,(anonymous_2)
FNDA:16,(anonymous_3)
FNDA:9,(anonymous_4)
FNDA:16,(anonymous_5)
FNDA:9,(anonymous_6)
FNDA:16,(anonymous_7)
FNDA:9,(anonymous_8)
FNDA:16,(anonymous_9)
FNDA:9,(anonymous_10)
FNDA:16,(anonymous_11)
FNDA:9,(anonymous_12)
FNDA:0,(anonymous_13)
FNDA:16,(anonymous_14)
FNDA:9,(anonymous_15)
FNDA:16,(anonymous_16)
FNDA:1,(anonymous_17)
FNDA:0,(anonymous_18)
FNDA:0,(anonymous_19)
FNDA:0,(anonymous_20)
FNDA:0,(anonymous_21)
FNDA:1,(anonymous_22)
FNDA:0,(anonymous_23)
FNDA:0,(anonymous_24)
FNDA:0,(anonymous_25)
FNDA:0,(anonymous_26)
FNDA:0,(anonymous_27)
FNDA:0,(anonymous_28)
FNDA:9,(anonymous_29)
FNDA:63,(anonymous_30)
FNDA:16,(anonymous_31)
FNDA:112,(anonymous_32)
FNDA:0,(anonymous_33)
FNDA:0,(anonymous_34)
FNDA:0,(anonymous_35)
FNDA:0,(anonymous_36)
DA:50,21
DA:51,21
DA:52,21
DA:58,21
DA:60,21
DA:64,9
DA:66,0
DA:74,16
DA:75,16
DA:89,9
DA:94,16
DA:102,9
DA:107,16
DA:123,9
DA:128,16
DA:129,16
DA:135,16
DA:147,9
DA:152,16
DA:153,16
DA:165,9
DA:167,0
DA:175,16
DA:176,16
DA:186,9
DA:191,16
DA:192,16
DA:208,1
DA:212,0
DA:217,0
DA:222,0
DA:229,0
DA:237,1
DA:250,21
DA:261,21
DA:262,11
DA:265,10
DA:266,1
DA:269,9
DA:282,0
DA:292,0
DA:318,0
DA:340,9
DA:342,63
DA:354,16
DA:360,112
DA:390,0
DA:399,0
LF:48
LH:37
BRDA:109,0,0,8
BRDA:109,0,1,8
BRDA:114,1,0,8
BRDA:114,1,1,8
BRDA:129,2,0,16
BRDA:129,2,1,0
BRDA:152,3,0,16
BRDA:152,3,1,16
BRDA:153,4,0,16
BRDA:153,4,1,0
BRDA:207,5,0,16
BRDA:207,5,1,2
BRDA:211,6,0,16
BRDA:211,6,1,0
BRDA:211,6,2,0
BRDA:216,7,0,16
BRDA:216,7,1,0
BRDA:216,7,2,0
BRDA:221,8,0,16
BRDA:221,8,1,0
BRDA:221,8,2,0
BRDA:227,9,0,16
BRDA:227,9,1,0
BRDA:227,9,2,0
BRDA:235,10,0,16
BRDA:235,10,1,2
BRDA:251,11,0,21
BRDA:251,11,1,12
BRDA:261,12,0,11
BRDA:261,12,1,10
BRDA:265,13,0,1
BRDA:265,13,1,9
BRDA:290,14,0,9
BRDA:290,14,1,9
BRDA:294,15,0,0
BRDA:294,15,1,0
BRDA:316,16,0,21
BRDA:316,16,1,9
BRDA:320,17,0,0
BRDA:320,17,1,0
BRDA:343,18,0,0
BRDA:343,18,1,63
BRDA:352,19,0,8
BRDA:352,19,1,1
BRDA:377,20,0,21
BRDA:377,20,1,9
BRF:46
BRH:31
end_of_record
TN:
SF:src/features/jobs/components/JobStatusBadge.tsx
FN:23,JobStatusBadge2
FN:73,getNextStatuses
FN:77,canTransitionTo
FNF:3
FNH:3
FNDA:35,JobStatusBadge2
FNDA:7,getNextStatuses
FNDA:13,canTransitionTo
DA:13,2
DA:23,2
DA:29,35
DA:32,35
DA:45,35
DA:46,3
DA:59,32
DA:63,2
DA:74,7
DA:81,13
LF:10
LH:10
BRDA:26,0,0,35
BRDA:39,1,0,35
BRDA:39,1,1,35
BRDA:45,2,0,3
BRDA:45,2,1,32
BRDA:74,3,0,7
BRDA:74,3,1,0
BRDA:81,4,0,13
BRDA:81,4,1,8
BRF:9
BRH:8
end_of_record
TN:
SF:src/features/jobs/components/SearchableCustomerDropdown.tsx
FN:19,SearchableCustomerDropdown
FN:32,(anonymous_1)
FN:39,(anonymous_2)
FN:58,(anonymous_3)
FN:67,(anonymous_4)
FN:73,(anonymous_5)
FN:82,(anonymous_6)
FN:83,(anonymous_7)
FN:121,(anonymous_8)
FN:139,(anonymous_9)
FN:142,(anonymous_10)
FNF:11
FNH:11
FNDA:85,SearchableCustomerDropdown
FNDA:21,(anonymous_1)
FNDA:8,(anonymous_2)
FNDA:42,(anonymous_3)
FNDA:8,(anonymous_4)
FNDA:5,(anonymous_5)
FNDA:15,(anonymous_6)
FNDA:15,(anonymous_7)
FNDA:42,(anonymous_8)
FNDA:16,(anonymous_9)
FNDA:5,(anonymous_10)
DA:24,85
DA:25,85
DA:26,85
DA:27,85
DA:28,85
DA:29,85
DA:32,85
DA:33,21
DA:34,3
DA:39,85
DA:40,8
DA:41,0
DA:42,0
DA:45,8
DA:46,8
DA:47,8
DA:48,8
DA:50,0
DA:51,0
DA:53,8
DA:58,85
DA:59,42
DA:62,42
DA:63,33
DA:67,42
DA:68,8
DA:73,85
DA:74,5
DA:75,5
DA:76,5
DA:77,5
DA:78,5
DA:82,85
DA:83,15
DA:84,15
DA:85,9
DA:90,85
DA:121,42
DA:140,16
DA:142,5
LF:40
LH:36
BRDA:22,0,0,85
BRDA:33,1,0,3
BRDA:33,1,1,18
BRDA:33,2,0,21
BRDA:33,2,1,4
BRDA:40,3,0,0
BRDA:40,3,1,8
BRDA:62,4,0,33
BRDA:62,4,1,9
BRDA:84,5,0,9
BRDA:84,5,1,6
BRDA:101,6,0,6
BRDA:101,6,1,79
BRDA:126,7,0,85
BRDA:126,7,1,0
BRDA:129,8,0,85
BRDA:129,8,1,77
BRDA:129,8,2,42
BRDA:129,8,3,42
BRDA:134,9,0,85
BRDA:134,9,1,77
BRDA:134,9,2,35
BRDA:145,10,0,0
BRDA:145,10,1,16
BRDA:154,11,0,0
BRDA:154,11,1,16
BRDA:163,12,0,16
BRDA:163,12,1,16
BRF:28
BRH:24
end_of_record
TN:
SF:src/features/jobs/hooks/useJobMutations.ts
FN:7,useCreateJob
FN:11,(anonymous_1)
FN:12,(anonymous_2)
FN:22,useUpdateJob
FN:26,(anonymous_4)
FN:28,(anonymous_5)
FN:40,useUpdateJobStatus
FN:44,(anonymous_7)
FN:46,(anonymous_8)
FN:62,useDeleteJob
FN:66,(anonymous_10)
FN:67,(anonymous_11)
FN:79,useApproveJob
FN:83,(anonymous_13)
FN:84,(anonymous_14)
FN:93,useCancelJob
FN:97,(anonymous_16)
FN:99,(anonymous_17)
FN:109,useCompleteJob
FN:113,(anonymous_19)
FN:115,(anonymous_20)
FN:123,useCloseJob
FN:127,(anonymous_22)
FN:129,(anonymous_23)
FNF:24
FNH:24
FNDA:28,useCreateJob
FNDA:5,(anonymous_1)
FNDA:4,(anonymous_2)
FNDA:27,useUpdateJob
FNDA:2,(anonymous_4)
FNDA:2,(anonymous_5)
FNDA:1,useUpdateJobStatus
FNDA:1,(anonymous_7)
FNDA:1,(anonymous_8)
FNDA:1,useDeleteJob
FNDA:1,(anonymous_10)
FNDA:1,(anonymous_11)
FNDA:1,useApproveJob
FNDA:1,(anonymous_13)
FNDA:1,(anonymous_14)
FNDA:2,useCancelJob
FNDA:2,(anonymous_16)
FNDA:2,(anonymous_17)
FNDA:2,useCompleteJob
FNDA:2,(anonymous_19)
FNDA:2,(anonymous_20)
FNDA:2,useCloseJob
FNDA:2,(anonymous_22)
FNDA:2,(anonymous_23)
DA:8,28
DA:10,28
DA:11,5
DA:14,4
DA:15,4
DA:16,4
DA:23,27
DA:25,27
DA:27,2
DA:30,2
DA:32,2
DA:33,2
DA:34,2
DA:41,1
DA:43,1
DA:45,1
DA:48,1
DA:50,1
DA:51,1
DA:52,1
DA:54,1
DA:63,1
DA:65,1
DA:66,1
DA:69,1
DA:71,1
DA:72,1
DA:73,1
DA:80,1
DA:82,1
DA:83,1
DA:85,1
DA:86,1
DA:87,1
DA:94,2
DA:96,2
DA:98,2
DA:100,2
DA:101,2
DA:102,2
DA:103,2
DA:110,2
DA:112,2
DA:114,2
DA:116,2
DA:117,2
DA:124,2
DA:126,2
DA:128,2
DA:130,2
DA:131,2
LF:51
LH:51
BRF:0
BRH:0
end_of_record
TN:
SF:src/features/jobs/hooks/useJobs.ts
FN:8,(anonymous_0)
FN:9,(anonymous_1)
FN:10,(anonymous_2)
FN:11,(anonymous_3)
FN:12,(anonymous_4)
FN:13,(anonymous_5)
FN:15,(anonymous_6)
FN:16,(anonymous_7)
FN:17,(anonymous_8)
FN:21,useJobs
FN:24,(anonymous_10)
FN:29,useJob
FN:32,(anonymous_12)
FN:38,useJobsByStatus
FN:44,(anonymous_14)
FN:49,useJobsByCustomer
FN:55,(anonymous_16)
FN:61,useJobsReadyToSchedule
FN:64,(anonymous_18)
FN:69,useJobsRequiresEstimate
FN:72,(anonymous_20)
FN:77,useJobSearch
FN:80,(anonymous_22)
FNF:23
FNH:23
FNDA:44,(anonymous_0)
FNDA:28,(anonymous_1)
FNDA:16,(anonymous_2)
FNDA:15,(anonymous_3)
FNDA:6,(anonymous_4)
FNDA:4,(anonymous_5)
FNDA:39,(anonymous_6)
FNDA:13,(anonymous_7)
FNDA:4,(anonymous_8)
FNDA:27,useJobs
FNDA:14,(anonymous_10)
FNDA:3,useJob
FNDA:1,(anonymous_12)
FNDA:4,useJobsByStatus
FNDA:2,(anonymous_14)
FNDA:3,useJobsByCustomer
FNDA:1,(anonymous_16)
FNDA:27,useJobsReadyToSchedule
FNDA:11,(anonymous_18)
FNDA:2,useJobsRequiresEstimate
FNDA:1,(anonymous_20)
FNDA:3,useJobSearch
FNDA:1,(anonymous_22)
DA:6,5
DA:8,44
DA:9,28
DA:10,16
DA:11,15
DA:12,6
DA:14,4
DA:15,39
DA:16,13
DA:17,4
DA:22,27
DA:24,14
DA:30,3
DA:32,1
DA:42,4
DA:44,2
DA:53,3
DA:55,1
DA:62,27
DA:64,11
DA:70,2
DA:72,1
DA:78,3
DA:80,1
LF:24
LH:24
BRF:0
BRH:0
end_of_record
TN:
SF:src/features/leads/api/leadApi.ts
FN:15,(anonymous_0)
FN:23,(anonymous_1)
FN:29,(anonymous_2)
FN:35,(anonymous_3)
FN:44,(anonymous_4)
FNF:5
FNH:1
FNDA:7,(anonymous_0)
FNDA:0,(anonymous_1)
FNDA:0,(anonymous_2)
FNDA:0,(anonymous_3)
FNDA:0,(anonymous_4)
DA:11,1
DA:13,1
DA:16,7
DA:19,0
DA:24,0
DA:25,0
DA:30,0
DA:31,0
DA:36,0
DA:40,0
DA:45,0
LF:11
LH:3
BRF:0
BRH:0
end_of_record
TN:
SF:src/features/leads/components/ConvertLeadDialog.tsx
FN:55,splitName
FN:68,ConvertLeadDialog
FN:100,ConvertLeadForm
FN:114,(anonymous_3)
FN:169,(anonymous_4)
FN:182,(anonymous_5)
FN:222,(anonymous_6)
FN:234,(anonymous_7)
FNF:8
FNH:5
FNDA:14,splitName
FNDA:23,ConvertLeadDialog
FNDA:14,ConvertLeadForm
FNDA:2,(anonymous_3)
FNDA:1,(anonymous_4)
FNDA:0,(anonymous_5)
FNDA:0,(anonymous_6)
FNDA:0,(anonymous_7)
DA:42,2
DA:56,14
DA:57,14
DA:58,14
DA:59,1
DA:61,13
DA:73,23
DA:101,14
DA:102,14
DA:105,14
DA:107,14
DA:108,14
DA:109,14
DA:110,14
DA:114,14
DA:115,2
DA:116,2
DA:126,2
DA:130,2
DA:133,2
DA:134,2
DA:138,0
DA:139,0
DA:145,14
DA:169,1
DA:182,0
DA:222,0
DA:234,0
LF:28
LH:23
BRDA:58,0,0,1
BRDA:58,0,1,13
BRDA:80,1,0,23
BRDA:80,1,1,9
BRDA:111,2,0,14
BRDA:111,2,1,0
BRDA:122,3,0,1
BRDA:122,3,1,1
BRDA:127,4,0,2
BRDA:127,4,1,0
BRDA:133,5,0,2
BRDA:133,5,1,0
BRDA:138,6,0,0
BRDA:138,6,1,0
BRDA:210,7,0,14
BRDA:210,7,1,11
BRDA:243,8,0,14
BRDA:243,8,1,14
BRDA:246,9,0,0
BRDA:246,9,1,14
BRF:20
BRH:14
end_of_record
TN:
SF:src/features/leads/components/LeadDetail.tsx
FN:64,LeadDetail
FN:75,(anonymous_1)
FN:92,(anonymous_2)
FN:112,(anonymous_3)
FN:129,(anonymous_4)
FN:146,(anonymous_5)
FN:163,(anonymous_6)
FN:185,(anonymous_7)
FN:201,(anonymous_8)
FN:240,(anonymous_9)
FN:446,(anonymous_10)
FN:476,(anonymous_11)
FN:554,(anonymous_12)
FNF:13
FNH:4
FNDA:29,LeadDetail
FNDA:0,(anonymous_1)
FNDA:0,(anonymous_2)
FNDA:0,(anonymous_3)
FNDA:0,(anonymous_4)
FNDA:0,(anonymous_5)
FNDA:0,(anonymous_6)
FNDA:0,(anonymous_7)
FNDA:26,(anonymous_8)
FNDA:0,(anonymous_9)
FNDA:32,(anonymous_10)
FNDA:26,(anonymous_11)
FNDA:0,(anonymous_12)
DA:55,1
DA:65,29
DA:66,29
DA:67,29
DA:68,29
DA:69,29
DA:70,29
DA:72,29
DA:75,29
DA:76,0
DA:77,0
DA:78,0
DA:82,0
DA:86,0
DA:87,0
DA:92,29
DA:93,0
DA:94,0
DA:95,0
DA:96,0
DA:100,0
DA:106,0
DA:107,0
DA:112,29
DA:113,0
DA:114,0
DA:115,0
DA:119,0
DA:123,0
DA:124,0
DA:129,29
DA:130,0
DA:131,0
DA:132,0
DA:136,0
DA:140,0
DA:141,0
DA:146,29
DA:147,0
DA:148,0
DA:149,0
DA:153,0
DA:157,0
DA:158,0
DA:163,29
DA:164,0
DA:165,0
DA:166,0
DA:168,0
DA:169,0
DA:170,0
DA:173,0
DA:175,0
DA:176,0
DA:180,29
DA:181,15
DA:184,14
DA:185,1
DA:188,13
DA:189,0
DA:192,13
DA:193,29
DA:194,29
DA:195,29
DA:196,29
DA:197,29
DA:200,29
DA:201,26
DA:204,29
DA:240,0
DA:447,32
DA:477,26
DA:554,0
LF:73
LH:30
BRDA:76,0,0,0
BRDA:76,0,1,0
BRDA:86,1,0,0
BRDA:86,1,1,0
BRDA:93,2,0,0
BRDA:93,2,1,0
BRDA:94,3,0,0
BRDA:94,3,1,0
BRDA:101,4,0,0
BRDA:101,4,1,0
BRDA:106,5,0,0
BRDA:106,5,1,0
BRDA:113,6,0,0
BRDA:113,6,1,0
BRDA:123,7,0,0
BRDA:123,7,1,0
BRDA:130,8,0,0
BRDA:130,8,1,0
BRDA:140,9,0,0
BRDA:140,9,1,0
BRDA:147,10,0,0
BRDA:147,10,1,0
BRDA:157,11,0,0
BRDA:157,11,1,0
BRDA:164,12,0,0
BRDA:164,12,1,0
BRDA:165,13,0,0
BRDA:165,13,1,0
BRDA:175,14,0,0
BRDA:175,14,1,0
BRDA:180,15,0,15
BRDA:180,15,1,14
BRDA:184,16,0,1
BRDA:184,16,1,13
BRDA:188,17,0,0
BRDA:188,17,1,13
BRDA:192,18,0,13
BRDA:192,18,1,9
BRDA:195,19,0,29
BRDA:195,19,1,9
BRDA:197,20,0,29
BRDA:197,20,1,0
BRDA:222,21,0,29
BRDA:222,21,1,6
BRDA:230,22,0,0
BRDA:230,22,1,6
BRDA:238,23,0,29
BRDA:238,23,1,1
BRDA:254,24,0,0
BRDA:254,24,1,13
BRDA:298,25,0,12
BRDA:298,25,1,1
BRDA:352,26,0,29
BRDA:352,26,1,13
BRDA:370,27,0,29
BRDA:370,27,1,4
BRDA:378,28,0,4
BRDA:378,28,1,4
BRDA:431,29,0,29
BRDA:431,29,1,9
BRDA:462,30,0,29
BRDA:462,30,1,13
BRDA:471,31,0,0
BRDA:471,31,1,13
BRDA:498,32,0,29
BRDA:498,32,1,2
BRDA:509,33,0,29
BRDA:509,33,1,4
BRDA:534,34,0,29
BRDA:534,34,1,9
BRDA:540,35,0,9
BRDA:540,35,1,6
BRDA:551,36,0,9
BRDA:551,36,1,1
BRDA:560,37,0,9
BRDA:560,37,1,9
BRDA:572,38,0,9
BRDA:572,38,1,9
BRDA:591,39,0,29
BRDA:591,39,1,13
BRF:80
BRH:45
end_of_record
TN:
SF:src/features/leads/components/LeadFilters.tsx
FN:22,LeadFilters
FN:27,(anonymous_1)
FN:35,(anonymous_2)
FN:45,(anonymous_3)
FN:55,(anonymous_4)
FN:62,(anonymous_5)
FN:79,(anonymous_6)
FN:98,(anonymous_7)
FN:120,(anonymous_8)
FNF:9
FNH:7
FNDA:23,LeadFilters
FNDA:18,(anonymous_1)
FNDA:0,(anonymous_2)
FNDA:0,(anonymous_3)
FNDA:1,(anonymous_4)
FNDA:1,(anonymous_5)
FNDA:5,(anonymous_6)
FNDA:138,(anonymous_7)
FNDA:92,(anonymous_8)
DA:23,23
DA:24,23
DA:27,23
DA:28,18
DA:29,18
DA:30,2
DA:34,23
DA:36,0
DA:44,23
DA:46,0
DA:54,23
DA:56,1
DA:61,23
DA:63,1
DA:68,23
DA:79,5
DA:99,138
DA:121,92
LF:18
LH:16
BRDA:23,0,0,23
BRDA:23,0,1,19
BRDA:28,1,0,18
BRDA:28,1,1,15
BRDA:29,2,0,2
BRDA:29,2,1,16
BRDA:30,3,0,2
BRDA:30,3,1,1
BRDA:37,4,0,0
BRDA:37,4,1,0
BRDA:47,5,0,0
BRDA:47,5,1,0
BRDA:56,6,0,1
BRDA:56,6,1,0
BRDA:63,7,0,1
BRDA:63,7,1,0
BRDA:87,8,0,23
BRDA:87,8,1,23
BRDA:108,9,0,23
BRDA:108,9,1,23
BRDA:133,10,0,23
BRDA:133,10,1,22
BRDA:141,11,0,23
BRDA:141,11,1,22
BRF:24
BRH:18
end_of_record
TN:
SF:src/features/leads/components/LeadSituationBadge.tsx
FN:19,LeadSituationBadge2
FNF:1
FNH:1
FNDA:32,LeadSituationBadge2
DA:12,3
DA:19,3
DA:24,32
LF:3
LH:3
BRDA:31,0,0,32
BRDA:31,0,1,31
BRF:2
BRH:2
end_of_record
TN:
SF:src/features/leads/components/LeadStatusBadge.tsx
FN:21,LeadStatusBadge2
FNF:1
FNH:1
FNDA:36,LeadStatusBadge2
DA:12,3
DA:21,3
DA:26,36
LF:3
LH:3
BRDA:33,0,0,36
BRDA:33,0,1,35
BRF:2
BRH:2
end_of_record
TN:
SF:src/features/leads/components/LeadsList.tsx
FN:27,LeadsList
FN:39,(anonymous_1)
FN:40,(anonymous_2)
FN:46,(anonymous_3)
FN:55,(anonymous_4)
FN:60,(anonymous_5)
FN:68,(anonymous_6)
FN:73,(anonymous_7)
FN:82,(anonymous_8)
FN:87,(anonymous_9)
FN:93,(anonymous_10)
FN:98,(anonymous_11)
FN:102,(anonymous_12)
FN:107,(anonymous_13)
FN:113,(anonymous_14)
FN:118,(anonymous_15)
FN:129,(anonymous_16)
FN:134,(anonymous_17)
FN:157,(anonymous_18)
FN:181,(anonymous_19)
FN:186,(anonymous_20)
FN:201,(anonymous_21)
FN:206,(anonymous_22)
FN:208,(anonymous_23)
FN:256,(anonymous_24)
FN:257,(anonymous_25)
FN:267,(anonymous_26)
FN:268,(anonymous_27)
FNF:28
FNH:21
FNDA:15,LeadsList
FNDA:0,(anonymous_1)
FNDA:0,(anonymous_2)
FNDA:1,(anonymous_3)
FNDA:6,(anonymous_4)
FNDA:8,(anonymous_5)
FNDA:6,(anonymous_6)
FNDA:8,(anonymous_7)
FNDA:6,(anonymous_8)
FNDA:8,(anonymous_9)
FNDA:6,(anonymous_10)
FNDA:8,(anonymous_11)
FNDA:6,(anonymous_12)
FNDA:8,(anonymous_13)
FNDA:6,(anonymous_14)
FNDA:8,(anonymous_15)
FNDA:6,(anonymous_16)
FNDA:8,(anonymous_17)
FNDA:0,(anonymous_18)
FNDA:6,(anonymous_19)
FNDA:42,(anonymous_20)
FNDA:8,(anonymous_21)
FNDA:1,(anonymous_22)
FNDA:56,(anonymous_23)
FNDA:0,(anonymous_24)
FNDA:0,(anonymous_25)
FNDA:0,(anonymous_26)
FNDA:0,(anonymous_27)
DA:28,15
DA:29,15
DA:36,15
DA:38,15
DA:40,0
DA:45,15
DA:47,1
DA:52,15
DA:56,6
DA:61,8
DA:69,6
DA:74,8
DA:83,6
DA:88,8
DA:94,6
DA:98,8
DA:103,6
DA:108,8
DA:114,6
DA:119,8
DA:120,8
DA:130,6
DA:135,8
DA:146,15
DA:152,15
DA:153,8
DA:156,7
DA:157,1
DA:160,6
DA:182,6
DA:187,42
DA:202,8
DA:206,1
DA:209,56
DA:257,0
DA:268,0
LF:36
LH:33
BRDA:136,0,0,4
BRDA:136,0,1,4
BRDA:147,1,0,15
BRDA:147,1,1,9
BRDA:152,2,0,8
BRDA:152,2,1,7
BRDA:156,3,0,1
BRDA:156,3,1,6
BRDA:166,4,0,6
BRDA:166,4,1,6
BRDA:168,5,0,0
BRDA:168,5,1,6
BRDA:188,6,0,0
BRDA:188,6,1,42
BRDA:200,7,0,4
BRDA:200,7,1,2
BRDA:238,8,0,15
BRDA:238,8,1,6
BRDA:238,8,2,4
BRDA:257,9,0,0
BRDA:257,9,1,0
BRDA:268,10,0,0
BRDA:268,10,1,0
BRF:23
BRH:17
end_of_record
TN:
SF:src/features/leads/hooks/useLeadMutations.ts
FN:7,useUpdateLead
FN:11,(anonymous_1)
FN:13,(anonymous_2)
FN:21,useConvertLead
FN:25,(anonymous_4)
FN:27,(anonymous_5)
FN:35,useDeleteLead
FN:39,(anonymous_7)
FN:40,(anonymous_8)
FNF:9
FNH:9
FNDA:31,useUpdateLead
FNDA:2,(anonymous_1)
FNDA:1,(anonymous_2)
FNDA:16,useConvertLead
FNDA:4,(anonymous_4)
FNDA:3,(anonymous_5)
FNDA:31,useDeleteLead
FNDA:2,(anonymous_7)
FNDA:1,(anonymous_8)
DA:8,31
DA:10,31
DA:12,2
DA:14,1
DA:15,1
DA:22,16
DA:24,16
DA:26,4
DA:28,3
DA:29,3
DA:36,31
DA:38,31
DA:39,2
DA:41,1
DA:42,1
LF:15
LH:15
BRF:0
BRH:0
end_of_record
TN:
SF:src/features/leads/hooks/useLeads.ts
FN:8,(anonymous_0)
FN:9,(anonymous_1)
FN:10,(anonymous_2)
FN:11,(anonymous_3)
FN:15,useLeads
FN:18,(anonymous_5)
FN:23,useLead
FN:26,(anonymous_7)
FNF:8
FNH:8
FNDA:36,(anonymous_0)
FNDA:30,(anonymous_1)
FNDA:39,(anonymous_2)
FNDA:38,(anonymous_3)
FNDA:28,useLeads
FNDA:18,(anonymous_5)
FNDA:32,useLead
FNDA:16,(anonymous_7)
DA:6,6
DA:8,36
DA:9,30
DA:10,39
DA:11,38
DA:16,28
DA:18,18
DA:24,32
DA:26,16
LF:9
LH:9
BRF:0
BRH:0
end_of_record
TN:
SF:src/features/schedule/api/appointmentApi.ts
FN:24,(anonymous_0)
FN:37,(anonymous_1)
FN:45,(anonymous_2)
FN:53,(anonymous_3)
FN:61,(anonymous_4)
FN:68,(anonymous_5)
FN:78,(anonymous_6)
FN:91,(anonymous_7)
FN:109,(anonymous_8)
FN:116,(anonymous_9)
FN:123,(anonymous_10)
FN:130,(anonymous_11)
FNF:12
FNH:12
FNDA:2,(anonymous_0)
FNDA:1,(anonymous_1)
FNDA:1,(anonymous_2)
FNDA:5,(anonymous_3)
FNDA:1,(anonymous_4)
FNDA:1,(anonymous_5)
FNDA:1,(anonymous_6)
FNDA:14,(anonymous_7)
FNDA:1,(anonymous_8)
FNDA:1,(anonymous_9)
FNDA:1,(anonymous_10)
FNDA:1,(anonymous_11)
DA:18,2
DA:20,2
DA:27,2
DA:31,2
DA:38,1
DA:39,1
DA:46,1
DA:47,1
DA:54,5
DA:55,5
DA:62,1
DA:69,1
DA:72,1
DA:82,1
DA:85,1
DA:95,14
DA:96,14
DA:97,14
DA:99,14
DA:103,2
DA:110,1
DA:117,1
DA:124,1
DA:131,1
LF:24
LH:24
BRDA:96,0,0,13
BRDA:96,0,1,1
BRDA:97,1,0,13
BRDA:97,1,1,1
BRF:4
BRH:4
end_of_record
TN:
SF:src/features/schedule/api/scheduleGenerationApi.ts
FN:38,(anonymous_0)
FN:51,(anonymous_1)
FN:64,(anonymous_2)
FN:74,(anonymous_3)
FN:84,(anonymous_4)
FN:97,(anonymous_5)
FN:110,(anonymous_6)
FN:123,(anonymous_7)
FN:143,(anonymous_8)
FN:154,(anonymous_9)
FN:167,(anonymous_10)
FN:180,(anonymous_11)
FN:191,(anonymous_12)
FN:201,(anonymous_13)
FNF:14
FNH:13
FNDA:1,(anonymous_0)
FNDA:1,(anonymous_1)
FNDA:1,(anonymous_2)
FNDA:1,(anonymous_3)
FNDA:1,(anonymous_4)
FNDA:1,(anonymous_5)
FNDA:1,(anonymous_6)
FNDA:2,(anonymous_7)
FNDA:1,(anonymous_8)
FNDA:1,(anonymous_9)
FNDA:1,(anonymous_10)
FNDA:14,(anonymous_11)
FNDA:1,(anonymous_12)
FNDA:0,(anonymous_13)
DA:32,2
DA:34,2
DA:41,1
DA:45,1
DA:54,1
DA:58,1
DA:65,1
DA:68,1
DA:75,1
DA:78,1
DA:87,1
DA:91,1
DA:100,1
DA:104,1
DA:113,1
DA:117,1
DA:127,2
DA:136,2
DA:144,1
DA:148,1
DA:157,1
DA:161,1
DA:170,1
DA:174,1
DA:181,14
DA:185,2
DA:192,1
DA:195,1
DA:202,0
DA:205,0
LF:30
LH:28
BRDA:180,0,0,14
BRF:1
BRH:1
end_of_record
TN:
SF:src/features/schedule/components/AppointmentForm.tsx
FN:42,(anonymous_0)
FN:65,AppointmentForm
FN:95,(anonymous_2)
FN:144,(anonymous_3)
FN:161,(anonymous_4)
FN:177,(anonymous_5)
FN:194,(anonymous_6)
FN:210,(anonymous_7)
FN:226,(anonymous_8)
FN:240,(anonymous_9)
FN:256,(anonymous_10)
FNF:11
FNH:8
FNDA:3,(anonymous_0)
FNDA:25,AppointmentForm
FNDA:0,(anonymous_2)
FNDA:25,(anonymous_3)
FNDA:0,(anonymous_4)
FNDA:25,(anonymous_5)
FNDA:0,(anonymous_6)
FNDA:29,(anonymous_7)
FNDA:25,(anonymous_8)
FNDA:25,(anonymous_9)
FNDA:47,(anonymous_10)
DA:34,1
DA:43,3
DA:44,3
DA:46,0
DA:73,25
DA:74,25
DA:77,25
DA:78,25
DA:80,25
DA:82,25
DA:95,25
DA:96,0
DA:97,0
DA:98,0
DA:105,0
DA:110,0
DA:118,0
DA:120,0
DA:122,0
DA:126,25
DA:127,25
DA:130,25
DA:131,25
DA:133,25
DA:145,25
DA:162,0
DA:178,25
DA:195,0
DA:211,29
DA:227,25
DA:241,25
DA:257,47
LF:32
LH:21
BRDA:43,0,0,3
BRDA:43,0,1,0
BRDA:43,1,0,3
BRDA:43,1,1,3
BRDA:85,2,0,25
BRDA:85,2,1,21
BRDA:85,2,2,21
BRDA:86,3,0,25
BRDA:86,3,1,21
BRDA:86,3,2,21
BRDA:87,4,0,25
BRDA:87,4,1,21
BRDA:88,5,0,2
BRDA:88,5,1,19
BRDA:89,6,0,25
BRDA:89,6,1,21
BRDA:90,7,0,25
BRDA:90,7,1,21
BRDA:91,8,0,25
BRDA:91,8,1,21
BRDA:97,9,0,0
BRDA:97,9,1,0
BRDA:103,10,0,0
BRDA:103,10,1,0
BRDA:116,11,0,0
BRDA:116,11,1,0
BRDA:126,12,0,25
BRDA:126,12,1,25
BRDA:127,13,0,25
BRDA:127,13,1,5
BRDA:130,14,0,25
BRDA:130,14,1,25
BRDA:131,15,0,25
BRDA:131,15,1,25
BRDA:150,16,0,25
BRDA:150,16,1,21
BRDA:154,17,0,20
BRDA:154,17,1,5
BRDA:158,18,0,25
BRDA:158,18,1,25
BRDA:158,18,2,5
BRDA:163,19,0,0
BRDA:163,19,1,0
BRDA:187,20,0,20
BRDA:187,20,1,5
BRDA:191,21,0,25
BRDA:191,21,1,25
BRDA:191,21,2,5
BRDA:273,22,0,25
BRDA:273,22,1,3
BRDA:289,23,0,0
BRDA:289,23,1,25
BRDA:291,24,0,4
BRDA:291,24,1,21
BRF:54
BRH:44
end_of_record
TN:
SF:src/features/schedule/components/ClearDayButton.tsx
FN:16,ClearDayButton
FNF:1
FNH:1
FNDA:29,ClearDayButton
DA:17,29
DA:19,29
LF:2
LH:2
BRDA:16,0,0,29
BRDA:17,1,0,29
BRDA:17,1,1,27
BRDA:27,2,0,24
BRDA:27,2,1,5
BRF:5
BRH:5
end_of_record
TN:
SF:src/features/schedule/components/ClearDayDialog.tsx
FN:37,ClearDayDialog
FN:96,(anonymous_1)
FN:155,(anonymous_2)
FNF:3
FNH:3
FNDA:15,ClearDayDialog
FNDA:50,(anonymous_1)
FNDA:1,(anonymous_2)
DA:35,2
DA:46,15
DA:47,15
DA:48,15
DA:50,15
DA:97,50
DA:155,1
LF:7
LH:7
BRDA:44,0,0,15
BRDA:84,1,0,14
BRDA:84,1,1,1
BRDA:89,2,0,15
BRDA:89,2,1,15
BRDA:94,3,0,1
BRDA:94,3,1,14
BRDA:117,4,0,15
BRDA:117,4,1,1
BRDA:119,5,0,1
BRDA:119,5,1,0
BRDA:169,6,0,1
BRDA:169,6,1,14
BRF:13
BRH:12
end_of_record
TN:
SF:src/features/schedule/components/ClearResultsButton.tsx
FN:22,ClearResultsButton
FN:25,(anonymous_1)
FN:35,(anonymous_2)
FN:54,(anonymous_3)
FNF:4
FNH:4
FNDA:11,ClearResultsButton
FNDA:1,(anonymous_1)
FNDA:3,(anonymous_2)
FNDA:1,(anonymous_3)
DA:23,11
DA:25,11
DA:26,1
DA:27,1
DA:30,11
DA:35,3
DA:54,1
LF:7
LH:7
BRF:0
BRH:0
end_of_record
TN:
SF:src/features/schedule/components/DaySelector.tsx
FN:21,DaySelector
FN:28,(anonymous_1)
FN:39,(anonymous_2)
FN:48,(anonymous_3)
FNF:4
FNH:3
FNDA:21,DaySelector
FNDA:147,(anonymous_1)
FNDA:147,(anonymous_2)
FNDA:0,(anonymous_3)
DA:28,147
DA:29,21
DA:31,21
DA:40,147
DA:41,147
DA:42,147
DA:43,147
DA:45,147
DA:48,0
LF:9
LH:8
BRDA:25,0,0,21
BRDA:41,1,0,147
BRDA:41,1,1,0
BRDA:43,2,0,147
BRDA:43,2,1,147
BRDA:53,3,0,147
BRDA:53,3,1,0
BRDA:54,4,0,147
BRDA:54,4,1,147
BRDA:54,4,2,21
BRDA:55,5,0,147
BRDA:55,5,1,147
BRDA:55,5,2,126
BRDA:61,6,0,0
BRDA:61,6,1,147
BRDA:69,7,0,0
BRDA:69,7,1,147
BRDA:75,8,0,147
BRDA:75,8,1,0
BRDA:78,9,0,0
BRDA:78,9,1,0
BRF:21
BRH:14
end_of_record
TN:
SF:src/features/schedule/components/JobSelectionControls.tsx
FN:20,JobSelectionControls
FN:28,(anonymous_1)
FN:37,(anonymous_2)
FN:79,(anonymous_3)
FN:92,(anonymous_4)
FN:105,(anonymous_5)
FNF:6
FNH:2
FNDA:10,JobSelectionControls
FNDA:27,(anonymous_1)
FNDA:0,(anonymous_2)
FNDA:0,(anonymous_3)
FNDA:0,(anonymous_4)
FNDA:0,(anonymous_5)
DA:28,27
DA:29,10
DA:30,10
DA:31,10
DA:33,10
DA:34,1
DA:37,9
DA:38,0
DA:39,0
DA:41,0
DA:45,9
DA:79,0
DA:92,0
DA:105,0
LF:14
LH:8
BRDA:25,0,0,10
BRDA:30,1,0,10
BRDA:30,1,1,8
BRDA:31,2,0,10
BRDA:31,2,1,9
BRDA:33,3,0,1
BRDA:33,3,1,9
BRDA:38,4,0,0
BRDA:38,4,1,0
BRDA:54,5,0,7
BRDA:54,5,1,2
BRDA:54,6,0,2
BRDA:54,6,1,0
BRDA:73,7,0,10
BRDA:73,7,1,0
BRDA:77,8,0,0
BRDA:77,8,1,0
BRDA:81,9,0,0
BRDA:81,9,1,0
BRDA:90,10,0,0
BRDA:90,10,1,0
BRDA:94,11,0,0
BRDA:94,11,1,0
BRDA:103,12,0,0
BRDA:103,12,1,0
BRDA:107,13,0,0
BRDA:107,13,1,0
BRDA:118,14,0,10
BRDA:118,14,1,9
BRF:29
BRH:13
end_of_record
TN:
SF:src/features/schedule/components/JobsReadyToSchedulePreview.tsx
FN:21,JobsReadyToSchedulePreview
FN:35,(anonymous_1)
FN:36,(anonymous_2)
FN:40,(anonymous_3)
FN:41,(anonymous_4)
FN:45,(anonymous_5)
FN:46,(anonymous_6)
FN:51,(anonymous_7)
FN:52,(anonymous_8)
FN:60,(anonymous_9)
FN:127,(anonymous_10)
FN:139,(anonymous_11)
FN:151,(anonymous_12)
FN:165,(anonymous_13)
FN:174,(anonymous_14)
FN:186,(anonymous_15)
FNF:16
FNH:15
FNDA:11,JobsReadyToSchedulePreview
FNDA:8,(anonymous_1)
FNDA:15,(anonymous_2)
FNDA:8,(anonymous_3)
FNDA:15,(anonymous_4)
FNDA:8,(anonymous_5)
FNDA:15,(anonymous_6)
FNDA:8,(anonymous_7)
FNDA:15,(anonymous_8)
FNDA:24,(anonymous_9)
FNDA:24,(anonymous_10)
FNDA:16,(anonymous_11)
FNDA:16,(anonymous_12)
FNDA:0,(anonymous_13)
FNDA:24,(anonymous_14)
FNDA:3,(anonymous_15)
DA:30,11
DA:31,11
DA:32,11
DA:35,11
DA:36,15
DA:37,8
DA:40,11
DA:41,15
DA:42,8
DA:45,11
DA:46,15
DA:47,8
DA:51,11
DA:52,8
DA:53,15
DA:54,15
DA:55,15
DA:56,15
DA:60,24
DA:62,11
DA:63,1
DA:78,10
DA:79,1
DA:96,9
DA:97,1
DA:111,8
DA:128,24
DA:140,16
DA:152,16
DA:165,0
DA:175,24
DA:176,24
DA:186,3
LF:33
LH:32
BRDA:53,0,0,0
BRDA:53,0,1,15
BRDA:53,1,0,15
BRDA:53,1,1,0
BRDA:54,2,0,0
BRDA:54,2,1,15
BRDA:54,3,0,15
BRDA:54,3,1,0
BRDA:55,4,0,0
BRDA:55,4,1,15
BRDA:55,5,0,15
BRDA:55,5,1,0
BRDA:62,6,0,1
BRDA:62,6,1,10
BRDA:78,7,0,1
BRDA:78,7,1,9
BRDA:96,8,0,1
BRDA:96,8,1,8
BRDA:163,9,0,8
BRDA:163,9,1,0
BRDA:163,9,2,0
BRDA:181,10,0,4
BRDA:181,10,1,20
BRDA:192,11,0,4
BRDA:192,11,1,20
BRDA:196,12,0,16
BRDA:196,12,1,8
BRDA:207,13,0,24
BRDA:207,13,1,24
BRDA:216,14,0,11
BRDA:216,14,1,0
BRF:31
BRH:22
end_of_record
TN:
SF:src/features/schedule/components/RecentlyClearedSection.tsx
FN:27,RecentlyClearedSection
FN:32,(anonymous_1)
FN:77,(anonymous_2)
FN:93,(anonymous_3)
FN:111,RecentClearItem
FN:139,(anonymous_5)
FNF:6
FNH:5
FNDA:44,RecentlyClearedSection
FNDA:20,(anonymous_1)
FNDA:0,(anonymous_2)
FNDA:11,(anonymous_3)
FNDA:11,RecentClearItem
FNDA:1,(anonymous_5)
DA:30,44
DA:32,20
DA:36,44
DA:37,27
DA:51,17
DA:52,10
DA:65,7
DA:67,44
DA:94,11
DA:112,11
DA:113,11
DA:117,11
DA:139,1
LF:13
LH:13
BRDA:36,0,0,27
BRDA:36,0,1,17
BRDA:51,1,0,10
BRDA:51,1,1,7
BRDA:65,2,0,7
BRDA:65,2,1,7
BRDA:74,3,0,44
BRDA:74,3,1,6
BRDA:84,4,0,1
BRDA:84,4,1,6
BRDA:129,5,0,10
BRDA:129,5,1,1
BRF:12
BRH:12
end_of_record
TN:
SF:src/features/schedule/components/RestoreScheduleDialog.tsx
FN:48,RestoreScheduleDialog
FN:62,(anonymous_1)
FN:69,(anonymous_2)
FN:76,(anonymous_3)
FN:83,(anonymous_4)
FN:88,(anonymous_5)
FN:98,(anonymous_6)
FN:112,(anonymous_7)
FN:124,(anonymous_8)
FN:125,(anonymous_9)
FN:138,(anonymous_10)
FN:145,(anonymous_11)
FN:228,(anonymous_12)
FN:255,(anonymous_13)
FN:290,AppointmentPreviewItem
FN:301,(anonymous_15)
FN:304,(anonymous_16)
FNF:17
FNH:4
FNDA:24,RestoreScheduleDialog
FNDA:0,(anonymous_1)
FNDA:0,(anonymous_2)
FNDA:0,(anonymous_3)
FNDA:0,(anonymous_4)
FNDA:12,(anonymous_5)
FNDA:12,(anonymous_6)
FNDA:12,(anonymous_7)
FNDA:0,(anonymous_8)
FNDA:0,(anonymous_9)
FNDA:0,(anonymous_10)
FNDA:0,(anonymous_11)
FNDA:0,(anonymous_12)
FNDA:0,(anonymous_13)
FNDA:0,AppointmentPreviewItem
FNDA:0,(anonymous_15)
FNDA:0,(anonymous_16)
DA:53,24
DA:60,24
DA:62,0
DA:67,24
DA:69,0
DA:74,24
DA:76,0
DA:81,24
DA:83,0
DA:88,24
DA:89,12
DA:90,12
DA:91,0
DA:92,0
DA:95,12
DA:98,24
DA:99,12
DA:100,12
DA:101,0
DA:102,0
DA:103,0
DA:109,12
DA:112,24
DA:113,12
DA:114,12
DA:115,0
DA:116,0
DA:119,12
DA:123,24
DA:124,0
DA:127,0
DA:129,0
DA:131,0
DA:133,0
DA:136,0
DA:139,0
DA:145,24
DA:146,0
DA:149,24
DA:153,24
DA:157,24
DA:229,0
DA:255,0
DA:291,0
DA:292,0
DA:294,0
DA:295,0
DA:297,0
DA:298,0
DA:301,0
DA:302,0
DA:304,0
DA:308,0
LF:53
LH:22
BRDA:63,0,0,24
BRDA:63,0,1,0
BRDA:70,1,0,24
BRDA:70,1,1,0
BRDA:77,2,0,24
BRDA:77,2,1,0
BRDA:84,3,0,24
BRDA:84,3,1,0
BRDA:90,4,0,0
BRDA:90,4,1,12
BRDA:100,5,0,0
BRDA:100,5,1,12
BRDA:102,6,0,0
BRDA:102,6,1,0
BRDA:104,7,0,0
BRDA:104,7,1,0
BRDA:114,8,0,0
BRDA:114,8,1,12
BRDA:140,9,0,0
BRDA:140,9,1,0
BRDA:149,10,0,0
BRDA:149,10,1,24
BRDA:153,11,0,0
BRDA:153,11,1,24
BRDA:174,12,0,0
BRDA:174,12,1,24
BRDA:180,13,0,0
BRDA:180,13,1,24
BRDA:189,14,0,0
BRDA:189,14,1,24
BRDA:221,15,0,0
BRDA:221,15,1,0
BRDA:230,16,0,0
BRDA:230,16,1,0
BRDA:242,17,0,0
BRDA:242,17,1,0
BRDA:262,18,0,24
BRDA:262,18,1,24
BRDA:262,18,2,24
BRDA:266,19,0,0
BRDA:266,19,1,24
BRDA:291,20,0,0
BRDA:291,20,1,0
BRDA:292,21,0,0
BRDA:292,21,1,0
BRDA:321,22,0,0
BRDA:321,22,1,0
BRDA:333,23,0,0
BRDA:333,23,1,0
BRDA:339,24,0,0
BRDA:339,24,1,0
BRF:51
BRH:16
end_of_record
TN:
SF:src/features/schedule/components/SchedulePage.tsx
FN:40,SchedulePage
FN:53,(anonymous_1)
FN:77,(anonymous_2)
FN:88,(anonymous_3)
FN:90,(anonymous_4)
FN:95,(anonymous_5)
FN:97,(anonymous_6)
FN:104,(anonymous_7)
FN:106,(anonymous_8)
FN:118,(anonymous_9)
FN:119,(anonymous_10)
FN:125,(anonymous_11)
FN:127,(anonymous_12)
FN:134,(anonymous_13)
FN:136,(anonymous_14)
FN:145,(anonymous_15)
FN:148,(anonymous_16)
FN:150,(anonymous_17)
FN:160,(anonymous_18)
FN:162,(anonymous_19)
FN:189,(anonymous_20)
FN:191,(anonymous_21)
FN:204,(anonymous_22)
FN:211,(anonymous_23)
FN:216,(anonymous_24)
FN:220,(anonymous_25)
FN:225,(anonymous_26)
FN:230,(anonymous_27)
FN:231,(anonymous_28)
FN:242,(anonymous_29)
FN:248,(anonymous_30)
FN:255,(anonymous_31)
FN:264,(anonymous_32)
FN:286,(anonymous_33)
FN:309,(anonymous_34)
FN:341,(anonymous_35)
FN:365,(anonymous_36)
FN:376,(anonymous_37)
FNF:38
FNH:17
FNDA:24,SchedulePage
FNDA:12,(anonymous_1)
FNDA:12,(anonymous_2)
FNDA:12,(anonymous_3)
FNDA:0,(anonymous_4)
FNDA:0,(anonymous_5)
FNDA:0,(anonymous_6)
FNDA:24,(anonymous_7)
FNDA:0,(anonymous_8)
FNDA:24,(anonymous_9)
FNDA:0,(anonymous_10)
FNDA:0,(anonymous_11)
FNDA:0,(anonymous_12)
FNDA:24,(anonymous_13)
FNDA:0,(anonymous_14)
FNDA:12,(anonymous_15)
FNDA:0,(anonymous_16)
FNDA:0,(anonymous_17)
FNDA:24,(anonymous_18)
FNDA:0,(anonymous_19)
FNDA:0,(anonymous_20)
FNDA:0,(anonymous_21)
FNDA:0,(anonymous_22)
FNDA:1,(anonymous_23)
FNDA:2,(anonymous_24)
FNDA:1,(anonymous_25)
FNDA:1,(anonymous_26)
FNDA:0,(anonymous_27)
FNDA:0,(anonymous_28)
FNDA:0,(anonymous_29)
FNDA:0,(anonymous_30)
FNDA:0,(anonymous_31)
FNDA:0,(anonymous_32)
FNDA:2,(anonymous_33)
FNDA:3,(anonymous_34)
FNDA:1,(anonymous_35)
FNDA:1,(anonymous_36)
FNDA:0,(anonymous_37)
DA:41,24
DA:42,24
DA:43,24
DA:46,24
DA:47,24
DA:48,24
DA:49,24
DA:50,24
DA:53,24
DA:57,24
DA:60,24
DA:61,24
DA:64,24
DA:68,24
DA:74,24
DA:77,24
DA:78,12
DA:79,12
DA:80,0
DA:81,0
DA:84,12
DA:88,24
DA:89,12
DA:90,0
DA:94,24
DA:95,0
DA:97,0
DA:104,24
DA:105,24
DA:106,24
DA:107,0
DA:108,0
DA:114,24
DA:118,24
DA:119,24
DA:120,24
DA:124,24
DA:125,0
DA:127,0
DA:134,24
DA:135,24
DA:136,24
DA:137,0
DA:138,0
DA:141,24
DA:145,24
DA:146,12
DA:147,12
DA:148,0
DA:149,0
DA:150,0
DA:152,0
DA:155,12
DA:159,24
DA:160,24
DA:161,24
DA:162,0
DA:164,0
DA:165,0
DA:168,0
DA:169,0
DA:172,0
DA:175,0
DA:176,0
DA:177,0
DA:179,0
DA:188,24
DA:190,0
DA:193,0
DA:195,0
DA:197,0
DA:200,0
DA:202,0
DA:205,0
DA:211,24
DA:212,1
DA:213,1
DA:216,24
DA:217,2
DA:220,24
DA:221,1
DA:222,1
DA:225,24
DA:226,1
DA:230,24
DA:231,0
DA:233,0
DA:234,0
DA:237,0
DA:242,24
DA:243,0
DA:245,0
DA:248,24
DA:250,0
DA:251,0
DA:255,24
DA:256,0
DA:258,0
DA:264,24
DA:265,0
DA:266,0
DA:269,24
DA:286,2
DA:309,3
DA:341,1
DA:366,1
DA:367,1
DA:376,0
LF:108
LH:63
BRDA:60,0,0,0
BRDA:60,0,1,24
BRDA:79,1,0,0
BRDA:79,1,1,12
BRDA:89,2,0,12
BRDA:89,2,1,0
BRDA:107,3,0,0
BRDA:107,3,1,0
BRDA:137,4,0,0
BRDA:137,4,1,0
BRDA:147,5,0,0
BRDA:147,5,1,12
BRDA:159,6,0,24
BRDA:159,6,1,24
BRDA:161,7,0,24
BRDA:161,7,1,0
BRDA:165,8,0,0
BRDA:165,8,1,0
BRDA:169,9,0,0
BRDA:169,9,1,0
BRDA:172,10,0,0
BRDA:172,10,1,0
BRDA:181,11,0,0
BRDA:181,11,1,0
BRDA:206,12,0,0
BRDA:206,12,1,0
BRDA:233,13,0,0
BRDA:233,13,1,0
BRDA:233,14,0,0
BRDA:233,14,1,0
BRDA:250,15,0,0
BRDA:250,15,1,0
BRDA:256,16,0,0
BRDA:256,16,1,0
BRDA:321,17,0,24
BRDA:321,17,1,21
BRDA:332,18,0,21
BRDA:332,18,1,3
BRDA:354,19,0,1
BRDA:354,19,1,23
BRDA:363,20,0,24
BRDA:363,20,1,23
BRDA:385,21,0,24
BRDA:385,21,1,3
BRDA:395,22,0,24
BRDA:395,22,1,0
BRF:46
BRH:18
end_of_record
TN:
SF:src/features/schedule/hooks/useAppointmentMutations.ts
FN:13,useCreateAppointment
FN:17,(anonymous_1)
FN:18,(anonymous_2)
FN:28,useUpdateAppointment
FN:32,(anonymous_4)
FN:34,(anonymous_5)
FN:57,useCancelAppointment
FN:61,(anonymous_7)
FN:62,(anonymous_8)
FN:83,useConfirmAppointment
FN:87,(anonymous_10)
FN:88,(anonymous_11)
FN:104,useMarkAppointmentArrived
FN:108,(anonymous_13)
FN:109,(anonymous_14)
FN:122,useMarkAppointmentCompleted
FN:126,(anonymous_16)
FN:127,(anonymous_17)
FN:140,useMarkAppointmentNoShow
FN:144,(anonymous_19)
FN:145,(anonymous_20)
FNF:21
FNH:21
FNDA:32,useCreateAppointment
FNDA:3,(anonymous_1)
FNDA:2,(anonymous_2)
FNDA:29,useUpdateAppointment
FNDA:2,(anonymous_4)
FNDA:1,(anonymous_5)
FNDA:4,useCancelAppointment
FNDA:2,(anonymous_7)
FNDA:1,(anonymous_8)
FNDA:4,useConfirmAppointment
FNDA:2,(anonymous_10)
FNDA:1,(anonymous_11)
FNDA:4,useMarkAppointmentArrived
FNDA:2,(anonymous_13)
FNDA:1,(anonymous_14)
FNDA:4,useMarkAppointmentCompleted
FNDA:2,(anonymous_16)
FNDA:1,(anonymous_17)
FNDA:4,useMarkAppointmentNoShow
FNDA:2,(anonymous_19)
FNDA:1,(anonymous_20)
DA:14,32
DA:16,32
DA:17,3
DA:20,2
DA:29,29
DA:31,29
DA:33,2
DA:36,1
DA:39,1
DA:41,1
DA:44,1
DA:47,1
DA:58,4
DA:60,4
DA:61,2
DA:64,1
DA:65,1
DA:67,1
DA:70,1
DA:73,1
DA:84,4
DA:86,4
DA:87,2
DA:89,1
DA:90,1
DA:91,1
DA:94,1
DA:105,4
DA:107,4
DA:108,2
DA:110,1
DA:111,1
DA:112,1
DA:123,4
DA:125,4
DA:126,2
DA:128,1
DA:129,1
DA:130,1
DA:141,4
DA:143,4
DA:144,2
DA:146,1
DA:147,1
DA:148,1
LF:45
LH:45
BRF:0
BRH:0
end_of_record
TN:
SF:src/features/schedule/hooks/useAppointments.ts
FN:12,(anonymous_0)
FN:13,(anonymous_1)
FN:15,(anonymous_2)
FN:16,(anonymous_3)
FN:17,(anonymous_4)
FN:18,(anonymous_5)
FN:20,(anonymous_6)
FN:27,useAppointments
FN:30,(anonymous_8)
FN:37,useAppointment
FN:40,(anonymous_10)
FN:48,useDailySchedule
FN:51,(anonymous_12)
FN:59,useStaffDailySchedule
FN:65,(anonymous_14)
FN:73,useWeeklySchedule
FN:76,(anonymous_16)
FN:83,useJobAppointments
FN:86,(anonymous_18)
FN:94,useStaffAppointments
FN:97,(anonymous_20)
FNF:21
FNH:21
FNDA:20,(anonymous_0)
FNDA:13,(anonymous_1)
FNDA:11,(anonymous_2)
FNDA:10,(anonymous_3)
FNDA:28,(anonymous_4)
FNDA:5,(anonymous_5)
FNDA:29,(anonymous_6)
FNDA:6,useAppointments
FNDA:3,(anonymous_8)
FNDA:3,useAppointment
FNDA:1,(anonymous_10)
FNDA:27,useDailySchedule
FNDA:1,(anonymous_12)
FNDA:4,useStaffDailySchedule
FNDA:1,(anonymous_14)
FNDA:28,useWeeklySchedule
FNDA:14,(anonymous_16)
FNDA:3,useJobAppointments
FNDA:1,(anonymous_18)
FNDA:3,useStaffAppointments
FNDA:1,(anonymous_20)
DA:10,4
DA:12,20
DA:14,13
DA:15,11
DA:16,10
DA:17,28
DA:19,5
DA:21,29
DA:28,6
DA:30,3
DA:38,3
DA:40,1
DA:49,27
DA:51,1
DA:63,4
DA:65,1
DA:74,28
DA:76,14
DA:84,3
DA:86,1
DA:95,3
DA:97,1
LF:22
LH:22
BRDA:39,0,0,3
BRDA:39,0,1,1
BRDA:50,1,0,27
BRDA:50,1,1,25
BRDA:64,2,0,4
BRDA:64,2,1,1
BRDA:64,3,0,4
BRDA:64,3,1,1
BRDA:66,4,0,4
BRDA:66,4,1,3
BRF:10
BRH:10
end_of_record
TN:
SF:src/features/schedule/utils/staffColors.ts
FN:22,getStaffColor
FN:29,getColoredStaffNames
FNF:2
FNH:2
FNDA:7,getStaffColor
FNDA:2,getColoredStaffNames
DA:6,1
DA:15,1
DA:16,1
DA:23,7
DA:30,2
LF:5
LH:5
BRDA:23,0,0,7
BRDA:23,0,1,2
BRF:2
BRH:2
end_of_record
TN:
SF:src/features/staff/api/staffApi.ts
FN:21,(anonymous_0)
FN:31,(anonymous_1)
FN:39,(anonymous_2)
FN:47,(anonymous_3)
FN:55,(anonymous_4)
FN:62,(anonymous_5)
FN:76,(anonymous_6)
FNF:7
FNH:7
FNDA:31,(anonymous_0)
FNDA:1,(anonymous_1)
FNDA:1,(anonymous_2)
FNDA:1,(anonymous_3)
FNDA:1,(anonymous_4)
FNDA:1,(anonymous_5)
FNDA:1,(anonymous_6)
DA:15,4
DA:17,4
DA:22,31
DA:25,2
DA:32,1
DA:33,1
DA:40,1
DA:41,1
DA:48,1
DA:49,1
DA:56,1
DA:66,1
DA:70,1
DA:77,1
DA:80,1
LF:15
LH:15
BRF:0
BRH:0
end_of_record
TN:
SF:src/features/staff/hooks/useStaff.ts
FN:14,(anonymous_0)
FN:15,(anonymous_1)
FN:16,(anonymous_2)
FN:17,(anonymous_3)
FN:18,(anonymous_4)
FN:24,useStaff
FN:27,(anonymous_6)
FN:34,useStaffMember
FN:37,(anonymous_8)
FN:45,useAvailableStaff
FNF:10
FNH:10
FNDA:95,(anonymous_0)
FNDA:90,(anonymous_1)
FNDA:7,(anonymous_2)
FNDA:6,(anonymous_3)
FNDA:7,(anonymous_4)
FNDA:89,useStaff
FNDA:46,(anonymous_6)
FNDA:3,useStaffMember
FNDA:1,(anonymous_8)
FNDA:2,useAvailableStaff
DA:12,6
DA:14,95
DA:15,90
DA:16,7
DA:17,6
DA:18,7
DA:25,89
DA:27,46
DA:35,3
DA:37,1
DA:46,2
LF:11
LH:11
BRDA:36,0,0,3
BRDA:36,0,1,1
BRF:2
BRH:2
end_of_record
TN:
SF:src/features/staff/hooks/useStaffMutations.ts
FN:13,useCreateStaff
FN:17,(anonymous_1)
FN:18,(anonymous_2)
FN:28,useUpdateStaff
FN:32,(anonymous_4)
FN:34,(anonymous_5)
FN:45,useDeleteStaff
FN:49,(anonymous_7)
FN:50,(anonymous_8)
FN:60,useUpdateStaffAvailability
FN:64,(anonymous_10)
FN:66,(anonymous_11)
FNF:12
FNH:12
FNDA:2,useCreateStaff
FNDA:1,(anonymous_1)
FNDA:1,(anonymous_2)
FNDA:2,useUpdateStaff
FNDA:1,(anonymous_4)
FNDA:1,(anonymous_5)
FNDA:2,useDeleteStaff
FNDA:1,(anonymous_7)
FNDA:1,(anonymous_8)
FNDA:2,useUpdateStaffAvailability
FNDA:1,(anonymous_10)
FNDA:1,(anonymous_11)
DA:14,2
DA:16,2
DA:17,1
DA:19,1
DA:20,1
DA:29,2
DA:31,2
DA:33,1
DA:35,1
DA:36,1
DA:37,1
DA:46,2
DA:48,2
DA:49,1
DA:51,1
DA:52,1
DA:61,2
DA:63,2
DA:65,1
DA:67,1
DA:68,1
DA:69,1
LF:22
LH:22
BRF:0
BRH:0
end_of_record
TN:
SF:src/lib/utils.ts
FN:4,cn
FNF:1
FNH:1
FNDA:12803,cn
DA:5,12803
LF:1
LH:1
BRF:0
BRH:0
end_of_record
TN:
SF:src/shared/components/ErrorBoundary.tsx
FN:16,(anonymous_0)
FN:21,(anonymous_1)
FN:25,(anonymous_2)
FN:29,(anonymous_3)
FN:33,(anonymous_4)
FN:94,ErrorMessage
FNF:6
FNH:6
FNDA:20,(anonymous_0)
FNDA:8,(anonymous_1)
FNDA:8,(anonymous_2)
FNDA:1,(anonymous_3)
FNDA:37,(anonymous_4)
FNDA:13,ErrorMessage
DA:17,20
DA:18,20
DA:22,16
DA:26,8
DA:29,1
DA:30,1
DA:34,37
DA:35,16
DA:36,2
DA:39,14
DA:84,21
DA:95,13
DA:97,12
LF:13
LH:13
BRDA:34,0,0,16
BRDA:34,0,1,21
BRDA:35,1,0,2
BRDA:35,1,1,14
BRDA:63,2,0,14
BRDA:63,2,1,14
BRDA:95,3,0,1
BRDA:95,3,1,12
BRDA:118,4,0,12
BRDA:118,4,1,7
BRF:10
BRH:10
end_of_record
TN:
SF:src/shared/components/GlobalSearch.tsx
FN:19,GlobalSearch
FN:31,(anonymous_1)
FN:49,(anonymous_2)
FN:62,(anonymous_3)
FN:66,(anonymous_4)
FN:67,(anonymous_5)
FN:84,(anonymous_6)
FN:89,(anonymous_7)
FN:90,(anonymous_8)
FN:97,(anonymous_9)
FN:101,(anonymous_10)
FN:114,(anonymous_11)
FN:118,(anonymous_12)
FN:136,(anonymous_13)
FN:142,(anonymous_14)
FN:149,(anonymous_15)
FN:158,(anonymous_16)
FN:175,(anonymous_17)
FN:179,(anonymous_18)
FN:213,(anonymous_19)
FN:217,(anonymous_20)
FN:218,(anonymous_21)
FNF:22
FNH:5
FNDA:54,GlobalSearch
FNDA:23,(anonymous_1)
FNDA:0,(anonymous_2)
FNDA:0,(anonymous_3)
FNDA:0,(anonymous_4)
FNDA:0,(anonymous_5)
FNDA:23,(anonymous_6)
FNDA:23,(anonymous_7)
FNDA:0,(anonymous_8)
FNDA:23,(anonymous_9)
FNDA:0,(anonymous_10)
FNDA:0,(anonymous_11)
FNDA:0,(anonymous_12)
FNDA:0,(anonymous_13)
FNDA:0,(anonymous_14)
FNDA:0,(anonymous_15)
FNDA:0,(anonymous_16)
FNDA:0,(anonymous_17)
FNDA:0,(anonymous_18)
FNDA:0,(anonymous_19)
FNDA:0,(anonymous_20)
FNDA:0,(anonymous_21)
DA:20,54
DA:21,54
DA:22,54
DA:23,54
DA:24,54
DA:25,54
DA:26,54
DA:27,54
DA:28,54
DA:31,54
DA:32,23
DA:33,23
DA:34,23
DA:37,0
DA:38,0
DA:40,0
DA:45,0
DA:48,0
DA:49,0
DA:50,0
DA:61,0
DA:62,0
DA:63,0
DA:66,0
DA:67,0
DA:73,0
DA:74,0
DA:76,0
DA:77,0
DA:79,0
DA:84,54
DA:85,23
DA:89,54
DA:90,23
DA:91,0
DA:92,0
DA:96,23
DA:97,23
DA:101,54
DA:102,0
DA:103,0
DA:104,0
DA:105,0
DA:106,0
DA:108,0
DA:111,0
DA:113,0
DA:114,0
DA:115,0
DA:117,0
DA:118,0
DA:119,0
DA:121,0
DA:122,0
DA:123,0
DA:124,0
DA:125,0
DA:127,0
DA:129,0
DA:130,0
DA:131,0
DA:132,0
DA:136,54
DA:137,0
DA:138,0
DA:139,0
DA:142,54
DA:143,0
DA:144,0
DA:145,0
DA:146,0
DA:149,54
DA:150,0
DA:152,0
DA:154,0
DA:158,54
DA:159,0
DA:161,0
DA:163,0
DA:167,54
DA:176,0
DA:177,0
DA:179,0
DA:214,0
DA:217,0
DA:218,0
LF:86
LH:25
BRDA:32,0,0,23
BRDA:32,0,1,0
BRDA:48,1,0,0
BRDA:48,1,1,0
BRDA:61,2,0,0
BRDA:61,2,1,0
BRDA:91,3,0,0
BRDA:91,3,1,0
BRDA:91,4,0,0
BRDA:91,4,1,0
BRDA:102,5,0,0
BRDA:102,5,1,0
BRDA:102,6,0,0
BRDA:102,6,1,0
BRDA:103,7,0,0
BRDA:103,7,1,0
BRDA:111,8,0,0
BRDA:111,8,1,0
BRDA:111,8,2,0
BRDA:111,8,3,0
BRDA:122,9,0,0
BRDA:122,9,1,0
BRDA:150,10,0,0
BRDA:150,10,1,0
BRDA:159,11,0,0
BRDA:159,11,1,0
BRDA:185,12,0,54
BRDA:185,12,1,0
BRDA:188,13,0,54
BRDA:188,13,1,54
BRDA:188,13,2,0
BRDA:201,14,0,54
BRDA:201,14,1,0
BRDA:201,14,2,0
BRDA:206,15,0,0
BRDA:206,15,1,0
BRDA:211,16,0,0
BRDA:211,16,1,0
BRDA:221,17,0,0
BRDA:221,17,1,0
BRDA:248,18,0,0
BRDA:248,18,1,0
BRF:42
BRH:5
end_of_record
TN:
SF:src/shared/components/Layout.tsx
FN:98,Layout
FN:118,(anonymous_1)
FN:143,(anonymous_2)
FN:151,(anonymous_3)
FN:168,(anonymous_4)
FN:202,(anonymous_5)
FN:229,(anonymous_6)
FNF:7
FNH:6
FNDA:31,Layout
FNDA:1,(anonymous_1)
FNDA:279,(anonymous_2)
FNDA:2511,(anonymous_3)
FNDA:1,(anonymous_4)
FNDA:5,(anonymous_5)
FNDA:0,(anonymous_6)
DA:41,8
DA:99,31
DA:100,31
DA:101,31
DA:102,31
DA:103,31
DA:106,31
DA:107,31
DA:110,31
DA:112,31
DA:118,1
DA:146,279
DA:147,279
DA:150,279
DA:152,2511
DA:156,279
DA:157,279
DA:168,1
DA:202,5
DA:229,0
LF:20
LH:19
BRDA:106,0,0,31
BRDA:106,0,1,31
BRDA:107,1,0,31
BRDA:107,1,1,0
BRDA:110,2,0,31
BRDA:110,2,1,31
BRDA:115,3,0,31
BRDA:115,3,1,4
BRDA:127,4,0,4
BRDA:127,4,1,27
BRDA:152,5,0,2511
BRDA:152,5,1,2232
BRDA:152,5,2,31
BRDA:156,6,0,279
BRDA:156,6,1,272
BRDA:156,6,2,0
BRDA:164,7,0,7
BRDA:164,7,1,272
BRDA:170,8,0,279
BRDA:170,8,1,7
BRDA:175,9,0,279
BRDA:175,9,1,31
BRDA:175,9,2,0
BRDA:180,10,0,0
BRDA:180,10,1,0
BRDA:204,11,0,4
BRDA:204,11,1,27
BRDA:206,12,0,4
BRDA:206,12,1,27
BRDA:229,13,0,0
BRDA:229,13,1,0
BRDA:237,14,0,31
BRDA:237,14,1,0
BRDA:240,15,0,0
BRDA:240,15,1,0
BRDA:251,16,0,0
BRDA:251,16,1,31
BRDA:262,17,0,0
BRDA:262,17,1,0
BRF:39
BRH:26
end_of_record
TN:
SF:src/shared/components/LoadingSpinner.tsx
FN:15,LoadingSpinner
FN:28,LoadingPage
FNF:2
FNH:2
FNDA:75,LoadingSpinner
FNDA:66,LoadingPage
DA:9,9
DA:16,75
DA:29,66
LF:3
LH:3
BRDA:15,0,0,75
BRDA:28,1,0,66
BRF:2
BRH:2
end_of_record
TN:
SF:src/shared/components/PageHeader.tsx
FN:9,PageHeader
FNF:1
FNH:1
FNDA:45,PageHeader
DA:10,45
LF:1
LH:1
BRDA:19,0,0,45
BRDA:19,0,1,45
BRDA:25,1,0,45
BRDA:25,1,1,45
BRF:4
BRH:4
end_of_record
TN:
SF:src/shared/components/StatusBadge.tsx
FN:49,StatusBadge2
FNF:1
FNH:1
FNDA:10,StatusBadge2
DA:6,8
DA:17,8
DA:27,8
DA:36,8
DA:49,8
DA:51,10
DA:59,10
DA:60,10
DA:62,10
LF:9
LH:9
BRDA:49,0,0,10
BRDA:51,1,0,3
BRDA:51,1,1,7
BRDA:53,2,0,1
BRDA:53,2,1,6
BRDA:55,3,0,0
BRDA:55,3,1,6
BRDA:59,4,0,10
BRDA:59,4,1,0
BRF:9
BRH:7
end_of_record
TN:
SF:src/shared/hooks/useDebounce.ts
FN:9,useDebounce
FN:12,(anonymous_1)
FN:13,(anonymous_2)
FN:17,(anonymous_3)
FNF:4
FNH:4
FNDA:89,useDebounce
FNDA:55,(anonymous_1)
FNDA:3,(anonymous_2)
FNDA:55,(anonymous_3)
DA:10,89
DA:12,89
DA:13,55
DA:14,3
DA:17,55
DA:18,55
DA:22,89
LF:7
LH:7
BRDA:9,0,0,89
BRF:1
BRH:1
end_of_record
TN:
SF:src/shared/utils/cn.ts
FN:4,cn
FNF:1
FNH:1
FNDA:463,cn
DA:5,463
LF:1
LH:1
BRF:0
BRH:0
end_of_record
