TN:
SF:src/components/ui/alert.tsx
FN:24,(anonymous_0)
FN:37,(anonymous_1)
FN:49,(anonymous_2)
FNF:3
FNH:3
FNDA:52,(anonymous_0)
FNDA:32,(anonymous_1)
FNDA:52,(anonymous_2)
DA:5,6
DA:21,6
DA:25,52
DA:32,6
DA:34,6
DA:38,32
DA:44,6
DA:46,6
DA:50,52
DA:56,6
LF:10
LH:10
BRF:0
BRH:0
end_of_record
TN:
SF:src/components/ui/badge.tsx
FN:28,Badge
FNF:1
FNH:1
FNDA:32,Badge
DA:7,9
DA:35,32
DA:37,32
LF:3
LH:3
BRDA:31,0,0,32
BRDA:35,1,0,0
BRDA:35,1,1,32
BRF:3
BRH:2
end_of_record
TN:
SF:src/components/ui/button.tsx
FN:39,Button
FNF:1
FNH:1
FNDA:1246,Button
DA:7,30
DA:49,1246
DA:51,1246
LF:3
LH:3
BRDA:41,0,0,1246
BRDA:42,1,0,1246
BRDA:43,2,0,1246
BRDA:49,3,0,114
BRDA:49,3,1,1132
BRF:5
BRH:5
end_of_record
TN:
SF:src/components/ui/card.tsx
FN:5,Card
FN:18,CardHeader
FN:31,CardTitle
FN:41,CardDescription
FN:51,CardAction
FN:64,CardContent
FN:74,CardFooter
FNF:7
FNH:5
FNDA:338,Card
FNDA:335,CardHeader
FNDA:335,CardTitle
FNDA:0,CardDescription
FNDA:0,CardAction
FNDA:338,CardContent
FNDA:19,CardFooter
DA:6,338
DA:19,335
DA:32,335
DA:42,0
DA:52,0
DA:65,338
DA:75,19
LF:7
LH:5
BRF:0
BRH:0
end_of_record
TN:
SF:src/components/ui/checkbox.tsx
FN:12,(anonymous_0)
FNF:1
FNH:1
FNDA:207,(anonymous_0)
DA:9,1
DA:13,207
DA:28,1
LF:3
LH:3
BRF:0
BRH:0
end_of_record
TN:
SF:src/components/ui/dialog.tsx
FN:9,Dialog
FN:15,DialogTrigger
FN:21,DialogPortal
FN:27,DialogClose
FN:33,DialogOverlay
FN:49,DialogContent
FN:83,DialogHeader
FN:93,DialogFooter
FN:106,DialogTitle
FN:119,DialogDescription
FNF:10
FNH:8
FNDA:106,Dialog
FNDA:0,DialogTrigger
FNDA:106,DialogPortal
FNDA:0,DialogClose
FNDA:79,DialogOverlay
FNDA:106,DialogContent
FNDA:43,DialogHeader
FNDA:33,DialogFooter
FNDA:43,DialogTitle
FNDA:33,DialogDescription
DA:12,106
DA:18,0
DA:24,106
DA:30,0
DA:37,79
DA:57,106
DA:84,43
DA:94,33
DA:110,43
DA:123,33
LF:10
LH:8
BRDA:52,0,0,106
BRDA:69,1,0,106
BRDA:69,1,1,106
BRF:3
BRH:3
end_of_record
TN:
SF:src/components/ui/dropdown-menu.tsx
FN:7,DropdownMenu
FN:13,DropdownMenuPortal
FN:21,DropdownMenuTrigger
FN:32,DropdownMenuContent
FN:52,DropdownMenuGroup
FN:60,DropdownMenuItem
FN:83,DropdownMenuCheckboxItem
FN:109,DropdownMenuRadioGroup
FN:120,DropdownMenuRadioItem
FN:144,DropdownMenuLabel
FN:164,DropdownMenuSeparator
FN:177,DropdownMenuShortcut
FN:193,DropdownMenuSub
FN:199,DropdownMenuSubTrigger
FN:223,DropdownMenuSubContent
FNF:15
FNH:6
FNDA:61,DropdownMenu
FNDA:0,DropdownMenuPortal
FNDA:61,DropdownMenuTrigger
FNDA:61,DropdownMenuContent
FNDA:0,DropdownMenuGroup
FNDA:16,DropdownMenuItem
FNDA:0,DropdownMenuCheckboxItem
FNDA:0,DropdownMenuRadioGroup
FNDA:0,DropdownMenuRadioItem
FNDA:6,DropdownMenuLabel
FNDA:16,DropdownMenuSeparator
FNDA:0,DropdownMenuShortcut
FNDA:0,DropdownMenuSub
FNDA:0,DropdownMenuSubTrigger
FNDA:0,DropdownMenuSubContent
DA:10,61
DA:16,0
DA:24,61
DA:37,61
DA:55,0
DA:69,16
DA:89,0
DA:112,0
DA:125,0
DA:151,6
DA:168,16
DA:181,0
DA:196,0
DA:207,0
DA:227,0
LF:15
LH:6
BRDA:34,0,0,61
BRDA:63,1,0,16
BRF:2
BRH:2
end_of_record
TN:
SF:src/components/ui/form.tsx
FN:30,(anonymous_0)
FN:43,(anonymous_1)
FN:74,FormItem
FN:88,FormLabel
FN:105,FormControl
FN:123,FormDescription
FN:136,FormMessage
FNF:7
FNH:7
FNDA:701,(anonymous_0)
FNDA:2785,(anonymous_1)
FNDA:836,FormItem
FNDA:967,FormLabel
FNDA:962,FormControl
FNDA:56,FormDescription
FNDA:800,FormMessage
DA:17,5
DA:26,5
DA:30,5
DA:36,701
DA:43,5
DA:44,2785
DA:45,2785
DA:46,2785
DA:47,2785
DA:48,2785
DA:50,2785
DA:51,0
DA:54,2785
DA:56,2785
DA:70,5
DA:75,836
DA:77,836
DA:92,967
DA:94,967
DA:106,962
DA:108,962
DA:124,56
DA:126,56
DA:137,800
DA:138,800
DA:140,800
DA:141,787
DA:144,13
LF:28
LH:27
BRDA:50,0,0,0
BRDA:50,0,1,2785
BRDA:113,1,0,949
BRDA:113,1,1,13
BRDA:138,2,0,13
BRDA:138,2,1,787
BRDA:138,3,0,13
BRDA:138,3,1,0
BRDA:140,4,0,787
BRDA:140,4,1,13
BRF:10
BRH:8
end_of_record
TN:
SF:src/components/ui/input.tsx
FN:5,Input
FNF:1
FNH:1
FNDA:1143,Input
DA:6,1143
LF:1
LH:1
BRF:0
BRH:0
end_of_record
TN:
SF:src/components/ui/label.tsx
FN:6,Label
FNF:1
FNH:1
FNDA:1672,Label
DA:10,1672
LF:1
LH:1
BRF:0
BRH:0
end_of_record
TN:
SF:src/components/ui/popover.tsx
FN:6,Popover
FN:12,PopoverTrigger
FN:18,PopoverContent
FN:40,PopoverAnchor
FNF:4
FNH:3
FNDA:85,Popover
FNDA:85,PopoverTrigger
FNDA:85,PopoverContent
FNDA:0,PopoverAnchor
DA:9,85
DA:15,85
DA:24,85
DA:43,0
LF:4
LH:3
BRDA:20,0,0,85
BRDA:21,1,0,85
BRF:2
BRH:2
end_of_record
TN:
SF:src/components/ui/select.tsx
FN:9,Select
FN:15,SelectGroup
FN:21,SelectValue
FN:27,SelectTrigger
FN:53,SelectContent
FN:90,SelectLabel
FN:103,SelectItem
FN:130,SelectSeparator
FN:143,SelectScrollUpButton
FN:161,SelectScrollDownButton
FNF:10
FNH:7
FNDA:190,Select
FNDA:0,SelectGroup
FNDA:190,SelectValue
FNDA:215,SelectTrigger
FNDA:190,SelectContent
FNDA:0,SelectLabel
FNDA:640,SelectItem
FNDA:0,SelectSeparator
FNDA:127,SelectScrollUpButton
FNDA:127,SelectScrollDownButton
DA:12,190
DA:18,0
DA:24,190
DA:35,215
DA:60,190
DA:94,0
DA:108,640
DA:134,0
DA:147,127
DA:165,127
LF:10
LH:7
BRDA:29,0,0,215
BRDA:56,1,0,190
BRDA:57,2,0,190
BRDA:66,3,0,190
BRDA:66,3,1,0
BRDA:78,4,0,190
BRDA:78,4,1,0
BRF:7
BRH:5
end_of_record
TN:
SF:src/components/ui/separator.tsx
FN:8,Separator
FNF:1
FNH:1
FNDA:114,Separator
DA:14,114
LF:1
LH:1
BRDA:10,0,0,114
BRDA:11,1,0,114
BRF:2
BRH:2
end_of_record
TN:
SF:src/components/ui/skeleton.tsx
FN:3,Skeleton
FNF:1
FNH:1
FNDA:64,Skeleton
DA:4,64
LF:1
LH:1
BRF:0
BRH:0
end_of_record
TN:
SF:src/components/ui/table.tsx
FN:5,Table
FN:20,TableHeader
FN:30,TableBody
FN:40,TableFooter
FN:53,TableRow
FN:66,TableHead
FN:79,TableCell
FN:92,TableCaption
FNF:8
FNH:6
FNDA:24,Table
FNDA:24,TableHeader
FNDA:24,TableBody
FNDA:0,TableFooter
FNDA:80,TableRow
FNDA:162,TableHead
FNDA:353,TableCell
FNDA:0,TableCaption
DA:6,24
DA:21,24
DA:31,24
DA:41,0
DA:54,80
DA:67,162
DA:80,353
DA:96,0
LF:8
LH:6
BRF:0
BRH:0
end_of_record
TN:
SF:src/components/ui/tabs.tsx
FN:6,Tabs
FN:19,TabsList
FN:35,TabsTrigger
FN:51,TabsContent
FNF:4
FNH:3
FNDA:24,Tabs
FNDA:24,TabsList
FNDA:48,TabsTrigger
FNDA:0,TabsContent
DA:10,24
DA:23,24
DA:39,48
DA:55,0
LF:4
LH:3
BRF:0
BRH:0
end_of_record
TN:
SF:src/components/ui/textarea.tsx
FN:8,(anonymous_0)
FNF:1
FNH:1
FNDA:81,(anonymous_0)
DA:5,3
DA:9,81
DA:20,3
LF:3
LH:3
BRF:0
BRH:0
end_of_record
TN:
SF:src/core/api/client.ts
FN:17,(anonymous_0)
FN:24,(anonymous_1)
FN:31,(anonymous_2)
FN:32,(anonymous_3)
FN:62,(anonymous_4)
FNF:5
FNH:4
FNDA:74,(anonymous_0)
FNDA:0,(anonymous_1)
FNDA:3,(anonymous_2)
FNDA:4,(anonymous_3)
FNDA:7,(anonymous_4)
DA:7,11
DA:16,11
DA:18,74
DA:19,74
DA:20,2
DA:22,74
DA:25,0
DA:30,11
DA:31,3
DA:34,4
DA:35,3
DA:37,3
DA:39,1
DA:43,3
DA:45,1
DA:48,3
DA:50,1
DA:52,1
DA:54,0
DA:57,4
DA:62,11
DA:63,7
DA:64,3
DA:65,3
DA:66,1
DA:68,2
DA:69,2
DA:72,4
DA:73,1
DA:75,3
LF:30
LH:28
BRDA:19,0,0,2
BRDA:19,0,1,72
BRDA:19,1,0,74
BRDA:19,1,1,2
BRDA:34,2,0,3
BRDA:34,2,1,1
BRDA:37,3,0,1
BRDA:37,3,1,2
BRDA:43,4,0,1
BRDA:43,4,1,2
BRDA:48,5,0,1
BRDA:48,5,1,2
BRDA:52,6,0,0
BRDA:52,6,1,1
BRDA:63,7,0,3
BRDA:63,7,1,4
BRDA:65,8,0,1
BRDA:65,8,1,2
BRDA:68,9,0,2
BRDA:68,9,1,0
BRDA:72,10,0,1
BRDA:72,10,1,3
BRF:22
BRH:20
end_of_record
TN:
SF:src/features/ai/api/aiApi.ts
FN:34,(anonymous_0)
FN:43,(anonymous_1)
FN:64,(anonymous_2)
FN:77,(anonymous_3)
FN:90,(anonymous_4)
FN:103,(anonymous_5)
FN:116,(anonymous_6)
FN:124,(anonymous_7)
FN:138,(anonymous_8)
FN:148,(anonymous_9)
FN:153,(anonymous_10)
FN:166,(anonymous_11)
FN:176,(anonymous_12)
FNF:13
FNH:12
FNDA:1,(anonymous_0)
FNDA:0,(anonymous_1)
FNDA:1,(anonymous_2)
FNDA:1,(anonymous_3)
FNDA:1,(anonymous_4)
FNDA:1,(anonymous_5)
FNDA:1,(anonymous_6)
FNDA:2,(anonymous_7)
FNDA:1,(anonymous_8)
FNDA:1,(anonymous_9)
FNDA:8,(anonymous_10)
FNDA:1,(anonymous_11)
FNDA:1,(anonymous_12)
DA:34,2
DA:35,1
DA:36,1
DA:43,2
DA:44,0
DA:45,0
DA:46,0
DA:47,0
DA:50,0
DA:51,0
DA:52,0
DA:53,0
DA:58,0
DA:64,2
DA:67,1
DA:71,1
DA:77,2
DA:80,1
DA:84,1
DA:90,2
DA:93,1
DA:97,1
DA:103,2
DA:106,1
DA:110,1
DA:116,2
DA:117,1
DA:118,1
DA:124,2
DA:131,2
DA:132,2
DA:138,2
DA:142,1
DA:148,2
DA:149,1
DA:150,1
DA:153,2
DA:159,8
DA:163,1
DA:166,2
DA:169,1
DA:173,1
DA:176,2
DA:177,1
DA:183,2
LF:45
LH:36
BRDA:46,0,0,0
BRDA:46,0,1,0
BRDA:52,1,0,0
BRDA:52,1,1,0
BRF:4
BRH:0
end_of_record
TN:
SF:src/features/ai/components/AICommunicationDrafts.tsx
FN:27,AICommunicationDrafts
FN:40,(anonymous_1)
FN:105,(anonymous_2)
FN:114,(anonymous_3)
FN:122,(anonymous_4)
FNF:5
FNH:4
FNDA:12,AICommunicationDrafts
FNDA:0,(anonymous_1)
FNDA:1,(anonymous_2)
FNDA:1,(anonymous_3)
FNDA:1,(anonymous_4)
DA:35,12
DA:36,1
DA:39,11
DA:40,1
DA:43,10
DA:44,1
DA:53,9
DA:105,1
DA:114,1
DA:122,1
LF:10
LH:10
BRDA:29,0,0,12
BRDA:30,1,0,12
BRDA:35,2,0,1
BRDA:35,2,1,11
BRDA:39,3,0,1
BRDA:39,3,1,10
BRDA:43,4,0,1
BRDA:43,4,1,9
BRDA:83,5,0,9
BRDA:83,5,1,9
BRDA:92,6,0,12
BRDA:92,6,1,1
BRF:12
BRH:12
end_of_record
TN:
SF:src/features/ai/components/AIErrorState.tsx
FN:12,AIErrorState
FNF:1
FNH:1
FNDA:9,AIErrorState
DA:18,9
DA:20,9
LF:2
LH:2
BRDA:15,0,0,9
BRDA:18,1,0,7
BRDA:18,1,1,2
BRDA:27,2,0,9
BRDA:27,2,1,9
BRDA:37,3,0,9
BRDA:37,3,1,2
BRDA:37,3,2,2
BRF:8
BRH:8
end_of_record
TN:
SF:src/features/ai/components/AIEstimateGenerator.tsx
FN:18,AIEstimateGenerator
FN:87,(anonymous_1)
FNF:2
FNH:2
FNDA:11,AIEstimateGenerator
FNDA:16,(anonymous_1)
DA:26,11
DA:27,1
DA:39,10
DA:40,1
DA:52,9
DA:53,1
DA:56,8
DA:88,16
LF:8
LH:8
BRDA:26,0,0,1
BRDA:26,0,1,10
BRDA:39,1,0,1
BRDA:39,1,1,9
BRDA:52,2,0,1
BRDA:52,2,1,8
BRDA:72,3,0,8
BRDA:72,3,1,0
BRDA:82,4,0,11
BRDA:82,4,1,8
BRDA:82,4,2,8
BRDA:133,5,0,11
BRDA:133,5,1,8
BRF:13
BRH:12
end_of_record
TN:
SF:src/features/ai/components/AILoadingState.tsx
FN:3,AILoadingState
FNF:1
FNH:1
FNDA:11,AILoadingState
DA:4,11
LF:1
LH:1
BRF:0
BRH:0
end_of_record
TN:
SF:src/features/ai/components/AIQueryChat.tsx
FN:24,AIQueryChat
FN:30,(anonymous_1)
FN:34,(anonymous_2)
FN:42,(anonymous_3)
FN:80,(anonymous_4)
FN:85,(anonymous_5)
FN:99,(anonymous_6)
FN:134,(anonymous_7)
FNF:8
FNH:8
FNDA:35,AIQueryChat
FNDA:27,(anonymous_1)
FNDA:6,(anonymous_2)
FNDA:1,(anonymous_3)
FNDA:100,(anonymous_4)
FNDA:1,(anonymous_5)
FNDA:13,(anonymous_6)
FNDA:6,(anonymous_7)
DA:17,2
DA:25,35
DA:26,35
DA:27,35
DA:30,35
DA:31,27
DA:34,35
DA:35,6
DA:36,6
DA:38,6
DA:39,4
DA:42,35
DA:43,1
DA:46,35
DA:81,100
DA:85,1
DA:100,13
DA:134,6
LF:18
LH:18
BRDA:36,0,0,0
BRDA:36,0,1,6
BRDA:36,1,0,6
BRDA:36,1,1,6
BRDA:69,2,0,35
BRDA:69,2,1,1
BRDA:76,3,0,35
BRDA:76,3,1,25
BRDA:97,4,0,35
BRDA:97,4,1,10
BRDA:102,5,0,10
BRDA:102,5,1,3
BRDA:107,6,0,10
BRDA:107,6,1,3
BRDA:119,7,0,10
BRDA:119,7,1,6
BRDA:141,8,0,35
BRDA:141,8,1,13
BRDA:144,9,0,6
BRDA:144,9,1,29
BRF:20
BRH:19
end_of_record
TN:
SF:src/features/ai/components/AIStreamingText.tsx
FN:9,AIStreamingText
FN:12,(anonymous_1)
FN:19,(anonymous_2)
FN:28,(anonymous_3)
FNF:4
FNH:2
FNDA:11,AIStreamingText
FNDA:6,(anonymous_1)
FNDA:0,(anonymous_2)
FNDA:0,(anonymous_3)
DA:10,11
DA:12,11
DA:13,6
DA:14,6
DA:15,6
DA:18,0
DA:19,0
DA:20,0
DA:21,0
DA:22,0
DA:24,0
DA:28,0
DA:31,11
LF:13
LH:6
BRDA:9,0,0,11
BRDA:13,1,0,6
BRDA:13,1,1,0
BRDA:20,2,0,0
BRDA:20,2,1,0
BRDA:34,3,0,11
BRDA:34,3,1,0
BRDA:34,3,2,0
BRF:8
BRH:3
end_of_record
TN:
SF:src/features/ai/components/CommunicationsQueue.tsx
FN:17,CommunicationsQueue
FN:32,(anonymous_1)
FN:34,(anonymous_2)
FN:35,(anonymous_3)
FN:36,(anonymous_4)
FN:37,(anonymous_5)
FN:39,(anonymous_6)
FN:49,(anonymous_7)
FN:99,(anonymous_8)
FN:128,(anonymous_9)
FN:148,(anonymous_10)
FN:167,(anonymous_11)
FN:203,(anonymous_12)
FN:238,(anonymous_13)
FN:258,(anonymous_14)
FNF:15
FNH:1
FNDA:7,CommunicationsQueue
FNDA:0,(anonymous_1)
FNDA:0,(anonymous_2)
FNDA:0,(anonymous_3)
FNDA:0,(anonymous_4)
FNDA:0,(anonymous_5)
FNDA:0,(anonymous_6)
FNDA:0,(anonymous_7)
FNDA:0,(anonymous_8)
FNDA:0,(anonymous_9)
FNDA:0,(anonymous_10)
FNDA:0,(anonymous_11)
FNDA:0,(anonymous_12)
FNDA:0,(anonymous_13)
FNDA:0,(anonymous_14)
DA:18,7
DA:19,7
DA:29,7
DA:31,7
DA:32,0
DA:34,0
DA:35,7
DA:36,7
DA:37,7
DA:39,7
DA:40,0
DA:41,0
DA:42,0
DA:43,0
DA:44,0
DA:45,0
DA:49,7
DA:50,0
DA:51,0
DA:52,0
DA:53,0
DA:54,0
DA:55,0
DA:59,7
DA:99,0
DA:129,0
DA:168,0
DA:204,0
DA:239,0
DA:258,0
LF:30
LH:10
BRDA:31,0,0,7
BRDA:31,0,1,0
BRDA:32,1,0,0
BRDA:32,1,1,0
BRDA:34,2,0,0
BRDA:34,2,1,0
BRDA:35,3,0,7
BRDA:35,3,1,0
BRDA:36,4,0,7
BRDA:36,4,1,0
BRDA:37,5,0,7
BRDA:37,5,1,0
BRDA:40,6,0,0
BRDA:40,6,1,0
BRDA:40,6,2,0
BRDA:40,6,3,0
BRDA:40,6,4,0
BRDA:50,7,0,0
BRDA:50,7,1,0
BRDA:50,7,2,0
BRDA:50,7,3,0
BRDA:50,7,4,0
BRDA:65,8,0,7
BRDA:65,8,1,0
BRDA:76,9,0,7
BRDA:76,9,1,0
BRDA:121,10,0,7
BRDA:121,10,1,0
BRDA:160,11,0,7
BRDA:160,11,1,0
BRDA:180,12,0,0
BRDA:180,12,1,0
BRDA:196,13,0,7
BRDA:196,13,1,0
BRDA:231,14,0,7
BRDA:231,14,1,0
BRDA:270,15,0,7
BRDA:270,15,1,0
BRF:38
BRH:11
end_of_record
TN:
SF:src/features/ai/components/MorningBriefing.tsx
FN:12,getGreeting
FN:21,MorningBriefing
FNF:2
FNH:2
FNDA:17,getGreeting
FNDA:17,MorningBriefing
DA:13,17
DA:14,17
DA:15,0
DA:16,0
DA:17,0
DA:18,0
DA:22,17
DA:23,17
DA:24,17
DA:26,17
DA:27,17
DA:29,17
DA:30,17
DA:31,17
DA:32,17
DA:34,17
LF:16
LH:12
BRDA:14,0,0,17
BRDA:14,0,1,0
BRDA:15,1,0,0
BRDA:15,1,1,0
BRDA:16,2,0,0
BRDA:16,2,1,0
BRDA:17,3,0,0
BRDA:17,3,1,0
BRDA:29,4,0,17
BRDA:29,4,1,1
BRDA:30,5,0,17
BRDA:30,5,1,6
BRDA:54,6,0,17
BRDA:54,6,1,15
BRDA:56,7,0,15
BRDA:56,7,1,0
BRDA:69,8,0,17
BRDA:69,8,1,1
BRDA:73,9,0,17
BRDA:73,9,1,1
BRDA:74,10,0,17
BRDA:74,10,1,6
BRDA:75,11,0,17
BRDA:75,11,1,6
BRDA:80,12,0,17
BRDA:80,12,1,11
BRDA:118,13,0,17
BRDA:118,13,1,15
BRDA:130,14,0,17
BRDA:130,14,1,0
BRDA:137,15,0,17
BRDA:137,15,1,0
BRF:32
BRH:22
end_of_record
TN:
SF:src/features/ai/hooks/useAICategorize.ts
FN:21,useAICategorize
FN:27,(anonymous_1)
FN:44,(anonymous_2)
FN:59,(anonymous_3)
FNF:4
FNH:4
FNDA:14,useAICategorize
FNDA:5,(anonymous_1)
FNDA:1,(anonymous_2)
FNDA:1,(anonymous_3)
DA:22,14
DA:23,14
DA:24,14
DA:25,14
DA:27,14
DA:28,5
DA:29,5
DA:31,5
DA:32,5
DA:33,4
DA:34,4
DA:36,1
DA:37,1
DA:38,1
DA:40,5
DA:44,14
DA:45,1
DA:46,1
DA:48,1
DA:50,1
DA:52,0
DA:53,0
DA:55,1
DA:59,14
DA:60,1
DA:61,1
DA:62,1
DA:65,14
LF:28
LH:26
BRDA:36,0,0,1
BRDA:36,0,1,0
BRDA:52,1,0,0
BRDA:52,1,1,0
BRF:4
BRH:1
end_of_record
TN:
SF:src/features/ai/hooks/useAIChat.ts
FN:29,useAIChat
FN:35,(anonymous_1)
FN:48,(anonymous_2)
FN:74,(anonymous_3)
FN:87,(anonymous_4)
FNF:5
FNH:5
FNDA:35,useAIChat
FNDA:6,(anonymous_1)
FNDA:6,(anonymous_2)
FNDA:3,(anonymous_3)
FNDA:1,(anonymous_4)
DA:27,2
DA:30,35
DA:31,35
DA:32,35
DA:33,35
DA:35,35
DA:36,6
DA:38,6
DA:39,6
DA:42,6
DA:48,6
DA:49,6
DA:51,6
DA:54,6
DA:55,6
DA:60,6
DA:63,3
DA:64,3
DA:68,3
DA:74,3
DA:75,3
DA:77,3
DA:80,1
DA:81,1
DA:83,4
DA:87,35
DA:88,1
DA:89,1
DA:90,1
DA:93,35
LF:30
LH:30
BRDA:36,0,0,0
BRDA:36,0,1,6
BRDA:57,1,0,6
BRDA:57,1,1,6
BRDA:63,2,0,3
BRDA:63,2,1,0
BRDA:80,3,0,1
BRDA:80,3,1,0
BRF:8
BRH:5
end_of_record
TN:
SF:src/features/ai/hooks/useCommunications.ts
FN:27,useCommunications
FN:33,(anonymous_1)
FN:46,(anonymous_2)
FN:62,(anonymous_3)
FN:66,(anonymous_4)
FN:74,(anonymous_5)
FN:75,(anonymous_6)
FN:89,(anonymous_7)
FN:97,(anonymous_8)
FN:98,(anonymous_9)
FN:101,(anonymous_10)
FN:111,(anonymous_11)
FN:126,(anonymous_12)
FNF:13
FNH:3
FNDA:7,useCommunications
FNDA:7,(anonymous_1)
FNDA:0,(anonymous_2)
FNDA:7,(anonymous_3)
FNDA:0,(anonymous_4)
FNDA:0,(anonymous_5)
FNDA:0,(anonymous_6)
FNDA:0,(anonymous_7)
FNDA:0,(anonymous_8)
FNDA:0,(anonymous_9)
FNDA:0,(anonymous_10)
FNDA:0,(anonymous_11)
FNDA:0,(anonymous_12)
DA:28,7
DA:29,7
DA:30,7
DA:31,7
DA:33,7
DA:34,7
DA:35,7
DA:37,7
DA:38,7
DA:43,0
DA:44,0
DA:45,0
DA:46,0
DA:47,0
DA:52,0
DA:54,0
DA:55,0
DA:56,0
DA:58,0
DA:62,7
DA:63,7
DA:66,7
DA:67,0
DA:69,0
DA:70,0
DA:72,0
DA:73,0
DA:74,0
DA:75,0
DA:77,0
DA:78,0
DA:79,0
DA:82,0
DA:83,0
DA:85,0
DA:89,7
DA:90,0
DA:92,0
DA:93,0
DA:95,0
DA:96,0
DA:97,0
DA:98,0
DA:101,0
DA:102,0
DA:104,0
DA:105,0
DA:107,0
DA:111,7
DA:112,0
DA:113,0
DA:115,0
DA:116,0
DA:117,0
DA:119,0
DA:120,0
DA:122,0
DA:126,7
DA:127,0
DA:130,7
LF:60
LH:16
BRDA:39,0,0,0
BRDA:39,0,1,7
BRDA:44,1,0,0
BRDA:44,1,1,0
BRDA:47,2,0,0
BRDA:47,2,1,0
BRDA:54,3,0,0
BRDA:54,3,1,0
BRDA:67,4,0,0
BRDA:67,4,1,0
BRDA:77,5,0,0
BRDA:77,5,1,0
BRDA:82,6,0,0
BRDA:82,6,1,0
BRDA:90,7,0,0
BRDA:90,7,1,0
BRDA:104,8,0,0
BRDA:104,8,1,0
BRDA:119,9,0,0
BRDA:119,9,1,0
BRF:20
BRH:1
end_of_record
TN:
SF:src/features/auth/components/AuthProvider.tsx
FN:35,(anonymous_0)
FN:36,(anonymous_1)
FN:37,(anonymous_2)
FN:45,getCsrfTokenFromCookie
FN:53,setupCsrfInterceptor
FN:54,(anonymous_5)
FN:67,AuthProvider
FN:75,(anonymous_7)
FN:84,(anonymous_8)
FN:86,(anonymous_9)
FN:94,(anonymous_10)
FN:103,(anonymous_11)
FN:118,(anonymous_12)
FN:119,(anonymous_13)
FN:127,(anonymous_14)
FN:128,(anonymous_15)
FN:152,(anonymous_16)
FN:162,(anonymous_17)
FN:177,(anonymous_18)
FN:199,useAuth
FNF:20
FNH:16
FNDA:0,(anonymous_0)
FNDA:0,(anonymous_1)
FNDA:0,(anonymous_2)
FNDA:1,getCsrfTokenFromCookie
FNDA:9,setupCsrfInterceptor
FNDA:1,(anonymous_5)
FNDA:21,AuthProvider
FNDA:15,(anonymous_7)
FNDA:9,(anonymous_8)
FNDA:9,(anonymous_9)
FNDA:5,(anonymous_10)
FNDA:0,(anonymous_11)
FNDA:9,(anonymous_12)
FNDA:9,(anonymous_13)
FNDA:9,(anonymous_14)
FNDA:9,(anonymous_15)
FNDA:2,(anonymous_16)
FNDA:1,(anonymous_17)
FNDA:1,(anonymous_18)
FNDA:23,useAuth
DA:28,4
DA:31,4
DA:40,4
DA:46,1
DA:47,1
DA:54,9
DA:55,1
DA:56,1
DA:57,1
DA:59,1
DA:68,21
DA:69,21
DA:70,21
DA:71,21
DA:72,21
DA:75,21
DA:76,15
DA:77,5
DA:79,10
DA:84,21
DA:85,9
DA:86,9
DA:87,9
DA:88,9
DA:94,21
DA:96,5
DA:97,1
DA:101,5
DA:102,5
DA:103,5
DA:104,0
DA:105,0
DA:106,0
DA:107,0
DA:110,0
DA:111,0
DA:118,21
DA:119,9
DA:120,9
DA:121,3
DA:127,21
DA:128,9
DA:129,9
DA:131,9
DA:132,3
DA:133,3
DA:136,3
DA:137,3
DA:140,6
DA:141,6
DA:143,9
DA:147,9
DA:151,21
DA:153,2
DA:154,1
DA:155,1
DA:156,1
DA:162,21
DA:163,1
DA:164,1
DA:167,1
DA:168,1
DA:169,1
DA:170,1
DA:171,1
DA:177,21
DA:178,1
DA:179,1
DA:180,1
DA:183,21
DA:192,21
DA:200,23
DA:201,23
DA:202,2
DA:204,21
LF:75
LH:69
BRDA:47,0,0,1
BRDA:47,0,1,0
BRDA:56,1,0,1
BRDA:56,1,1,0
BRDA:56,2,0,1
BRDA:56,2,1,1
BRDA:76,3,0,5
BRDA:76,3,1,10
BRDA:87,4,0,9
BRDA:87,4,1,0
BRDA:96,5,0,1
BRDA:96,5,1,4
BRDA:102,6,0,5
BRDA:102,6,1,0
BRDA:120,7,0,3
BRDA:120,7,1,6
BRDA:169,8,0,1
BRDA:169,8,1,0
BRDA:201,9,0,2
BRDA:201,9,1,21
BRF:20
BRH:15
end_of_record
TN:
SF:src/features/auth/components/LoginPage.tsx
FN:25,LoginPage
FN:40,(anonymous_1)
FN:97,(anonymous_2)
FN:115,(anonymous_3)
FN:124,(anonymous_4)
FN:143,(anonymous_5)
FNF:6
FNH:6
FNDA:207,LoginPage
FNDA:9,(anonymous_1)
FNDA:75,(anonymous_2)
FNDA:96,(anonymous_3)
FNDA:2,(anonymous_4)
FNDA:1,(anonymous_5)
DA:26,207
DA:27,207
DA:28,207
DA:30,207
DA:31,207
DA:32,207
DA:33,207
DA:34,207
DA:35,207
DA:38,207
DA:40,207
DA:41,9
DA:42,9
DA:43,9
DA:45,9
DA:46,9
DA:47,6
DA:50,2
DA:51,2
DA:53,8
DA:57,207
DA:97,75
DA:115,96
DA:124,2
DA:143,1
LF:25
LH:25
BRDA:38,0,0,207
BRDA:38,0,1,185
BRDA:50,1,0,2
BRDA:50,1,1,0
BRDA:80,2,0,207
BRDA:80,2,1,23
BRDA:113,3,0,1
BRDA:113,3,1,206
BRDA:129,4,0,1
BRDA:129,4,1,206
BRDA:159,5,0,9
BRDA:159,5,1,198
BRF:12
BRH:11
end_of_record
TN:
SF:src/features/auth/components/ProtectedRoute.tsx
FN:28,AccessDenied
FN:61,ProtectedRoute
FNF:2
FNH:2
FNDA:1,AccessDenied
FNDA:6,ProtectedRoute
DA:29,1
DA:62,6
DA:63,6
DA:66,6
DA:67,1
DA:71,5
DA:73,1
DA:77,4
DA:78,2
DA:79,1
DA:84,3
LF:11
LH:11
BRDA:66,0,0,1
BRDA:66,0,1,5
BRDA:71,1,0,1
BRDA:71,1,1,4
BRDA:71,2,0,5
BRDA:71,2,1,4
BRDA:77,3,0,2
BRDA:77,3,1,2
BRDA:77,4,0,4
BRDA:77,4,1,2
BRDA:78,5,0,1
BRDA:78,5,1,1
BRF:12
BRH:12
end_of_record
TN:
SF:src/features/auth/components/UserMenu.tsx
FN:20,UserMenu
FN:28,(anonymous_1)
FN:33,(anonymous_2)
FN:40,(anonymous_3)
FNF:4
FNH:4
FNDA:9,UserMenu
FNDA:1,(anonymous_1)
FNDA:1,(anonymous_2)
FNDA:16,(anonymous_3)
DA:21,9
DA:22,9
DA:24,9
DA:25,1
DA:28,8
DA:29,1
DA:30,1
DA:33,8
DA:34,1
DA:38,8
DA:40,16
DA:45,8
LF:12
LH:12
BRDA:24,0,0,1
BRDA:24,0,1,8
BRDA:67,1,0,8
BRDA:67,1,1,1
BRF:4
BRH:4
end_of_record
TN:
SF:src/features/customers/api/customerApi.ts
FN:9,(anonymous_0)
FN:17,(anonymous_1)
FN:23,(anonymous_2)
FN:29,(anonymous_3)
FN:35,(anonymous_4)
FN:40,(anonymous_5)
FN:48,(anonymous_6)
FNF:7
FNH:7
FNDA:3,(anonymous_0)
FNDA:4,(anonymous_1)
FNDA:3,(anonymous_2)
FNDA:3,(anonymous_3)
FNDA:2,(anonymous_4)
FNDA:2,(anonymous_5)
FNDA:3,(anonymous_6)
DA:5,4
DA:7,4
DA:10,3
DA:13,2
DA:18,4
DA:19,1
DA:24,3
DA:25,2
DA:30,3
DA:31,2
DA:36,2
DA:41,2
DA:44,1
DA:56,3
DA:57,2
LF:15
LH:15
BRF:0
BRH:0
end_of_record
TN:
SF:src/features/customers/components/CustomerForm.tsx
FN:64,CustomerForm
FN:98,(anonymous_1)
FN:138,(anonymous_2)
FN:151,(anonymous_3)
FN:167,(anonymous_4)
FN:185,(anonymous_5)
FN:205,(anonymous_6)
FN:218,(anonymous_7)
FN:242,(anonymous_8)
FN:260,(anonymous_9)
FN:278,(anonymous_10)
FN:307,(anonymous_11)
FN:330,(anonymous_12)
FNF:13
FNH:13
FNDA:20,CustomerForm
FNDA:2,(anonymous_1)
FNDA:41,(anonymous_2)
FNDA:32,(anonymous_3)
FNDA:46,(anonymous_4)
FNDA:34,(anonymous_5)
FNDA:20,(anonymous_6)
FNDA:160,(anonymous_7)
FNDA:20,(anonymous_8)
FNDA:20,(anonymous_9)
FNDA:20,(anonymous_10)
FNDA:20,(anonymous_11)
FNDA:20,(anonymous_12)
DA:28,1
DA:53,1
DA:65,20
DA:66,20
DA:67,20
DA:69,20
DA:98,20
DA:99,2
DA:101,2
DA:106,2
DA:107,1
DA:111,1
DA:113,1
DA:114,1
DA:116,2
DA:118,0
DA:122,20
DA:124,20
DA:139,41
DA:152,32
DA:168,46
DA:186,34
DA:206,20
DA:219,160
DA:243,20
DA:261,20
DA:279,20
DA:308,20
DA:331,20
LF:29
LH:28
BRDA:71,0,0,6
BRDA:71,0,1,14
BRDA:76,1,0,6
BRDA:76,1,1,0
BRDA:103,2,0,2
BRDA:103,2,1,1
BRDA:106,3,0,1
BRDA:106,3,1,1
BRDA:106,4,0,2
BRDA:106,4,1,1
BRDA:118,5,0,0
BRDA:118,5,1,0
BRDA:122,6,0,20
BRDA:122,6,1,20
BRDA:210,7,0,20
BRDA:210,7,1,14
BRDA:356,8,0,20
BRDA:356,8,1,2
BRDA:362,9,0,0
BRDA:362,9,1,20
BRDA:362,10,0,6
BRDA:362,10,1,14
BRF:22
BRH:18
end_of_record
TN:
SF:src/features/customers/components/CustomerList.tsx
FN:37,CustomerList
FN:49,(anonymous_1)
FN:52,(anonymous_2)
FN:58,(anonymous_3)
FN:74,(anonymous_4)
FN:86,(anonymous_5)
FN:101,(anonymous_6)
FN:105,(anonymous_7)
FN:116,(anonymous_8)
FN:121,(anonymous_9)
FN:139,(anonymous_10)
FN:143,(anonymous_11)
FN:172,(anonymous_12)
FN:180,(anonymous_13)
FN:182,(anonymous_14)
FN:194,(anonymous_15)
FN:196,(anonymous_16)
FN:226,(anonymous_17)
FN:226,(anonymous_18)
FN:234,(anonymous_19)
FN:234,(anonymous_20)
FNF:21
FNH:13
FNDA:5,CustomerList
FNDA:3,(anonymous_1)
FNDA:0,(anonymous_2)
FNDA:4,(anonymous_3)
FNDA:4,(anonymous_4)
FNDA:4,(anonymous_5)
FNDA:4,(anonymous_6)
FNDA:6,(anonymous_7)
FNDA:4,(anonymous_8)
FNDA:4,(anonymous_9)
FNDA:0,(anonymous_10)
FNDA:0,(anonymous_11)
FNDA:0,(anonymous_12)
FNDA:3,(anonymous_13)
FNDA:18,(anonymous_14)
FNDA:4,(anonymous_15)
FNDA:24,(anonymous_16)
FNDA:0,(anonymous_17)
FNDA:0,(anonymous_18)
FNDA:0,(anonymous_19)
FNDA:0,(anonymous_20)
DA:38,5
DA:39,5
DA:44,5
DA:46,5
DA:50,3
DA:52,0
DA:59,4
DA:60,4
DA:75,4
DA:87,4
DA:102,4
DA:103,4
DA:106,6
DA:117,4
DA:122,4
DA:123,4
DA:139,0
DA:143,0
DA:156,5
DA:167,5
DA:168,1
DA:171,4
DA:172,1
DA:175,3
DA:181,3
DA:183,18
DA:195,4
DA:197,24
DA:226,0
DA:234,0
LF:30
LH:25
BRDA:87,0,0,2
BRDA:87,0,1,2
BRDA:108,1,0,4
BRDA:108,1,1,0
BRDA:117,2,0,4
BRDA:117,2,1,0
BRDA:138,3,0,4
BRDA:138,3,1,0
BRDA:141,4,0,4
BRDA:141,4,1,0
BRDA:157,5,0,5
BRDA:157,5,1,2
BRDA:167,6,0,1
BRDA:167,6,1,4
BRDA:171,7,0,1
BRDA:171,7,1,3
BRDA:184,8,0,0
BRDA:184,8,1,18
BRDA:193,9,0,2
BRDA:193,9,1,1
BRDA:215,10,0,5
BRDA:215,10,1,3
BRDA:215,10,2,0
BRF:23
BRH:17
end_of_record
TN:
SF:src/features/customers/components/CustomerSearch.tsx
FN:13,CustomerSearch
FN:22,(anonymous_1)
FN:26,(anonymous_2)
FN:31,(anonymous_3)
FN:36,(anonymous_4)
FNF:5
FNH:5
FNDA:12,CustomerSearch
FNDA:9,(anonymous_1)
FNDA:1,(anonymous_2)
FNDA:2,(anonymous_3)
FNDA:1,(anonymous_4)
DA:18,12
DA:19,12
DA:22,12
DA:23,9
DA:26,12
DA:27,1
DA:28,1
DA:31,12
DA:32,2
DA:33,2
DA:36,12
DA:37,1
DA:38,1
DA:42,12
LF:14
LH:14
BRDA:15,0,0,12
BRDA:16,1,0,12
BRDA:37,2,0,1
BRDA:37,2,1,0
BRDA:54,3,0,12
BRDA:54,3,1,6
BRF:6
BRH:5
end_of_record
TN:
SF:src/features/customers/hooks/useCustomerMutations.ts
FN:7,useCreateCustomer
FN:11,(anonymous_1)
FN:12,(anonymous_2)
FN:20,useUpdateCustomer
FN:24,(anonymous_4)
FN:26,(anonymous_5)
FN:36,useDeleteCustomer
FN:40,(anonymous_7)
FN:41,(anonymous_8)
FN:51,useUpdateCustomerFlags
FN:55,(anonymous_10)
FN:66,(anonymous_11)
FNF:12
FNH:12
FNDA:7,useCreateCustomer
FNDA:3,(anonymous_1)
FNDA:2,(anonymous_2)
FNDA:4,useUpdateCustomer
FNDA:2,(anonymous_4)
FNDA:1,(anonymous_5)
FNDA:4,useDeleteCustomer
FNDA:2,(anonymous_7)
FNDA:1,(anonymous_8)
FNDA:6,useUpdateCustomerFlags
FNDA:3,(anonymous_10)
FNDA:2,(anonymous_11)
DA:8,7
DA:10,7
DA:11,3
DA:14,2
DA:21,4
DA:23,4
DA:25,2
DA:28,1
DA:30,1
DA:37,4
DA:39,4
DA:40,2
DA:43,1
DA:45,1
DA:52,6
DA:54,6
DA:65,3
DA:68,2
DA:70,2
LF:19
LH:19
BRF:0
BRH:0
end_of_record
TN:
SF:src/features/customers/hooks/useCustomers.ts
FN:8,(anonymous_0)
FN:9,(anonymous_1)
FN:10,(anonymous_2)
FN:11,(anonymous_3)
FN:12,(anonymous_4)
FN:16,useCustomers
FN:19,(anonymous_6)
FN:24,useCustomer
FN:27,(anonymous_8)
FN:33,useCustomerSearch
FN:36,(anonymous_10)
FNF:11
FNH:11
FNDA:16,(anonymous_0)
FNDA:9,(anonymous_1)
FNDA:11,(anonymous_2)
FNDA:10,(anonymous_3)
FNDA:7,(anonymous_4)
FNDA:7,useCustomers
FNDA:4,(anonymous_6)
FNDA:5,useCustomer
FNDA:2,(anonymous_8)
FNDA:6,useCustomerSearch
FNDA:2,(anonymous_10)
DA:6,3
DA:8,16
DA:9,9
DA:10,11
DA:11,10
DA:12,7
DA:17,7
DA:19,4
DA:25,5
DA:27,2
DA:34,6
DA:36,2
LF:12
LH:12
BRF:0
BRH:0
end_of_record
TN:
SF:src/features/dashboard/components/DashboardPage.tsx
FN:30,DashboardPage
FNF:1
FNH:1
FNDA:8,DashboardPage
DA:31,8
DA:32,8
DA:33,8
DA:35,8
DA:37,8
LF:5
LH:5
BRDA:35,0,0,8
BRDA:35,0,1,7
BRDA:35,0,2,7
BRDA:60,1,0,1
BRDA:60,1,1,7
BRDA:76,2,0,7
BRDA:76,2,1,0
BRDA:77,3,0,7
BRDA:77,3,1,0
BRDA:83,4,0,7
BRDA:83,4,1,0
BRDA:84,5,0,7
BRDA:84,5,1,0
BRDA:91,6,0,7
BRDA:91,6,1,0
BRDA:91,7,0,7
BRDA:91,7,1,0
BRDA:93,8,0,7
BRDA:93,8,1,0
BRDA:99,9,0,7
BRDA:99,9,1,0
BRDA:100,10,0,7
BRDA:100,10,1,0
BRDA:127,11,0,7
BRDA:127,11,1,5
BRDA:136,12,0,7
BRDA:136,12,1,5
BRDA:145,13,0,7
BRDA:145,13,1,0
BRDA:167,14,0,7
BRDA:167,14,1,0
BRDA:173,15,0,7
BRDA:173,15,1,0
BRDA:179,16,0,7
BRDA:179,16,1,5
BRDA:185,17,0,7
BRDA:185,17,1,0
BRDA:191,18,0,7
BRDA:191,18,1,5
BRF:39
BRH:26
end_of_record
TN:
SF:src/features/dashboard/components/MetricsCard.tsx
FN:22,MetricsCard2
FNF:1
FNH:1
FNDA:35,MetricsCard2
DA:22,2
DA:30,35
LF:2
LH:2
BRDA:34,0,0,35
BRDA:34,0,1,29
BRDA:38,1,0,35
BRDA:38,1,1,29
BRDA:41,2,0,35
BRDA:41,2,1,2
BRDA:44,3,0,1
BRDA:44,3,1,1
BRDA:47,4,0,1
BRDA:47,4,1,1
BRF:10
BRH:10
end_of_record
TN:
SF:src/features/dashboard/components/RecentActivity.tsx
FN:15,RecentActivity
FN:30,(anonymous_1)
FN:39,(anonymous_2)
FN:50,(anonymous_3)
FN:55,(anonymous_4)
FN:69,(anonymous_5)
FN:90,(anonymous_6)
FN:110,(anonymous_7)
FNF:8
FNH:8
FNDA:14,RecentActivity
FNDA:3,(anonymous_1)
FNDA:2,(anonymous_2)
FNDA:1,(anonymous_3)
FNDA:5,(anonymous_4)
FNDA:5,(anonymous_5)
FNDA:5,(anonymous_6)
FNDA:5,(anonymous_7)
DA:16,14
DA:20,14
DA:26,14
DA:29,14
DA:30,3
DA:39,2
DA:51,1
DA:55,14
DA:56,5
DA:66,5
DA:69,14
DA:70,5
DA:77,14
DA:91,5
DA:111,5
LF:15
LH:15
BRDA:26,0,0,14
BRDA:26,0,1,13
BRDA:30,1,0,14
BRDA:30,1,1,1
BRDA:34,2,0,3
BRDA:34,2,1,0
BRDA:39,3,0,14
BRDA:39,3,1,1
BRDA:66,4,0,5
BRDA:66,4,1,0
BRDA:70,5,0,3
BRDA:70,5,1,2
BRDA:88,6,0,1
BRDA:88,6,1,13
BRDA:103,7,0,9
BRDA:103,7,1,4
BRF:16
BRH:14
end_of_record
TN:
SF:src/features/invoices/api/invoiceApi.ts
FN:16,(anonymous_0)
FN:24,(anonymous_1)
FN:30,(anonymous_2)
FN:36,(anonymous_3)
FN:42,(anonymous_4)
FN:47,(anonymous_5)
FN:53,(anonymous_6)
FN:59,(anonymous_7)
FN:65,(anonymous_8)
FN:71,(anonymous_9)
FN:79,(anonymous_10)
FN:88,(anonymous_11)
FN:100,(anonymous_12)
FNF:13
FNH:13
FNDA:2,(anonymous_0)
FNDA:1,(anonymous_1)
FNDA:1,(anonymous_2)
FNDA:1,(anonymous_3)
FNDA:1,(anonymous_4)
FNDA:1,(anonymous_5)
FNDA:1,(anonymous_6)
FNDA:1,(anonymous_7)
FNDA:1,(anonymous_8)
FNDA:1,(anonymous_9)
FNDA:8,(anonymous_10)
FNDA:8,(anonymous_11)
FNDA:1,(anonymous_12)
DA:12,2
DA:14,2
DA:17,2
DA:20,2
DA:25,1
DA:26,1
DA:31,1
DA:32,1
DA:37,1
DA:38,1
DA:43,1
DA:48,1
DA:49,1
DA:54,1
DA:55,1
DA:60,1
DA:61,1
DA:66,1
DA:67,1
DA:72,1
DA:75,1
DA:80,8
DA:84,1
DA:92,8
DA:96,1
DA:101,1
DA:104,1
LF:27
LH:27
BRF:0
BRH:0
end_of_record
TN:
SF:src/features/invoices/components/GenerateInvoiceButton.tsx
FN:18,GenerateInvoiceButton
FN:32,(anonymous_1)
FNF:2
FNH:2
FNDA:22,GenerateInvoiceButton
FNDA:5,(anonymous_1)
DA:19,22
DA:20,22
DA:23,22
DA:24,1
DA:28,21
DA:29,5
DA:32,16
DA:33,5
DA:34,5
DA:35,5
DA:36,3
DA:39,3
DA:40,1
DA:42,2
DA:45,1
DA:49,4
DA:53,16
LF:17
LH:17
BRDA:23,0,0,1
BRDA:23,0,1,21
BRDA:28,1,0,5
BRDA:28,1,1,16
BRDA:39,2,0,1
BRDA:39,2,1,2
BRDA:46,3,0,1
BRDA:46,3,1,0
BRDA:59,4,0,5
BRDA:59,4,1,11
BRF:10
BRH:9
end_of_record
TN:
SF:src/features/invoices/components/InvoiceDetail.tsx
FN:33,InvoiceDetail
FN:48,(anonymous_1)
FN:57,(anonymous_2)
FN:66,(anonymous_3)
FN:75,(anonymous_4)
FN:92,(anonymous_5)
FN:99,(anonymous_6)
FN:107,(anonymous_7)
FN:124,(anonymous_8)
FN:298,(anonymous_9)
FNF:10
FNH:5
FNDA:33,InvoiceDetail
FNDA:1,(anonymous_1)
FNDA:0,(anonymous_2)
FNDA:0,(anonymous_3)
FNDA:0,(anonymous_4)
FNDA:0,(anonymous_5)
FNDA:186,(anonymous_6)
FNDA:42,(anonymous_7)
FNDA:0,(anonymous_8)
FNDA:34,(anonymous_9)
DA:38,33
DA:39,33
DA:40,33
DA:42,33
DA:43,33
DA:44,33
DA:45,33
DA:46,33
DA:48,33
DA:49,1
DA:50,1
DA:51,1
DA:53,0
DA:57,33
DA:58,0
DA:59,0
DA:60,0
DA:62,0
DA:66,33
DA:67,0
DA:68,0
DA:69,0
DA:71,0
DA:75,33
DA:76,0
DA:77,0
DA:78,0
DA:83,0
DA:87,33
DA:88,16
DA:91,17
DA:92,0
DA:95,17
DA:96,0
DA:99,17
DA:100,186
DA:101,171
DA:107,17
DA:108,42
DA:109,37
DA:112,17
DA:113,33
DA:114,33
DA:115,33
DA:116,33
DA:117,33
DA:119,33
DA:124,0
DA:299,34
LF:49
LH:33
BRDA:40,0,0,33
BRDA:40,0,1,33
BRDA:40,0,2,0
BRDA:49,1,0,0
BRDA:49,1,1,1
BRDA:58,2,0,0
BRDA:58,2,1,0
BRDA:67,3,0,0
BRDA:67,3,1,0
BRDA:76,4,0,0
BRDA:76,4,1,0
BRDA:87,5,0,16
BRDA:87,5,1,17
BRDA:91,6,0,0
BRDA:91,6,1,17
BRDA:95,7,0,0
BRDA:95,7,1,17
BRDA:100,8,0,15
BRDA:100,8,1,171
BRDA:108,9,0,5
BRDA:108,9,1,37
BRDA:112,10,0,17
BRDA:112,10,1,15
BRDA:116,11,0,33
BRDA:116,11,1,3
BRDA:116,11,2,2
BRDA:117,12,0,33
BRDA:117,12,1,3
BRDA:117,12,2,1
BRDA:136,13,0,33
BRDA:136,13,1,0
BRDA:136,13,2,0
BRDA:197,14,0,33
BRDA:197,14,1,16
BRDA:205,15,0,33
BRDA:205,15,1,17
BRDA:228,16,0,17
BRDA:228,16,1,0
BRDA:241,17,0,33
BRDA:241,17,1,17
BRDA:248,18,0,33
BRDA:248,18,1,17
BRDA:268,19,0,33
BRDA:268,19,1,17
BRDA:286,20,0,17
BRDA:286,20,1,0
BRDA:286,21,0,33
BRDA:286,21,1,17
BRDA:312,22,0,17
BRDA:312,22,1,0
BRDA:332,23,0,33
BRDA:332,23,1,1
BRDA:344,24,0,1
BRDA:344,24,1,0
BRDA:351,25,0,1
BRDA:351,25,1,1
BRDA:362,26,0,33
BRDA:362,26,1,3
BRDA:391,27,0,33
BRDA:391,27,1,1
BRDA:423,28,0,33
BRDA:423,28,1,11
BRDA:434,29,0,33
BRDA:434,29,1,4
BRDA:434,29,2,1
BRDA:445,30,0,33
BRDA:445,30,1,3
BRDA:457,31,0,33
BRDA:457,31,1,1
BRDA:469,32,0,33
BRDA:469,32,1,1
BRF:71
BRH:55
end_of_record
TN:
SF:src/features/invoices/components/InvoiceForm.tsx
FN:46,InvoiceForm
FN:80,(anonymous_1)
FN:84,(anonymous_2)
FN:93,(anonymous_3)
FN:95,(anonymous_4)
FN:99,(anonymous_5)
FN:141,(anonymous_6)
FN:162,(anonymous_7)
FN:171,(anonymous_8)
FN:187,(anonymous_9)
FN:196,(anonymous_10)
FN:213,(anonymous_11)
FN:242,(anonymous_12)
FN:253,(anonymous_13)
FN:274,(anonymous_14)
FN:282,(anonymous_15)
FN:302,(anonymous_16)
FN:311,(anonymous_17)
FN:331,(anonymous_18)
FN:354,(anonymous_19)
FN:383,(anonymous_20)
FNF:21
FNH:14
FNDA:34,InvoiceForm
FNDA:2,(anonymous_1)
FNDA:0,(anonymous_2)
FNDA:0,(anonymous_3)
FNDA:0,(anonymous_4)
FNDA:1,(anonymous_5)
FNDA:0,(anonymous_6)
FNDA:35,(anonymous_7)
FNDA:1,(anonymous_8)
FNDA:35,(anonymous_9)
FNDA:0,(anonymous_10)
FNDA:35,(anonymous_11)
FNDA:8,(anonymous_12)
FNDA:8,(anonymous_13)
FNDA:8,(anonymous_14)
FNDA:0,(anonymous_15)
FNDA:8,(anonymous_16)
FNDA:0,(anonymous_17)
FNDA:8,(anonymous_18)
FNDA:1,(anonymous_19)
FNDA:35,(anonymous_20)
DA:19,2
DA:26,2
DA:54,34
DA:55,34
DA:56,34
DA:59,34
DA:60,34
DA:61,34
DA:63,34
DA:75,34
DA:80,34
DA:81,2
DA:84,34
DA:85,0
DA:86,0
DA:87,0
DA:88,0
DA:89,0
DA:93,34
DA:94,0
DA:95,0
DA:96,0
DA:99,34
DA:100,1
DA:101,1
DA:102,0
DA:109,0
DA:111,1
DA:119,1
DA:121,1
DA:123,0
DA:127,34
DA:129,34
DA:142,0
DA:163,35
DA:172,1
DA:188,35
DA:197,0
DA:214,35
DA:243,8
DA:254,8
DA:275,8
DA:283,0
DA:286,0
DA:303,8
DA:312,0
DA:315,0
DA:332,8
DA:354,1
DA:384,35
LF:50
LH:33
BRDA:66,0,0,34
BRDA:66,0,1,30
BRDA:66,0,2,0
BRDA:67,1,0,34
BRDA:67,1,1,30
BRDA:67,1,2,27
BRDA:68,2,0,34
BRDA:68,2,1,34
BRDA:69,3,0,34
BRDA:69,3,1,30
BRDA:70,4,0,34
BRDA:70,4,1,30
BRDA:70,4,2,28
BRDA:71,5,0,34
BRDA:71,5,1,30
BRDA:85,6,0,0
BRDA:85,6,1,0
BRDA:87,7,0,0
BRDA:87,7,1,0
BRDA:94,8,0,0
BRDA:94,8,1,0
BRDA:95,9,0,0
BRDA:95,9,1,0
BRDA:101,10,0,0
BRDA:101,10,1,1
BRDA:101,11,0,1
BRDA:101,11,1,0
BRDA:127,12,0,34
BRDA:127,12,1,34
BRDA:137,13,0,34
BRDA:137,13,1,30
BRDA:137,13,2,0
BRDA:170,14,0,35
BRDA:170,14,1,27
BRDA:172,15,0,1
BRDA:172,15,1,0
BRDA:195,16,0,35
BRDA:195,16,1,35
BRDA:197,17,0,0
BRDA:197,17,1,0
BRDA:240,18,0,34
BRDA:240,18,1,8
BRDA:255,19,0,8
BRDA:255,19,1,8
BRDA:276,20,0,8
BRDA:276,20,1,8
BRDA:281,21,0,8
BRDA:281,21,1,0
BRDA:284,22,0,0
BRDA:284,22,1,0
BRDA:304,23,0,8
BRDA:304,23,1,8
BRDA:310,24,0,8
BRDA:310,24,1,2
BRDA:313,25,0,0
BRDA:313,25,1,0
BRDA:333,26,0,8
BRDA:333,26,1,8
BRDA:337,27,0,8
BRDA:337,27,1,0
BRDA:389,28,0,35
BRDA:389,28,1,31
BRDA:402,29,0,34
BRDA:402,29,1,2
BRDA:413,30,0,0
BRDA:413,30,1,34
BRDA:415,31,0,4
BRDA:415,31,1,30
BRF:68
BRH:46
end_of_record
TN:
SF:src/features/invoices/components/InvoiceList.tsx
FN:59,formatCurrency
FN:66,formatDate
FN:74,InvoiceList
FN:94,(anonymous_3)
FN:97,(anonymous_4)
FN:103,(anonymous_5)
FN:119,(anonymous_6)
FN:127,(anonymous_7)
FN:130,(anonymous_8)
FN:136,(anonymous_9)
FN:146,(anonymous_10)
FN:150,(anonymous_11)
FN:153,(anonymous_12)
FN:159,(anonymous_13)
FN:168,(anonymous_14)
FN:186,(anonymous_15)
FN:191,(anonymous_16)
FN:195,(anonymous_17)
FN:224,(anonymous_18)
FN:234,(anonymous_19)
FN:236,(anonymous_20)
FN:243,(anonymous_21)
FN:255,(anonymous_22)
FN:257,(anonymous_23)
FN:267,(anonymous_24)
FN:269,(anonymous_25)
FN:282,(anonymous_26)
FN:284,(anonymous_27)
FN:296,(anonymous_28)
FN:298,(anonymous_29)
FN:328,(anonymous_30)
FN:328,(anonymous_31)
FN:337,(anonymous_32)
FN:337,(anonymous_33)
FNF:34
FNH:19
FNDA:33,formatCurrency
FNDA:33,formatDate
FNDA:27,InvoiceList
FNDA:12,(anonymous_3)
FNDA:0,(anonymous_4)
FNDA:33,(anonymous_5)
FNDA:33,(anonymous_6)
FNDA:12,(anonymous_7)
FNDA:0,(anonymous_8)
FNDA:33,(anonymous_9)
FNDA:33,(anonymous_10)
FNDA:12,(anonymous_11)
FNDA:0,(anonymous_12)
FNDA:33,(anonymous_13)
FNDA:33,(anonymous_14)
FNDA:0,(anonymous_15)
FNDA:0,(anonymous_16)
FNDA:0,(anonymous_17)
FNDA:0,(anonymous_18)
FNDA:0,(anonymous_19)
FNDA:0,(anonymous_20)
FNDA:120,(anonymous_21)
FNDA:0,(anonymous_22)
FNDA:0,(anonymous_23)
FNDA:0,(anonymous_24)
FNDA:0,(anonymous_25)
FNDA:12,(anonymous_26)
FNDA:72,(anonymous_27)
FNDA:33,(anonymous_28)
FNDA:198,(anonymous_29)
FNDA:0,(anonymous_30)
FNDA:0,(anonymous_31)
FNDA:1,(anonymous_32)
FNDA:1,(anonymous_33)
DA:40,2
DA:60,33
DA:67,33
DA:75,27
DA:76,27
DA:80,27
DA:81,27
DA:82,27
DA:84,27
DA:91,27
DA:95,12
DA:97,0
DA:104,33
DA:105,33
DA:120,33
DA:128,12
DA:130,0
DA:137,33
DA:146,33
DA:151,12
DA:153,0
DA:160,33
DA:169,33
DA:170,33
DA:186,0
DA:191,0
DA:195,0
DA:208,27
DA:219,27
DA:220,14
DA:223,13
DA:224,1
DA:227,12
DA:235,0
DA:236,0
DA:244,120
DA:256,0
DA:257,0
DA:268,0
DA:269,0
DA:283,12
DA:285,72
DA:297,33
DA:299,198
DA:328,0
DA:337,1
LF:46
LH:33
BRDA:86,0,0,0
BRDA:86,0,1,27
BRDA:87,1,0,27
BRDA:87,1,1,27
BRDA:88,2,0,27
BRDA:88,2,1,27
BRDA:185,3,0,33
BRDA:185,3,1,0
BRDA:190,4,0,33
BRDA:190,4,1,0
BRDA:190,4,2,0
BRDA:193,5,0,33
BRDA:193,5,1,0
BRDA:193,5,2,0
BRDA:209,6,0,27
BRDA:209,6,1,15
BRDA:219,7,0,14
BRDA:219,7,1,13
BRDA:223,8,0,1
BRDA:223,8,1,12
BRDA:286,9,0,0
BRDA:286,9,1,72
BRDA:295,10,0,11
BRDA:295,10,1,1
BRDA:317,11,0,27
BRDA:317,11,1,12
BRDA:317,11,2,3
BRF:27
BRH:20
end_of_record
TN:
SF:src/features/invoices/components/InvoiceStatusBadge.tsx
FN:11,InvoiceStatusBadge2
FNF:1
FNH:1
FNDA:84,InvoiceStatusBadge2
DA:11,6
DA:15,84
DA:17,84
LF:3
LH:3
BRF:0
BRH:0
end_of_record
TN:
SF:src/features/invoices/components/LienDeadlinesWidget.tsx
FN:14,formatCurrency
FN:21,formatDate
FN:33,DeadlineItem2
FN:82,LienDeadlinesWidget2
FN:139,(anonymous_4)
FN:169,(anonymous_5)
FNF:6
FNH:6
FNDA:13,formatCurrency
FNDA:13,formatDate
FNDA:13,DeadlineItem2
FNDA:19,LienDeadlinesWidget2
FNDA:8,(anonymous_4)
FNDA:5,(anonymous_5)
DA:15,13
DA:22,13
DA:33,2
DA:37,13
DA:82,2
DA:85,19
DA:87,19
DA:88,19
DA:89,19
DA:91,19
DA:140,8
DA:170,5
LF:12
LH:12
BRDA:56,0,0,8
BRDA:56,0,1,5
BRDA:87,1,0,19
BRDA:87,1,1,9
BRDA:88,2,0,19
BRDA:88,2,1,9
BRDA:89,3,0,19
BRDA:89,3,1,13
BRDA:100,4,0,19
BRDA:100,4,1,8
BRDA:110,5,0,19
BRDA:110,5,1,1
BRDA:119,6,0,19
BRDA:119,6,1,11
BRDA:119,6,2,10
BRDA:119,6,3,2
BRDA:128,7,0,19
BRDA:128,7,1,11
BRDA:128,7,2,10
BRDA:128,7,3,8
BRDA:130,8,0,8
BRDA:130,8,1,6
BRDA:146,9,0,6
BRDA:146,9,1,1
BRDA:160,10,0,8
BRDA:160,10,1,3
BRDA:176,11,0,3
BRDA:176,11,1,1
BRF:28
BRH:28
end_of_record
TN:
SF:src/features/invoices/components/OverdueInvoicesWidget.tsx
FN:15,formatCurrency
FN:22,getDaysOverdue
FN:33,OverdueItem2
FN:68,OverdueInvoicesWidget2
FN:117,(anonymous_4)
FNF:5
FNH:5
FNDA:4,formatCurrency
FNDA:4,getDaysOverdue
FNDA:4,OverdueItem2
FNDA:14,OverdueInvoicesWidget2
FNDA:4,(anonymous_4)
DA:16,4
DA:23,4
DA:24,4
DA:25,4
DA:26,4
DA:33,2
DA:34,4
DA:36,4
DA:68,2
DA:71,14
DA:73,14
DA:74,14
DA:76,14
DA:118,4
LF:14
LH:14
BRDA:73,0,0,14
BRDA:73,0,1,9
BRDA:74,1,0,14
BRDA:74,1,1,9
BRDA:82,2,0,14
BRDA:82,2,1,4
BRDA:88,3,0,14
BRDA:88,3,1,8
BRDA:97,4,0,14
BRDA:97,4,1,1
BRDA:106,5,0,14
BRDA:106,5,1,6
BRDA:106,5,2,5
BRDA:106,5,3,1
BRDA:115,6,0,14
BRDA:115,6,1,6
BRDA:115,6,2,5
BRDA:115,6,3,4
BRDA:120,7,0,4
BRDA:120,7,1,1
BRF:20
BRH:20
end_of_record
TN:
SF:src/features/invoices/components/PaymentDialog.tsx
FN:43,PaymentDialog
FN:55,(anonymous_1)
FN:76,(anonymous_2)
FN:111,(anonymous_3)
FN:127,(anonymous_4)
FN:138,(anonymous_5)
FN:156,(anonymous_6)
FN:174,(anonymous_7)
FNF:8
FNH:6
FNDA:19,PaymentDialog
FNDA:2,(anonymous_1)
FNDA:1,(anonymous_2)
FNDA:2,(anonymous_3)
FNDA:0,(anonymous_4)
FNDA:95,(anonymous_5)
FNDA:0,(anonymous_6)
FNDA:1,(anonymous_7)
DA:35,2
DA:50,19
DA:51,19
DA:52,19
DA:53,19
DA:55,19
DA:56,2
DA:58,2
DA:59,2
DA:60,1
DA:61,1
DA:64,1
DA:65,1
DA:66,1
DA:69,0
DA:76,19
DA:77,1
DA:79,1
DA:80,1
DA:81,1
DA:82,1
DA:84,1
DA:87,19
DA:111,2
DA:127,0
DA:139,95
DA:156,0
DA:174,1
LF:28
LH:25
BRDA:48,0,0,19
BRDA:59,1,0,1
BRDA:59,1,1,1
BRDA:59,2,0,2
BRDA:59,2,1,2
BRDA:64,3,0,1
BRDA:64,3,1,0
BRDA:72,4,0,0
BRDA:72,4,1,0
BRDA:77,5,0,1
BRDA:77,5,1,0
BRDA:164,6,0,19
BRDA:164,6,1,2
BRDA:185,7,0,2
BRDA:185,7,1,17
BRF:15
BRH:11
end_of_record
TN:
SF:src/features/invoices/hooks/useInvoiceMutations.ts
FN:7,useCreateInvoice
FN:10,(anonymous_1)
FN:11,(anonymous_2)
FN:18,useUpdateInvoice
FN:21,(anonymous_4)
FN:23,(anonymous_5)
FN:31,useCancelInvoice
FN:34,(anonymous_7)
FN:35,(anonymous_8)
FN:42,useSendInvoice
FN:45,(anonymous_10)
FN:46,(anonymous_11)
FN:54,useRecordPayment
FN:57,(anonymous_13)
FN:59,(anonymous_14)
FN:68,useSendReminder
FN:71,(anonymous_16)
FN:72,(anonymous_17)
FN:79,useSendLienWarning
FN:82,(anonymous_19)
FN:83,(anonymous_20)
FN:92,useMarkLienFiled
FN:95,(anonymous_22)
FN:97,(anonymous_23)
FN:106,useGenerateInvoiceFromJob
FN:109,(anonymous_25)
FN:110,(anonymous_26)
FNF:27
FNH:10
FNDA:34,useCreateInvoice
FNDA:1,(anonymous_1)
FNDA:1,(anonymous_2)
FNDA:34,useUpdateInvoice
FNDA:0,(anonymous_4)
FNDA:0,(anonymous_5)
FNDA:0,useCancelInvoice
FNDA:0,(anonymous_7)
FNDA:0,(anonymous_8)
FNDA:33,useSendInvoice
FNDA:1,(anonymous_10)
FNDA:1,(anonymous_11)
FNDA:0,useRecordPayment
FNDA:0,(anonymous_13)
FNDA:0,(anonymous_14)
FNDA:33,useSendReminder
FNDA:0,(anonymous_16)
FNDA:0,(anonymous_17)
FNDA:33,useSendLienWarning
FNDA:0,(anonymous_19)
FNDA:0,(anonymous_20)
FNDA:33,useMarkLienFiled
FNDA:0,(anonymous_22)
FNDA:0,(anonymous_23)
FNDA:0,useGenerateInvoiceFromJob
FNDA:0,(anonymous_25)
FNDA:0,(anonymous_26)
DA:8,34
DA:9,34
DA:10,1
DA:12,1
DA:19,34
DA:20,34
DA:22,0
DA:24,0
DA:25,0
DA:32,0
DA:33,0
DA:34,0
DA:36,0
DA:43,33
DA:44,33
DA:45,1
DA:47,1
DA:48,1
DA:55,0
DA:56,0
DA:58,0
DA:60,0
DA:61,0
DA:62,0
DA:69,33
DA:70,33
DA:71,0
DA:73,0
DA:80,33
DA:81,33
DA:82,0
DA:84,0
DA:85,0
DA:86,0
DA:93,33
DA:94,33
DA:96,0
DA:98,0
DA:99,0
DA:100,0
DA:107,0
DA:108,0
DA:109,0
DA:111,0
LF:44
LH:17
BRF:0
BRH:0
end_of_record
TN:
SF:src/features/invoices/hooks/useInvoices.ts
FN:8,(anonymous_0)
FN:9,(anonymous_1)
FN:10,(anonymous_2)
FN:11,(anonymous_3)
FN:12,(anonymous_4)
FN:13,(anonymous_5)
FN:14,(anonymous_6)
FN:18,useInvoices
FN:21,(anonymous_8)
FN:26,useInvoice
FN:29,(anonymous_10)
FN:35,useOverdueInvoices
FN:38,(anonymous_12)
FN:43,useLienDeadlines
FN:46,(anonymous_14)
FN:51,useInvoicesByJob
FN:54,(anonymous_16)
FNF:17
FNH:17
FNDA:35,(anonymous_0)
FNDA:32,(anonymous_1)
FNDA:39,(anonymous_2)
FNDA:38,(anonymous_3)
FNDA:4,(anonymous_4)
FNDA:10,(anonymous_5)
FNDA:10,(anonymous_6)
FNDA:31,useInvoices
FNDA:16,(anonymous_8)
FNDA:36,useInvoice
FNDA:18,(anonymous_10)
FNDA:9,useOverdueInvoices
FNDA:8,(anonymous_12)
FNDA:9,useLienDeadlines
FNDA:8,(anonymous_14)
FNDA:3,useInvoicesByJob
FNDA:1,(anonymous_16)
DA:6,5
DA:8,35
DA:9,32
DA:10,39
DA:11,38
DA:12,4
DA:13,10
DA:14,10
DA:19,31
DA:21,16
DA:27,36
DA:29,18
DA:36,9
DA:38,8
DA:44,9
DA:46,8
DA:52,3
DA:55,1
DA:56,1
LF:19
LH:19
BRF:0
BRH:0
end_of_record
TN:
SF:src/features/jobs/api/jobApi.ts
FN:15,(anonymous_0)
FN:23,(anonymous_1)
FN:29,(anonymous_2)
FN:35,(anonymous_3)
FN:41,(anonymous_4)
FN:47,(anonymous_5)
FN:52,(anonymous_6)
FN:60,(anonymous_7)
FN:68,(anonymous_8)
FN:79,(anonymous_9)
FN:90,(anonymous_10)
FN:98,(anonymous_11)
FN:103,(anonymous_12)
FN:108,(anonymous_13)
FN:113,(anonymous_14)
FNF:15
FNH:15
FNDA:2,(anonymous_0)
FNDA:1,(anonymous_1)
FNDA:1,(anonymous_2)
FNDA:1,(anonymous_3)
FNDA:5,(anonymous_4)
FNDA:1,(anonymous_5)
FNDA:11,(anonymous_6)
FNDA:1,(anonymous_7)
FNDA:1,(anonymous_8)
FNDA:1,(anonymous_9)
FNDA:1,(anonymous_10)
FNDA:1,(anonymous_11)
FNDA:1,(anonymous_12)
FNDA:1,(anonymous_13)
FNDA:1,(anonymous_14)
DA:11,2
DA:13,2
DA:16,2
DA:19,2
DA:24,1
DA:25,1
DA:30,1
DA:31,1
DA:36,1
DA:37,1
DA:42,5
DA:43,5
DA:48,1
DA:53,11
DA:56,1
DA:61,1
DA:64,1
DA:72,1
DA:75,1
DA:83,1
DA:86,1
DA:91,1
DA:94,1
DA:99,1
DA:104,1
DA:109,1
DA:114,1
LF:27
LH:27
BRF:0
BRH:0
end_of_record
TN:
SF:src/features/jobs/components/JobForm.tsx
FN:51,JobForm
FN:73,(anonymous_1)
FN:125,(anonymous_2)
FN:150,(anonymous_3)
FN:178,(anonymous_4)
FN:199,(anonymous_5)
FN:203,(anonymous_6)
FN:226,(anonymous_7)
FN:234,(anonymous_8)
FN:249,(anonymous_9)
FN:257,(anonymous_10)
FN:273,(anonymous_11)
FN:282,(anonymous_12)
FN:299,(anonymous_13)
FN:328,(anonymous_14)
FNF:15
FNH:13
FNDA:26,JobForm
FNDA:4,(anonymous_1)
FNDA:6,(anonymous_2)
FNDA:33,(anonymous_3)
FNDA:72,(anonymous_4)
FNDA:30,(anonymous_5)
FNDA:0,(anonymous_6)
FNDA:30,(anonymous_7)
FNDA:0,(anonymous_8)
FNDA:33,(anonymous_9)
FNDA:2,(anonymous_10)
FNDA:34,(anonymous_11)
FNDA:3,(anonymous_12)
FNDA:30,(anonymous_13)
FNDA:32,(anonymous_14)
DA:28,1
DA:52,26
DA:53,26
DA:54,26
DA:56,26
DA:73,26
DA:74,4
DA:75,4
DA:76,1
DA:88,1
DA:90,3
DA:103,3
DA:105,4
DA:107,0
DA:111,26
DA:113,26
DA:126,6
DA:151,33
DA:179,72
DA:200,30
DA:203,0
DA:227,30
DA:234,0
DA:250,33
DA:258,2
DA:274,34
DA:283,3
DA:300,30
DA:329,32
LF:29
LH:26
BRDA:59,0,0,26
BRDA:59,0,1,21
BRDA:59,0,2,0
BRDA:60,1,0,26
BRDA:60,1,1,26
BRDA:61,2,0,26
BRDA:61,2,1,26
BRDA:62,3,0,26
BRDA:62,3,1,21
BRDA:63,4,0,26
BRDA:63,4,1,21
BRDA:64,5,0,26
BRDA:64,5,1,21
BRDA:65,6,0,26
BRDA:65,6,1,21
BRDA:66,7,0,26
BRDA:66,7,1,21
BRDA:67,8,0,26
BRDA:67,8,1,21
BRDA:68,9,0,26
BRDA:68,9,1,21
BRDA:69,10,0,26
BRDA:69,10,1,21
BRDA:75,11,0,1
BRDA:75,11,1,3
BRDA:75,12,0,4
BRDA:75,12,1,1
BRDA:111,13,0,26
BRDA:111,13,1,26
BRDA:121,14,0,26
BRDA:121,14,1,5
BRDA:136,15,0,6
BRDA:136,15,1,0
BRDA:184,16,0,72
BRDA:184,16,1,23
BRDA:233,17,0,30
BRDA:233,17,1,0
BRDA:234,18,0,0
BRDA:234,18,1,0
BRDA:256,19,0,33
BRDA:256,19,1,22
BRDA:258,20,0,2
BRDA:258,20,1,0
BRDA:281,21,0,34
BRDA:281,21,1,22
BRDA:283,22,0,3
BRDA:283,22,1,0
BRDA:304,23,0,30
BRDA:304,23,1,24
BRDA:346,24,0,26
BRDA:346,24,1,2
BRDA:352,25,0,0
BRDA:352,25,1,26
BRDA:352,26,0,5
BRDA:352,26,1,21
BRF:55
BRH:47
end_of_record
TN:
SF:src/features/jobs/components/JobList.tsx
FN:48,JobList
FN:61,(anonymous_1)
FN:64,(anonymous_2)
FN:70,(anonymous_3)
FN:86,(anonymous_4)
FN:91,(anonymous_5)
FN:108,(anonymous_6)
FN:128,(anonymous_7)
FN:138,(anonymous_8)
FN:151,(anonymous_9)
FN:154,(anonymous_10)
FN:160,(anonymous_11)
FN:171,(anonymous_12)
FN:189,(anonymous_13)
FN:193,(anonymous_14)
FN:198,(anonymous_15)
FN:203,(anonymous_16)
FN:210,(anonymous_17)
FN:218,(anonymous_18)
FN:247,(anonymous_19)
FN:256,(anonymous_20)
FN:257,(anonymous_21)
FN:281,(anonymous_22)
FN:282,(anonymous_23)
FN:303,(anonymous_24)
FN:305,(anonymous_25)
FN:317,(anonymous_26)
FN:319,(anonymous_27)
FN:348,(anonymous_28)
FN:348,(anonymous_29)
FN:356,(anonymous_30)
FN:356,(anonymous_31)
FNF:32
FNH:17
FNDA:21,JobList
FNDA:9,(anonymous_1)
FNDA:0,(anonymous_2)
FNDA:16,(anonymous_3)
FNDA:16,(anonymous_4)
FNDA:16,(anonymous_5)
FNDA:16,(anonymous_6)
FNDA:16,(anonymous_7)
FNDA:16,(anonymous_8)
FNDA:9,(anonymous_9)
FNDA:0,(anonymous_10)
FNDA:16,(anonymous_11)
FNDA:16,(anonymous_12)
FNDA:1,(anonymous_13)
FNDA:0,(anonymous_14)
FNDA:0,(anonymous_15)
FNDA:0,(anonymous_16)
FNDA:0,(anonymous_17)
FNDA:1,(anonymous_18)
FNDA:0,(anonymous_19)
FNDA:0,(anonymous_20)
FNDA:0,(anonymous_21)
FNDA:0,(anonymous_22)
FNDA:0,(anonymous_23)
FNDA:9,(anonymous_24)
FNDA:72,(anonymous_25)
FNDA:16,(anonymous_26)
FNDA:128,(anonymous_27)
FNDA:0,(anonymous_28)
FNDA:0,(anonymous_29)
FNDA:0,(anonymous_30)
FNDA:0,(anonymous_31)
DA:49,21
DA:50,21
DA:56,21
DA:58,21
DA:62,9
DA:64,0
DA:71,16
DA:72,16
DA:86,16
DA:92,16
DA:109,16
DA:110,16
DA:116,16
DA:129,16
DA:139,16
DA:152,9
DA:154,0
DA:161,16
DA:162,16
DA:172,16
DA:173,16
DA:189,1
DA:193,0
DA:198,0
DA:203,0
DA:210,0
DA:218,1
DA:231,21
DA:242,21
DA:243,11
DA:246,10
DA:247,1
DA:250,9
DA:257,0
DA:282,0
DA:304,9
DA:306,72
DA:318,16
DA:320,128
DA:348,0
DA:356,0
LF:41
LH:31
BRDA:94,0,0,8
BRDA:94,0,1,8
BRDA:99,1,0,8
BRDA:99,1,1,8
BRDA:110,2,0,16
BRDA:110,2,1,0
BRDA:142,3,0,0
BRDA:142,3,1,16
BRDA:188,4,0,16
BRDA:188,4,1,2
BRDA:192,5,0,16
BRDA:192,5,1,0
BRDA:192,5,2,0
BRDA:197,6,0,16
BRDA:197,6,1,0
BRDA:197,6,2,0
BRDA:202,7,0,16
BRDA:202,7,1,0
BRDA:202,7,2,0
BRDA:208,8,0,16
BRDA:208,8,1,0
BRDA:208,8,2,0
BRDA:216,9,0,16
BRDA:216,9,1,2
BRDA:232,10,0,21
BRDA:232,10,1,12
BRDA:242,11,0,11
BRDA:242,11,1,10
BRDA:246,12,0,1
BRDA:246,12,1,9
BRDA:255,13,0,9
BRDA:255,13,1,9
BRDA:259,14,0,0
BRDA:259,14,1,0
BRDA:280,15,0,21
BRDA:280,15,1,9
BRDA:284,16,0,0
BRDA:284,16,1,0
BRDA:307,17,0,0
BRDA:307,17,1,72
BRDA:316,18,0,8
BRDA:316,18,1,1
BRDA:338,19,0,21
BRDA:338,19,1,9
BRDA:338,19,2,0
BRF:45
BRH:29
end_of_record
TN:
SF:src/features/jobs/components/JobStatusBadge.tsx
FN:22,JobStatusBadge2
FN:71,getNextStatuses
FN:75,canTransitionTo
FNF:3
FNH:3
FNDA:35,JobStatusBadge2
FNDA:7,getNextStatuses
FNDA:13,canTransitionTo
DA:12,2
DA:22,2
DA:27,35
DA:30,35
DA:43,35
DA:44,3
DA:57,32
DA:61,2
DA:72,7
DA:79,13
LF:10
LH:10
BRDA:25,0,0,35
BRDA:43,1,0,3
BRDA:43,1,1,32
BRDA:72,2,0,7
BRDA:72,2,1,0
BRDA:79,3,0,13
BRDA:79,3,1,8
BRF:7
BRH:6
end_of_record
TN:
SF:src/features/jobs/components/SearchableCustomerDropdown.tsx
FN:20,SearchableCustomerDropdown
FN:33,(anonymous_1)
FN:40,(anonymous_2)
FN:59,(anonymous_3)
FN:68,(anonymous_4)
FN:76,(anonymous_5)
FN:85,(anonymous_6)
FN:86,(anonymous_7)
FN:119,(anonymous_8)
FN:137,(anonymous_9)
FN:140,(anonymous_10)
FNF:11
FNH:11
FNDA:85,SearchableCustomerDropdown
FNDA:21,(anonymous_1)
FNDA:8,(anonymous_2)
FNDA:42,(anonymous_3)
FNDA:8,(anonymous_4)
FNDA:5,(anonymous_5)
FNDA:57,(anonymous_6)
FNDA:57,(anonymous_7)
FNDA:42,(anonymous_8)
FNDA:16,(anonymous_9)
FNDA:5,(anonymous_10)
DA:25,85
DA:26,85
DA:27,85
DA:28,85
DA:29,85
DA:30,85
DA:33,85
DA:34,21
DA:35,3
DA:40,85
DA:41,8
DA:42,0
DA:43,0
DA:46,8
DA:47,8
DA:48,8
DA:49,8
DA:51,0
DA:52,0
DA:54,8
DA:59,85
DA:60,42
DA:63,42
DA:64,33
DA:68,42
DA:69,8
DA:72,42
DA:76,85
DA:77,5
DA:78,5
DA:79,5
DA:80,5
DA:81,5
DA:85,85
DA:86,57
DA:87,57
DA:88,42
DA:93,85
DA:119,42
DA:138,16
DA:140,5
LF:41
LH:37
BRDA:23,0,0,85
BRDA:34,1,0,3
BRDA:34,1,1,18
BRDA:34,2,0,21
BRDA:34,2,1,4
BRDA:41,3,0,0
BRDA:41,3,1,8
BRDA:63,4,0,33
BRDA:63,4,1,9
BRDA:87,5,0,42
BRDA:87,5,1,15
BRDA:104,6,0,6
BRDA:104,6,1,79
BRDA:124,7,0,85
BRDA:124,7,1,0
BRDA:127,8,0,85
BRDA:127,8,1,77
BRDA:127,8,2,42
BRDA:127,8,3,42
BRDA:132,9,0,85
BRDA:132,9,1,77
BRDA:132,9,2,35
BRDA:143,10,0,16
BRDA:143,10,1,0
BRDA:150,11,0,0
BRDA:150,11,1,16
BRDA:159,12,0,16
BRDA:159,12,1,16
BRF:28
BRH:24
end_of_record
TN:
SF:src/features/jobs/hooks/useJobMutations.ts
FN:7,useCreateJob
FN:11,(anonymous_1)
FN:12,(anonymous_2)
FN:22,useUpdateJob
FN:26,(anonymous_4)
FN:28,(anonymous_5)
FN:40,useUpdateJobStatus
FN:44,(anonymous_7)
FN:46,(anonymous_8)
FN:62,useDeleteJob
FN:66,(anonymous_10)
FN:67,(anonymous_11)
FN:79,useApproveJob
FN:83,(anonymous_13)
FN:84,(anonymous_14)
FN:93,useCancelJob
FN:97,(anonymous_16)
FN:99,(anonymous_17)
FN:109,useCompleteJob
FN:113,(anonymous_19)
FN:115,(anonymous_20)
FN:123,useCloseJob
FN:127,(anonymous_22)
FN:129,(anonymous_23)
FNF:24
FNH:24
FNDA:28,useCreateJob
FNDA:5,(anonymous_1)
FNDA:4,(anonymous_2)
FNDA:27,useUpdateJob
FNDA:2,(anonymous_4)
FNDA:2,(anonymous_5)
FNDA:1,useUpdateJobStatus
FNDA:1,(anonymous_7)
FNDA:1,(anonymous_8)
FNDA:1,useDeleteJob
FNDA:1,(anonymous_10)
FNDA:1,(anonymous_11)
FNDA:1,useApproveJob
FNDA:1,(anonymous_13)
FNDA:1,(anonymous_14)
FNDA:2,useCancelJob
FNDA:2,(anonymous_16)
FNDA:2,(anonymous_17)
FNDA:2,useCompleteJob
FNDA:2,(anonymous_19)
FNDA:2,(anonymous_20)
FNDA:2,useCloseJob
FNDA:2,(anonymous_22)
FNDA:2,(anonymous_23)
DA:8,28
DA:10,28
DA:11,5
DA:14,4
DA:15,4
DA:16,4
DA:23,27
DA:25,27
DA:27,2
DA:30,2
DA:32,2
DA:33,2
DA:34,2
DA:41,1
DA:43,1
DA:45,1
DA:48,1
DA:50,1
DA:51,1
DA:52,1
DA:54,1
DA:63,1
DA:65,1
DA:66,1
DA:69,1
DA:71,1
DA:72,1
DA:73,1
DA:80,1
DA:82,1
DA:83,1
DA:85,1
DA:86,1
DA:87,1
DA:94,2
DA:96,2
DA:98,2
DA:100,2
DA:101,2
DA:102,2
DA:103,2
DA:110,2
DA:112,2
DA:114,2
DA:116,2
DA:117,2
DA:124,2
DA:126,2
DA:128,2
DA:130,2
DA:131,2
LF:51
LH:51
BRF:0
BRH:0
end_of_record
TN:
SF:src/features/jobs/hooks/useJobs.ts
FN:8,(anonymous_0)
FN:9,(anonymous_1)
FN:10,(anonymous_2)
FN:11,(anonymous_3)
FN:12,(anonymous_4)
FN:13,(anonymous_5)
FN:15,(anonymous_6)
FN:16,(anonymous_7)
FN:17,(anonymous_8)
FN:21,useJobs
FN:24,(anonymous_10)
FN:29,useJob
FN:32,(anonymous_12)
FN:38,useJobsByStatus
FN:44,(anonymous_14)
FN:49,useJobsByCustomer
FN:55,(anonymous_16)
FN:61,useJobsReadyToSchedule
FN:64,(anonymous_18)
FN:69,useJobsRequiresEstimate
FN:72,(anonymous_20)
FN:77,useJobSearch
FN:80,(anonymous_22)
FNF:23
FNH:23
FNDA:44,(anonymous_0)
FNDA:28,(anonymous_1)
FNDA:16,(anonymous_2)
FNDA:15,(anonymous_3)
FNDA:6,(anonymous_4)
FNDA:4,(anonymous_5)
FNDA:34,(anonymous_6)
FNDA:13,(anonymous_7)
FNDA:4,(anonymous_8)
FNDA:27,useJobs
FNDA:14,(anonymous_10)
FNDA:3,useJob
FNDA:1,(anonymous_12)
FNDA:4,useJobsByStatus
FNDA:2,(anonymous_14)
FNDA:3,useJobsByCustomer
FNDA:1,(anonymous_16)
FNDA:22,useJobsReadyToSchedule
FNDA:11,(anonymous_18)
FNDA:2,useJobsRequiresEstimate
FNDA:1,(anonymous_20)
FNDA:3,useJobSearch
FNDA:1,(anonymous_22)
DA:6,5
DA:8,44
DA:9,28
DA:10,16
DA:11,15
DA:12,6
DA:14,4
DA:15,34
DA:16,13
DA:17,4
DA:22,27
DA:24,14
DA:30,3
DA:32,1
DA:42,4
DA:44,2
DA:53,3
DA:55,1
DA:62,22
DA:64,11
DA:70,2
DA:72,1
DA:78,3
DA:80,1
LF:24
LH:24
BRF:0
BRH:0
end_of_record
TN:
SF:src/features/schedule/api/appointmentApi.ts
FN:24,(anonymous_0)
FN:37,(anonymous_1)
FN:45,(anonymous_2)
FN:53,(anonymous_3)
FN:61,(anonymous_4)
FN:68,(anonymous_5)
FN:78,(anonymous_6)
FN:91,(anonymous_7)
FN:109,(anonymous_8)
FN:116,(anonymous_9)
FN:123,(anonymous_10)
FN:130,(anonymous_11)
FNF:12
FNH:12
FNDA:2,(anonymous_0)
FNDA:1,(anonymous_1)
FNDA:1,(anonymous_2)
FNDA:5,(anonymous_3)
FNDA:1,(anonymous_4)
FNDA:13,(anonymous_5)
FNDA:1,(anonymous_6)
FNDA:2,(anonymous_7)
FNDA:1,(anonymous_8)
FNDA:1,(anonymous_9)
FNDA:1,(anonymous_10)
FNDA:1,(anonymous_11)
DA:18,2
DA:20,2
DA:27,2
DA:31,2
DA:38,1
DA:39,1
DA:46,1
DA:47,1
DA:54,5
DA:55,5
DA:62,1
DA:69,13
DA:72,1
DA:82,1
DA:85,1
DA:95,2
DA:96,2
DA:97,2
DA:99,2
DA:103,2
DA:110,1
DA:117,1
DA:124,1
DA:131,1
LF:24
LH:24
BRDA:96,0,0,1
BRDA:96,0,1,1
BRDA:97,1,0,1
BRDA:97,1,1,1
BRF:4
BRH:4
end_of_record
TN:
SF:src/features/schedule/api/scheduleGenerationApi.ts
FN:35,(anonymous_0)
FN:48,(anonymous_1)
FN:61,(anonymous_2)
FN:71,(anonymous_3)
FN:81,(anonymous_4)
FN:94,(anonymous_5)
FN:107,(anonymous_6)
FN:120,(anonymous_7)
FN:140,(anonymous_8)
FN:151,(anonymous_9)
FN:164,(anonymous_10)
FN:177,(anonymous_11)
FN:188,(anonymous_12)
FNF:13
FNH:13
FNDA:1,(anonymous_0)
FNDA:1,(anonymous_1)
FNDA:1,(anonymous_2)
FNDA:1,(anonymous_3)
FNDA:1,(anonymous_4)
FNDA:1,(anonymous_5)
FNDA:1,(anonymous_6)
FNDA:2,(anonymous_7)
FNDA:1,(anonymous_8)
FNDA:1,(anonymous_9)
FNDA:1,(anonymous_10)
FNDA:14,(anonymous_11)
FNDA:1,(anonymous_12)
DA:29,2
DA:31,2
DA:38,1
DA:42,1
DA:51,1
DA:55,1
DA:62,1
DA:65,1
DA:72,1
DA:75,1
DA:84,1
DA:88,1
DA:97,1
DA:101,1
DA:110,1
DA:114,1
DA:124,2
DA:133,2
DA:141,1
DA:145,1
DA:154,1
DA:158,1
DA:167,1
DA:171,1
DA:178,14
DA:182,2
DA:189,1
DA:192,1
LF:28
LH:28
BRDA:177,0,0,14
BRF:1
BRH:1
end_of_record
TN:
SF:src/features/schedule/components/AppointmentForm.tsx
FN:42,(anonymous_0)
FN:65,AppointmentForm
FN:95,(anonymous_2)
FN:144,(anonymous_3)
FN:161,(anonymous_4)
FN:177,(anonymous_5)
FN:194,(anonymous_6)
FN:210,(anonymous_7)
FN:226,(anonymous_8)
FN:240,(anonymous_9)
FN:256,(anonymous_10)
FNF:11
FNH:8
FNDA:3,(anonymous_0)
FNDA:20,AppointmentForm
FNDA:0,(anonymous_2)
FNDA:20,(anonymous_3)
FNDA:0,(anonymous_4)
FNDA:20,(anonymous_5)
FNDA:0,(anonymous_6)
FNDA:24,(anonymous_7)
FNDA:20,(anonymous_8)
FNDA:20,(anonymous_9)
FNDA:42,(anonymous_10)
DA:34,1
DA:43,3
DA:44,3
DA:46,0
DA:73,20
DA:74,20
DA:77,20
DA:78,20
DA:80,20
DA:82,20
DA:95,20
DA:96,0
DA:97,0
DA:98,0
DA:105,0
DA:110,0
DA:118,0
DA:120,0
DA:122,0
DA:126,20
DA:127,20
DA:130,20
DA:131,20
DA:133,20
DA:145,20
DA:162,0
DA:178,20
DA:195,0
DA:211,24
DA:227,20
DA:241,20
DA:257,42
LF:32
LH:21
BRDA:43,0,0,3
BRDA:43,0,1,0
BRDA:43,1,0,3
BRDA:43,1,1,3
BRDA:85,2,0,20
BRDA:85,2,1,16
BRDA:85,2,2,16
BRDA:86,3,0,20
BRDA:86,3,1,16
BRDA:86,3,2,16
BRDA:87,4,0,20
BRDA:87,4,1,16
BRDA:88,5,0,2
BRDA:88,5,1,14
BRDA:89,6,0,20
BRDA:89,6,1,16
BRDA:90,7,0,20
BRDA:90,7,1,16
BRDA:91,8,0,20
BRDA:91,8,1,16
BRDA:97,9,0,0
BRDA:97,9,1,0
BRDA:103,10,0,0
BRDA:103,10,1,0
BRDA:116,11,0,0
BRDA:116,11,1,0
BRDA:126,12,0,20
BRDA:126,12,1,20
BRDA:127,13,0,20
BRDA:127,13,1,0
BRDA:130,14,0,20
BRDA:130,14,1,20
BRDA:131,15,0,20
BRDA:131,15,1,20
BRDA:150,16,0,20
BRDA:150,16,1,16
BRDA:154,17,0,20
BRDA:154,17,1,0
BRDA:158,18,0,20
BRDA:158,18,1,20
BRDA:158,18,2,0
BRDA:163,19,0,0
BRDA:163,19,1,0
BRDA:187,20,0,20
BRDA:187,20,1,0
BRDA:191,21,0,20
BRDA:191,21,1,20
BRDA:191,21,2,0
BRDA:273,22,0,20
BRDA:273,22,1,2
BRDA:279,23,0,0
BRDA:279,23,1,20
BRDA:281,24,0,4
BRDA:281,24,1,16
BRF:54
BRH:39
end_of_record
TN:
SF:src/features/schedule/components/ClearDayButton.tsx
FN:14,ClearDayButton
FNF:1
FNH:1
FNDA:29,ClearDayButton
DA:15,29
LF:1
LH:1
BRF:0
BRH:0
end_of_record
TN:
SF:src/features/schedule/components/ClearDayDialog.tsx
FN:36,ClearDayDialog
FN:81,(anonymous_1)
FN:124,(anonymous_2)
FNF:3
FNH:3
FNDA:39,ClearDayDialog
FNDA:47,(anonymous_1)
FNDA:1,(anonymous_2)
DA:34,2
DA:45,39
DA:46,39
DA:47,39
DA:49,39
DA:82,47
DA:124,1
LF:7
LH:7
BRDA:43,0,0,39
BRDA:69,1,0,38
BRDA:69,1,1,1
BRDA:75,2,0,39
BRDA:75,2,1,15
BRDA:90,3,0,15
BRDA:90,3,1,1
BRDA:136,4,0,1
BRDA:136,4,1,38
BRF:9
BRH:9
end_of_record
TN:
SF:src/features/schedule/components/ClearResultsButton.tsx
FN:13,ClearResultsButton
FNF:1
FNH:1
FNDA:4,ClearResultsButton
DA:14,4
LF:1
LH:1
BRF:0
BRH:0
end_of_record
TN:
SF:src/features/schedule/components/JobSelectionControls.tsx
FN:13,JobSelectionControls
FN:19,(anonymous_1)
FNF:2
FNH:2
FNDA:7,JobSelectionControls
FNDA:18,(anonymous_1)
DA:19,18
DA:20,7
DA:22,7
DA:23,1
DA:26,6
LF:5
LH:5
BRDA:22,0,0,1
BRDA:22,0,1,6
BRF:2
BRH:2
end_of_record
TN:
SF:src/features/schedule/components/JobsReadyToSchedulePreview.tsx
FN:21,JobsReadyToSchedulePreview
FN:35,(anonymous_1)
FN:36,(anonymous_2)
FN:40,(anonymous_3)
FN:41,(anonymous_4)
FN:45,(anonymous_5)
FN:46,(anonymous_6)
FN:51,(anonymous_7)
FN:52,(anonymous_8)
FN:60,(anonymous_9)
FN:61,(anonymous_10)
FN:126,(anonymous_11)
FN:138,(anonymous_12)
FN:150,(anonymous_13)
FN:165,(anonymous_14)
FN:174,(anonymous_15)
FN:186,(anonymous_16)
FNF:17
FNH:16
FNDA:11,JobsReadyToSchedulePreview
FNDA:8,(anonymous_1)
FNDA:15,(anonymous_2)
FNDA:8,(anonymous_3)
FNDA:15,(anonymous_4)
FNDA:8,(anonymous_5)
FNDA:15,(anonymous_6)
FNDA:8,(anonymous_7)
FNDA:15,(anonymous_8)
FNDA:24,(anonymous_9)
FNDA:24,(anonymous_10)
FNDA:24,(anonymous_11)
FNDA:16,(anonymous_12)
FNDA:16,(anonymous_13)
FNDA:0,(anonymous_14)
FNDA:24,(anonymous_15)
FNDA:3,(anonymous_16)
DA:30,11
DA:31,11
DA:32,11
DA:35,11
DA:36,15
DA:37,8
DA:40,11
DA:41,15
DA:42,8
DA:45,11
DA:46,15
DA:47,8
DA:51,11
DA:52,8
DA:53,15
DA:54,15
DA:55,15
DA:56,15
DA:60,24
DA:61,24
DA:63,11
DA:64,1
DA:79,10
DA:80,1
DA:97,9
DA:98,1
DA:115,8
DA:127,24
DA:139,16
DA:151,16
DA:165,0
DA:175,24
DA:176,24
DA:186,3
LF:34
LH:33
BRDA:53,0,0,0
BRDA:53,0,1,15
BRDA:53,1,0,15
BRDA:53,1,1,0
BRDA:54,2,0,0
BRDA:54,2,1,15
BRDA:54,3,0,15
BRDA:54,3,1,0
BRDA:55,4,0,0
BRDA:55,4,1,15
BRDA:55,5,0,15
BRDA:55,5,1,0
BRDA:63,6,0,1
BRDA:63,6,1,10
BRDA:79,7,0,1
BRDA:79,7,1,9
BRDA:97,8,0,1
BRDA:97,8,1,8
BRDA:161,9,0,8
BRDA:161,9,1,4
BRDA:163,10,0,11
BRDA:163,10,1,0
BRDA:163,10,2,0
BRDA:181,11,0,4
BRDA:181,11,1,20
BRDA:191,12,0,4
BRDA:191,12,1,20
BRDA:195,13,0,16
BRDA:195,13,1,8
BRDA:200,14,0,24
BRDA:200,14,1,24
BRDA:202,15,0,24
BRDA:202,15,1,24
BRF:33
BRH:25
end_of_record
TN:
SF:src/features/schedule/components/RecentlyClearedSection.tsx
FN:29,RecentlyClearedSection
FN:34,(anonymous_1)
FN:95,(anonymous_2)
FN:114,RecentClearItem
FN:143,(anonymous_4)
FNF:5
FNH:5
FNDA:39,RecentlyClearedSection
FNDA:20,(anonymous_1)
FNDA:11,(anonymous_2)
FNDA:11,RecentClearItem
FNDA:1,(anonymous_4)
DA:32,39
DA:34,20
DA:38,39
DA:39,32
DA:57,7
DA:58,0
DA:75,7
DA:77,39
DA:96,11
DA:115,11
DA:116,11
DA:120,11
DA:143,1
LF:13
LH:12
BRDA:38,0,0,32
BRDA:38,0,1,7
BRDA:57,1,0,0
BRDA:57,1,1,7
BRDA:75,2,0,7
BRDA:75,2,1,7
BRDA:86,3,0,1
BRDA:86,3,1,6
BRDA:132,4,0,10
BRDA:132,4,1,1
BRF:10
BRH:9
end_of_record
TN:
SF:src/features/schedule/components/SchedulePage.tsx
FN:34,SchedulePage
FN:52,(anonymous_1)
FN:54,(anonymous_2)
FN:63,(anonymous_3)
FN:65,(anonymous_4)
FN:76,(anonymous_5)
FN:83,(anonymous_6)
FN:88,(anonymous_7)
FN:92,(anonymous_8)
FN:97,(anonymous_9)
FN:101,(anonymous_10)
FN:107,(anonymous_11)
FN:114,(anonymous_12)
FN:135,(anonymous_13)
FN:149,(anonymous_14)
FN:168,(anonymous_15)
FN:192,(anonymous_16)
FN:203,(anonymous_17)
FNF:18
FNH:10
FNDA:24,SchedulePage
FNDA:12,(anonymous_1)
FNDA:0,(anonymous_2)
FNDA:0,(anonymous_3)
FNDA:0,(anonymous_4)
FNDA:0,(anonymous_5)
FNDA:1,(anonymous_6)
FNDA:2,(anonymous_7)
FNDA:1,(anonymous_8)
FNDA:1,(anonymous_9)
FNDA:0,(anonymous_10)
FNDA:0,(anonymous_11)
FNDA:0,(anonymous_12)
FNDA:2,(anonymous_13)
FNDA:3,(anonymous_14)
FNDA:1,(anonymous_15)
FNDA:1,(anonymous_16)
FNDA:0,(anonymous_17)
DA:35,24
DA:36,24
DA:37,24
DA:40,24
DA:41,24
DA:42,24
DA:44,24
DA:47,24
DA:48,24
DA:51,24
DA:52,24
DA:53,12
DA:54,0
DA:62,24
DA:64,0
DA:67,0
DA:69,0
DA:71,0
DA:74,0
DA:77,0
DA:83,24
DA:84,1
DA:85,1
DA:88,24
DA:89,2
DA:92,24
DA:93,1
DA:94,1
DA:97,24
DA:98,1
DA:101,24
DA:103,0
DA:104,0
DA:107,24
DA:108,0
DA:114,24
DA:116,0
DA:117,0
DA:122,24
DA:135,2
DA:149,3
DA:168,1
DA:193,1
DA:194,1
DA:203,0
LF:45
LH:32
BRDA:51,0,0,24
BRDA:51,0,1,24
BRDA:53,1,0,12
BRDA:53,1,1,0
BRDA:56,2,0,0
BRDA:56,2,1,0
BRDA:57,3,0,0
BRDA:57,3,1,0
BRDA:78,4,0,0
BRDA:78,4,1,0
BRDA:161,5,0,21
BRDA:161,5,1,3
BRDA:181,6,0,1
BRDA:181,6,1,23
BRDA:190,7,0,24
BRDA:190,7,1,23
BRDA:212,8,0,24
BRDA:212,8,1,3
BRF:18
BRH:11
end_of_record
TN:
SF:src/features/schedule/hooks/useAppointmentMutations.ts
FN:13,useCreateAppointment
FN:17,(anonymous_1)
FN:18,(anonymous_2)
FN:28,useUpdateAppointment
FN:32,(anonymous_4)
FN:34,(anonymous_5)
FN:57,useCancelAppointment
FN:61,(anonymous_7)
FN:62,(anonymous_8)
FN:83,useConfirmAppointment
FN:87,(anonymous_10)
FN:88,(anonymous_11)
FN:104,useMarkAppointmentArrived
FN:108,(anonymous_13)
FN:109,(anonymous_14)
FN:122,useMarkAppointmentCompleted
FN:126,(anonymous_16)
FN:127,(anonymous_17)
FN:140,useMarkAppointmentNoShow
FN:144,(anonymous_19)
FN:145,(anonymous_20)
FNF:21
FNH:21
FNDA:27,useCreateAppointment
FNDA:3,(anonymous_1)
FNDA:2,(anonymous_2)
FNDA:24,useUpdateAppointment
FNDA:2,(anonymous_4)
FNDA:1,(anonymous_5)
FNDA:4,useCancelAppointment
FNDA:2,(anonymous_7)
FNDA:1,(anonymous_8)
FNDA:4,useConfirmAppointment
FNDA:2,(anonymous_10)
FNDA:1,(anonymous_11)
FNDA:4,useMarkAppointmentArrived
FNDA:2,(anonymous_13)
FNDA:1,(anonymous_14)
FNDA:4,useMarkAppointmentCompleted
FNDA:2,(anonymous_16)
FNDA:1,(anonymous_17)
FNDA:4,useMarkAppointmentNoShow
FNDA:2,(anonymous_19)
FNDA:1,(anonymous_20)
DA:14,27
DA:16,27
DA:17,3
DA:20,2
DA:29,24
DA:31,24
DA:33,2
DA:36,1
DA:39,1
DA:41,1
DA:44,1
DA:47,1
DA:58,4
DA:60,4
DA:61,2
DA:64,1
DA:65,1
DA:67,1
DA:70,1
DA:73,1
DA:84,4
DA:86,4
DA:87,2
DA:89,1
DA:90,1
DA:91,1
DA:94,1
DA:105,4
DA:107,4
DA:108,2
DA:110,1
DA:111,1
DA:112,1
DA:123,4
DA:125,4
DA:126,2
DA:128,1
DA:129,1
DA:130,1
DA:141,4
DA:143,4
DA:144,2
DA:146,1
DA:147,1
DA:148,1
LF:45
LH:45
BRF:0
BRH:0
end_of_record
TN:
SF:src/features/schedule/hooks/useAppointments.ts
FN:12,(anonymous_0)
FN:13,(anonymous_1)
FN:15,(anonymous_2)
FN:16,(anonymous_3)
FN:17,(anonymous_4)
FN:18,(anonymous_5)
FN:20,(anonymous_6)
FN:27,useAppointments
FN:30,(anonymous_8)
FN:37,useAppointment
FN:40,(anonymous_10)
FN:48,useDailySchedule
FN:51,(anonymous_12)
FN:59,useStaffDailySchedule
FN:65,(anonymous_14)
FN:73,useWeeklySchedule
FN:76,(anonymous_16)
FN:83,useJobAppointments
FN:86,(anonymous_18)
FN:94,useStaffAppointments
FN:97,(anonymous_20)
FNF:21
FNH:21
FNDA:20,(anonymous_0)
FNDA:13,(anonymous_1)
FNDA:11,(anonymous_2)
FNDA:10,(anonymous_3)
FNDA:28,(anonymous_4)
FNDA:5,(anonymous_5)
FNDA:5,(anonymous_6)
FNDA:6,useAppointments
FNDA:3,(anonymous_8)
FNDA:3,useAppointment
FNDA:1,(anonymous_10)
FNDA:27,useDailySchedule
FNDA:13,(anonymous_12)
FNDA:4,useStaffDailySchedule
FNDA:1,(anonymous_14)
FNDA:4,useWeeklySchedule
FNDA:2,(anonymous_16)
FNDA:3,useJobAppointments
FNDA:1,(anonymous_18)
FNDA:3,useStaffAppointments
FNDA:1,(anonymous_20)
DA:10,4
DA:12,20
DA:14,13
DA:15,11
DA:16,10
DA:17,28
DA:19,5
DA:21,5
DA:28,6
DA:30,3
DA:38,3
DA:40,1
DA:49,27
DA:51,13
DA:63,4
DA:65,1
DA:74,4
DA:76,2
DA:84,3
DA:86,1
DA:95,3
DA:97,1
LF:22
LH:22
BRDA:39,0,0,3
BRDA:39,0,1,1
BRDA:50,1,0,27
BRDA:50,1,1,1
BRDA:64,2,0,4
BRDA:64,2,1,1
BRDA:64,3,0,4
BRDA:64,3,1,1
BRDA:66,4,0,4
BRDA:66,4,1,3
BRF:10
BRH:10
end_of_record
TN:
SF:src/features/schedule/utils/staffColors.ts
FN:22,getStaffColor
FN:29,getColoredStaffNames
FNF:2
FNH:2
FNDA:7,getStaffColor
FNDA:2,getColoredStaffNames
DA:6,1
DA:15,1
DA:16,1
DA:23,7
DA:30,2
LF:5
LH:5
BRDA:23,0,0,7
BRDA:23,0,1,2
BRF:2
BRH:2
end_of_record
TN:
SF:src/features/staff/api/staffApi.ts
FN:21,(anonymous_0)
FN:31,(anonymous_1)
FN:39,(anonymous_2)
FN:47,(anonymous_3)
FN:55,(anonymous_4)
FN:62,(anonymous_5)
FN:76,(anonymous_6)
FNF:7
FNH:7
FNDA:12,(anonymous_0)
FNDA:1,(anonymous_1)
FNDA:1,(anonymous_2)
FNDA:1,(anonymous_3)
FNDA:1,(anonymous_4)
FNDA:1,(anonymous_5)
FNDA:1,(anonymous_6)
DA:15,2
DA:17,2
DA:22,12
DA:25,2
DA:32,1
DA:33,1
DA:40,1
DA:41,1
DA:48,1
DA:49,1
DA:56,1
DA:66,1
DA:70,1
DA:77,1
DA:80,1
LF:15
LH:15
BRF:0
BRH:0
end_of_record
TN:
SF:src/features/staff/hooks/useStaff.ts
FN:14,(anonymous_0)
FN:15,(anonymous_1)
FN:16,(anonymous_2)
FN:17,(anonymous_3)
FN:18,(anonymous_4)
FN:24,useStaff
FN:27,(anonymous_6)
FN:34,useStaffMember
FN:37,(anonymous_8)
FN:45,useAvailableStaff
FNF:10
FNH:10
FNDA:30,(anonymous_0)
FNDA:25,(anonymous_1)
FNDA:7,(anonymous_2)
FNDA:6,(anonymous_3)
FNDA:7,(anonymous_4)
FNDA:24,useStaff
FNDA:12,(anonymous_6)
FNDA:3,useStaffMember
FNDA:1,(anonymous_8)
FNDA:2,useAvailableStaff
DA:12,3
DA:14,30
DA:15,25
DA:16,7
DA:17,6
DA:18,7
DA:25,24
DA:27,12
DA:35,3
DA:37,1
DA:46,2
LF:11
LH:11
BRDA:36,0,0,3
BRDA:36,0,1,1
BRF:2
BRH:2
end_of_record
TN:
SF:src/features/staff/hooks/useStaffMutations.ts
FN:13,useCreateStaff
FN:17,(anonymous_1)
FN:18,(anonymous_2)
FN:28,useUpdateStaff
FN:32,(anonymous_4)
FN:34,(anonymous_5)
FN:45,useDeleteStaff
FN:49,(anonymous_7)
FN:50,(anonymous_8)
FN:60,useUpdateStaffAvailability
FN:64,(anonymous_10)
FN:66,(anonymous_11)
FNF:12
FNH:12
FNDA:2,useCreateStaff
FNDA:1,(anonymous_1)
FNDA:1,(anonymous_2)
FNDA:2,useUpdateStaff
FNDA:1,(anonymous_4)
FNDA:1,(anonymous_5)
FNDA:2,useDeleteStaff
FNDA:1,(anonymous_7)
FNDA:1,(anonymous_8)
FNDA:2,useUpdateStaffAvailability
FNDA:1,(anonymous_10)
FNDA:1,(anonymous_11)
DA:14,2
DA:16,2
DA:17,1
DA:19,1
DA:20,1
DA:29,2
DA:31,2
DA:33,1
DA:35,1
DA:36,1
DA:37,1
DA:46,2
DA:48,2
DA:49,1
DA:51,1
DA:52,1
DA:61,2
DA:63,2
DA:65,1
DA:67,1
DA:68,1
DA:69,1
LF:22
LH:22
BRF:0
BRH:0
end_of_record
TN:
SF:src/lib/utils.ts
FN:4,cn
FNF:1
FNH:1
FNDA:11404,cn
DA:5,11404
LF:1
LH:1
BRF:0
BRH:0
end_of_record
TN:
SF:src/shared/components/ErrorBoundary.tsx
FN:17,(anonymous_0)
FN:22,(anonymous_1)
FN:26,(anonymous_2)
FN:30,(anonymous_3)
FN:34,(anonymous_4)
FN:83,ErrorMessage
FNF:6
FNH:6
FNDA:20,(anonymous_0)
FNDA:6,(anonymous_1)
FNDA:8,(anonymous_2)
FNDA:1,(anonymous_3)
FNDA:37,(anonymous_4)
FNDA:11,ErrorMessage
DA:18,20
DA:19,20
DA:23,16
DA:27,8
DA:30,1
DA:31,1
DA:35,37
DA:36,16
DA:37,2
DA:40,14
DA:73,21
DA:84,11
DA:86,10
LF:13
LH:13
BRDA:35,0,0,16
BRDA:35,0,1,21
BRDA:36,1,0,2
BRDA:36,1,1,14
BRDA:57,2,0,14
BRDA:57,2,1,14
BRDA:84,3,0,1
BRDA:84,3,1,10
BRDA:97,4,0,10
BRDA:97,4,1,5
BRF:10
BRH:10
end_of_record
TN:
SF:src/shared/components/Layout.tsx
FN:82,Layout
FN:92,(anonymous_1)
FN:115,(anonymous_2)
FN:123,(anonymous_3)
FN:140,(anonymous_4)
FN:162,(anonymous_5)
FNF:6
FNH:6
FNDA:31,Layout
FNDA:1,(anonymous_1)
FNDA:248,(anonymous_2)
FNDA:1984,(anonymous_3)
FNDA:1,(anonymous_4)
FNDA:5,(anonymous_5)
DA:31,6
DA:83,31
DA:84,31
DA:86,31
DA:92,1
DA:118,248
DA:119,248
DA:122,248
DA:124,1984
DA:128,248
DA:129,248
DA:140,1
DA:162,5
LF:13
LH:13
BRDA:89,0,0,31
BRDA:89,0,1,4
BRDA:101,1,0,4
BRDA:101,1,1,27
BRDA:124,2,0,1984
BRDA:124,2,1,1736
BRDA:124,2,2,31
BRDA:128,3,0,248
BRDA:128,3,1,241
BRDA:128,3,2,0
BRDA:136,4,0,7
BRDA:136,4,1,241
BRDA:164,5,0,4
BRDA:164,5,1,27
BRDA:166,6,0,4
BRDA:166,6,1,27
BRF:16
BRH:15
end_of_record
TN:
SF:src/shared/components/LoadingSpinner.tsx
FN:15,LoadingSpinner
FN:28,LoadingPage
FNF:2
FNH:2
FNDA:52,LoadingSpinner
FNDA:43,LoadingPage
DA:9,7
DA:16,52
DA:29,43
LF:3
LH:3
BRDA:15,0,0,52
BRDA:28,1,0,43
BRF:2
BRH:2
end_of_record
TN:
SF:src/shared/components/PageHeader.tsx
FN:9,PageHeader
FNF:1
FNH:1
FNDA:32,PageHeader
DA:10,32
LF:1
LH:1
BRDA:19,0,0,32
BRDA:19,0,1,32
BRDA:25,1,0,32
BRDA:25,1,1,32
BRF:4
BRH:4
end_of_record
TN:
SF:src/shared/components/StatusBadge.tsx
FN:42,StatusBadge2
FNF:1
FNH:1
FNDA:10,StatusBadge2
DA:6,6
DA:17,6
DA:27,6
DA:42,6
DA:44,10
DA:50,10
DA:51,10
DA:53,10
LF:8
LH:8
BRDA:42,0,0,10
BRDA:44,1,0,3
BRDA:44,1,1,7
BRDA:46,2,0,1
BRDA:46,2,1,6
BRDA:50,3,0,10
BRDA:50,3,1,0
BRF:7
BRH:6
end_of_record
TN:
SF:src/shared/components/ui/card.tsx
FN:10,Card
FN:14,CardContent
FN:18,CardHeader
FN:22,CardTitle
FNF:4
FNH:4
FNDA:33,Card
FNDA:33,CardContent
FNDA:33,CardHeader
FNDA:33,CardTitle
DA:11,33
DA:15,33
DA:19,33
DA:23,33
LF:4
LH:4
BRF:0
BRH:0
end_of_record
TN:
SF:src/shared/hooks/useDebounce.ts
FN:9,useDebounce
FN:12,(anonymous_1)
FN:13,(anonymous_2)
FN:17,(anonymous_3)
FNF:4
FNH:4
FNDA:12,useDebounce
FNDA:11,(anonymous_1)
FNDA:1,(anonymous_2)
FNDA:11,(anonymous_3)
DA:10,12
DA:12,12
DA:13,11
DA:14,1
DA:17,11
DA:18,11
DA:22,12
LF:7
LH:7
BRDA:9,0,0,12
BRF:1
BRH:1
end_of_record
